#
# There is insufficient memory for the Java Runtime Environment to continue.
# Native memory allocation (malloc) failed to allocate 65552 bytes for Chunk::new
# Possible reasons:
#   The system is out of physical RAM or swap space
#   The process is running with CompressedOops enabled, and the Java Heap may be blocking the growth of the native heap
# Possible solutions:
#   Reduce memory load on the system
#   Increase physical memory or swap space
#   Check if swap backing store is full
#   Decrease Java heap size (-Xmx/-Xms)
#   Decrease number of Java threads
#   Decrease Java thread stack sizes (-Xss)
#   Set larger code cache with -XX:ReservedCodeCacheSize=
#   JVM is running with Unscaled Compressed Oops mode in which the Java heap is
#     placed in the first 4GB address space. The Java Heap base address is the
#     maximum limit for the native heap growth. Please use -XX:HeapBaseMinAddress
#     to set the Java Heap base and to place the Java Heap above 4GB virtual address.
# This output file may be truncated or incomplete.
#
#  Out of Memory Error (arena.cpp:189), pid=5752, tid=15748
#
# JRE version: OpenJDK Runtime Environment (17.0.6) (build 17.0.6+0-b2043.56-10027231)
# Java VM: OpenJDK 64-Bit Server VM (17.0.6+0-b2043.56-10027231, mixed mode, tiered, compressed oops, compressed class ptrs, g1 gc, windows-amd64)
# No core dump will be written. Minidumps are not enabled by default on client versions of Windows
#

---------------  S U M M A R Y ------------

Command Line: --add-opens=java.base/java.util=ALL-UNNAMED --add-opens=java.base/java.lang=ALL-UNNAMED --add-opens=java.base/java.lang.invoke=ALL-UNNAMED --add-opens=java.prefs/java.util.prefs=ALL-UNNAMED --add-opens=java.base/java.nio.charset=ALL-UNNAMED --add-opens=java.base/java.net=ALL-UNNAMED --add-opens=java.base/java.util.concurrent.atomic=ALL-UNNAMED -Xmx2048m -Dfile.encoding=UTF-8 -Duser.country=US -Duser.language=en -Duser.variant org.gradle.launcher.daemon.bootstrap.GradleDaemon 8.0

Host: AMD Athlon 200GE with Radeon Vega Graphics     , 4 cores, 5G,  Windows 10 , 64 bit Build 19041 (10.0.19041.5072)
Time: Thu Dec 12 21:10:45 2024 Malay Peninsula Standard Time elapsed time: 397.834811 seconds (0d 0h 6m 37s)

---------------  T H R E A D  ---------------

Current thread (0x000001fe28812890):  JavaThread "C2 CompilerThread0" daemon [_thread_in_native, id=15748, stack(0x0000006857d00000,0x0000006857e00000)]


Current CompileTask:
C2: 397834 12688       4       java.net.URL::equals (27 bytes)

Stack: [0x0000006857d00000,0x0000006857e00000]
Native frames: (J=compiled Java code, j=interpreted, Vv=VM code, C=native code)
V  [jvm.dll+0x683c9a]
V  [jvm.dll+0x8427a4]
V  [jvm.dll+0x843f9e]
V  [jvm.dll+0x844603]
V  [jvm.dll+0x249b75]
V  [jvm.dll+0xabcac]
V  [jvm.dll+0xac27c]
V  [jvm.dll+0xabdbb]
V  [jvm.dll+0x660dec]
V  [jvm.dll+0x597067]
V  [jvm.dll+0x5811e0]
V  [jvm.dll+0x5833df]
V  [jvm.dll+0x582f1d]
V  [jvm.dll+0x582e00]
V  [jvm.dll+0x582e00]
V  [jvm.dll+0x582f89]
V  [jvm.dll+0x582f89]
V  [jvm.dll+0x582f89]
V  [jvm.dll+0x58ab1d]
V  [jvm.dll+0x2243b2]
V  [jvm.dll+0x22478f]
V  [jvm.dll+0x21e055]
V  [jvm.dll+0x21b51b]
V  [jvm.dll+0x1a4fdd]
V  [jvm.dll+0x22b098]
V  [jvm.dll+0x229159]
V  [jvm.dll+0x7f81ec]
V  [jvm.dll+0x7f274a]
V  [jvm.dll+0x682ad5]
C  [ucrtbase.dll+0x21bb2]
C  [KERNEL32.DLL+0x17374]
C  [ntdll.dll+0x4cc91]


---------------  P R O C E S S  ---------------

Threads class SMR info:
_java_thread_list=0x000001fe32309770, length=39, elements={
0x000001fe0d2c5a10, 0x000001fe287f8620, 0x000001fe287f9710, 0x000001fe2880ce70,
0x000001fe2880e840, 0x000001fe28811200, 0x000001fe28811bb0, 0x000001fe28812890,
0x000001fe2941db20, 0x000001fe29438ff0, 0x000001fe295a5b70, 0x000001fe295a7050,
0x000001fe2c610750, 0x000001fe2ba67f30, 0x000001fe2ad4bc60, 0x000001fe2c213ad0,
0x000001fe2c213fa0, 0x000001fe2c212790, 0x000001fe2c212c60, 0x000001fe2c214e10,
0x000001fe2c2157b0, 0x000001fe2c215c80, 0x000001fe2c216150, 0x000001fe2cbd3110,
0x000001fe2cbd22a0, 0x000001fe2cbd4450, 0x000001fe2cbd4df0, 0x000001fe29cb1630,
0x000001fe29caeae0, 0x000001fe2cbd0f60, 0x000001fe2cbd5c60, 0x000001fe2cbd2770,
0x000001fe2cbd00f0, 0x000001fe2cbd1900, 0x000001fe2cbd35e0, 0x000001fe2cbd0a90,
0x000001fe2cbd3f80, 0x000001fe2cbd6600, 0x000001fe2cbd2c40
}

Java Threads: ( => current thread )
  0x000001fe0d2c5a10 JavaThread "main" [_thread_blocked, id=7920, stack(0x0000006857000000,0x0000006857100000)]
  0x000001fe287f8620 JavaThread "Reference Handler" daemon [_thread_blocked, id=15924, stack(0x0000006857700000,0x0000006857800000)]
  0x000001fe287f9710 JavaThread "Finalizer" daemon [_thread_blocked, id=372, stack(0x0000006857800000,0x0000006857900000)]
  0x000001fe2880ce70 JavaThread "Signal Dispatcher" daemon [_thread_blocked, id=10372, stack(0x0000006857900000,0x0000006857a00000)]
  0x000001fe2880e840 JavaThread "Attach Listener" daemon [_thread_blocked, id=9800, stack(0x0000006857a00000,0x0000006857b00000)]
  0x000001fe28811200 JavaThread "Service Thread" daemon [_thread_blocked, id=3092, stack(0x0000006857b00000,0x0000006857c00000)]
  0x000001fe28811bb0 JavaThread "Monitor Deflation Thread" daemon [_thread_blocked, id=10752, stack(0x0000006857c00000,0x0000006857d00000)]
=>0x000001fe28812890 JavaThread "C2 CompilerThread0" daemon [_thread_in_native, id=15748, stack(0x0000006857d00000,0x0000006857e00000)]
  0x000001fe2941db20 JavaThread "C1 CompilerThread0" daemon [_thread_blocked, id=17184, stack(0x0000006857e00000,0x0000006857f00000)]
  0x000001fe29438ff0 JavaThread "Sweeper thread" daemon [_thread_blocked, id=3280, stack(0x0000006857f00000,0x0000006858000000)]
  0x000001fe295a5b70 JavaThread "Common-Cleaner" daemon [_thread_blocked, id=6012, stack(0x0000006858000000,0x0000006858100000)]
  0x000001fe295a7050 JavaThread "Notification Thread" daemon [_thread_blocked, id=10736, stack(0x0000006858100000,0x0000006858200000)]
  0x000001fe2c610750 JavaThread "Daemon health stats" [_thread_blocked, id=11004, stack(0x0000006858700000,0x0000006858800000)]
  0x000001fe2ba67f30 JavaThread "Incoming local TCP Connector on port 51752" [_thread_in_native, id=10636, stack(0x0000006858800000,0x0000006858900000)]
  0x000001fe2ad4bc60 JavaThread "Daemon periodic checks" [_thread_blocked, id=10200, stack(0x0000006858900000,0x0000006858a00000)]
  0x000001fe2c213ad0 JavaThread "Cache worker for journal cache (C:\Users\user\.gradle\caches\journal-1)" [_thread_blocked, id=8324, stack(0x0000006858300000,0x0000006858400000)]
  0x000001fe2c213fa0 JavaThread "File lock request listener" [_thread_in_native, id=9248, stack(0x0000006859100000,0x0000006859200000)]
  0x000001fe2c212790 JavaThread "Cache worker for file hash cache (C:\Users\user\.gradle\caches\8.0\fileHashes)" [_thread_blocked, id=16656, stack(0x0000006859200000,0x0000006859300000)]
  0x000001fe2c212c60 JavaThread "File watcher server" daemon [_thread_in_native, id=11652, stack(0x0000006859400000,0x0000006859500000)]
  0x000001fe2c214e10 JavaThread "File watcher consumer" daemon [_thread_blocked, id=7400, stack(0x0000006859500000,0x0000006859600000)]
  0x000001fe2c2157b0 JavaThread "jar transforms" [_thread_blocked, id=16244, stack(0x0000006859600000,0x0000006859700000)]
  0x000001fe2c215c80 JavaThread "jar transforms Thread 2" [_thread_blocked, id=9872, stack(0x0000006859700000,0x0000006859800000)]
  0x000001fe2c216150 JavaThread "jar transforms Thread 3" [_thread_blocked, id=5276, stack(0x0000006859800000,0x0000006859900000)]
  0x000001fe2cbd3110 JavaThread "jar transforms Thread 4" [_thread_blocked, id=4460, stack(0x0000006859900000,0x0000006859a00000)]
  0x000001fe2cbd22a0 JavaThread "Cache worker for file content cache (C:\Users\user\.gradle\caches\8.0\fileContent)" [_thread_blocked, id=3824, stack(0x0000006859d00000,0x0000006859e00000)]
  0x000001fe2cbd4450 JavaThread "Cache worker for execution history cache (C:\Users\user\.gradle\caches\8.0\executionHistory)" [_thread_blocked, id=1956, stack(0x0000006859300000,0x0000006859400000)]
  0x000001fe2cbd4df0 JavaThread "Cache worker for kotlin-dsl (C:\Users\user\.gradle\caches\8.0\kotlin-dsl)" [_thread_blocked, id=7780, stack(0x000000685a100000,0x000000685a200000)]
  0x000001fe29cb1630 JavaThread "Memory manager" [_thread_blocked, id=2956, stack(0x000000685cc00000,0x000000685cd00000)]
  0x000001fe29caeae0 JavaThread "pool-3-thread-1" [_thread_blocked, id=14856, stack(0x000000685cd00000,0x000000685ce00000)]
  0x000001fe2cbd0f60 JavaThread "Daemon Thread 2" [_thread_blocked, id=8328, stack(0x0000006856f00000,0x0000006857000000)]
  0x000001fe2cbd5c60 JavaThread "Daemon Thread 3" [_thread_blocked, id=10284, stack(0x0000006858b00000,0x0000006858c00000)]
  0x000001fe2cbd2770 JavaThread "Handler for socket connection from /127.0.0.1:51752 to /127.0.0.1:51843" [_thread_in_native, id=4368, stack(0x0000006858c00000,0x0000006858d00000)]
  0x000001fe2cbd00f0 JavaThread "Cancel handler" [_thread_blocked, id=16944, stack(0x0000006858d00000,0x0000006858e00000)]
  0x000001fe2cbd1900 JavaThread "Daemon worker Thread 2" [_thread_in_Java, id=13084, stack(0x0000006858e00000,0x0000006858f00000)]
  0x000001fe2cbd35e0 JavaThread "Asynchronous log dispatcher for DefaultDaemonConnection: socket connection from /127.0.0.1:51752 to /127.0.0.1:51843" [_thread_blocked, id=5460, stack(0x0000006858f00000,0x0000006859000000)]
  0x000001fe2cbd0a90 JavaThread "Stdin handler" [_thread_blocked, id=3040, stack(0x0000006859000000,0x0000006859100000)]
  0x000001fe2cbd3f80 JavaThread "Daemon client event forwarder" [_thread_blocked, id=9552, stack(0x0000006859b00000,0x0000006859c00000)]
  0x000001fe2cbd6600 JavaThread "Cache worker for checksums cache (C:\Users\user\AndroidStudioProjects\AptEase\.gradle\8.0\checksums)" [_thread_blocked, id=15572, stack(0x0000006858a00000,0x0000006858b00000)]
  0x000001fe2cbd2c40 JavaThread "Cache worker for cache directory md-rule (C:\Users\user\.gradle\caches\8.0\md-rule)" [_thread_blocked, id=16068, stack(0x0000006859c00000,0x0000006859d00000)]

Other Threads:
  0x000001fe287d47d0 VMThread "VM Thread" [stack: 0x0000006857600000,0x0000006857700000] [id=16368]
  0x000001fe295963c0 WatcherThread [stack: 0x0000006858200000,0x0000006858300000] [id=1808]
  0x000001fe0d320e40 GCTaskThread "GC Thread#0" [stack: 0x0000006857100000,0x0000006857200000] [id=9196]
  0x000001fe2987af20 GCTaskThread "GC Thread#1" [stack: 0x0000006858400000,0x0000006858500000] [id=12644]
  0x000001fe29ff8cf0 GCTaskThread "GC Thread#2" [stack: 0x0000006858500000,0x0000006858600000] [id=15144]
  0x000001fe2a552d50 GCTaskThread "GC Thread#3" [stack: 0x0000006858600000,0x0000006858700000] [id=13216]
  0x000001fe0d331d80 ConcurrentGCThread "G1 Main Marker" [stack: 0x0000006857200000,0x0000006857300000] [id=13488]
  0x000001fe0d334f40 ConcurrentGCThread "G1 Conc#0" [stack: 0x0000006857300000,0x0000006857400000] [id=3512]
  0x000001fe0d385bf0 ConcurrentGCThread "G1 Refine#0" [stack: 0x0000006857400000,0x0000006857500000] [id=9852]
  0x000001fe2d175b80 ConcurrentGCThread "G1 Refine#1" [stack: 0x0000006859a00000,0x0000006859b00000] [id=13676]
  0x000001fe286306e0 ConcurrentGCThread "G1 Service" [stack: 0x0000006857500000,0x0000006857600000] [id=1544]

Threads with active compile tasks:
C2 CompilerThread0   398176 12688       4       java.net.URL::equals (27 bytes)

VM state: not at safepoint (normal execution)

VM Mutex/Monitor currently owned by a thread: None

Heap address: 0x0000000080000000, size: 2048 MB, Compressed Oops mode: 32-bit

CDS archive(s) not mapped
Compressed class space mapped at: 0x0000000100000000-0x0000000140000000, reserved size: 1073741824
Narrow klass base: 0x0000000000000000, Narrow klass shift: 3, Narrow klass range: 0x140000000

GC Precious Log:
 CPUs: 4 total, 4 available
 Memory: 6069M
 Large Page Support: Disabled
 NUMA Support: Disabled
 Compressed Oops: Enabled (32-bit)
 Heap Region Size: 1M
 Heap Min Capacity: 8M
 Heap Initial Capacity: 96M
 Heap Max Capacity: 2G
 Pre-touch: Disabled
 Parallel Workers: 4
 Concurrent Workers: 1
 Concurrent Refinement Workers: 4
 Periodic GC: Disabled

Heap:
 garbage-first heap   total 336896K, used 261933K [0x0000000080000000, 0x0000000100000000)
  region size 1024K, 83 young (84992K), 9 survivors (9216K)
 Metaspace       used 111829K, committed 112768K, reserved 1146880K
  class space    used 14654K, committed 15104K, reserved 1048576K

Heap Regions: E=young(eden), S=young(survivor), O=old, HS=humongous(starts), HC=humongous(continues), CS=collection set, F=free, OA=open archive, CA=closed archive, TAMS=top-at-mark-start (previous, next)
|   0|0x0000000080000000, 0x0000000080100000, 0x0000000080100000|100%| O|  |TAMS 0x0000000080100000, 0x0000000080000000| Untracked 
|   1|0x0000000080100000, 0x0000000080200000, 0x0000000080200000|100%| O|  |TAMS 0x0000000080200000, 0x0000000080100000| Untracked 
|   2|0x0000000080200000, 0x0000000080300000, 0x0000000080300000|100%|HS|  |TAMS 0x0000000080300000, 0x0000000080200000| Complete 
|   3|0x0000000080300000, 0x0000000080400000, 0x0000000080400000|100%|HC|  |TAMS 0x0000000080400000, 0x0000000080300000| Complete 
|   4|0x0000000080400000, 0x0000000080500000, 0x0000000080500000|100%|HC|  |TAMS 0x0000000080500000, 0x0000000080400000| Complete 
|   5|0x0000000080500000, 0x0000000080600000, 0x0000000080600000|100%|HC|  |TAMS 0x0000000080600000, 0x0000000080500000| Complete 
|   6|0x0000000080600000, 0x0000000080700000, 0x0000000080700000|100%| O|  |TAMS 0x0000000080700000, 0x0000000080600000| Untracked 
|   7|0x0000000080700000, 0x0000000080800000, 0x0000000080800000|100%| O|  |TAMS 0x0000000080800000, 0x0000000080700000| Untracked 
|   8|0x0000000080800000, 0x0000000080900000, 0x0000000080900000|100%| O|  |TAMS 0x0000000080900000, 0x0000000080800000| Untracked 
|   9|0x0000000080900000, 0x0000000080a00000, 0x0000000080a00000|100%| O|  |TAMS 0x0000000080a00000, 0x0000000080900000| Untracked 
|  10|0x0000000080a00000, 0x0000000080b00000, 0x0000000080b00000|100%| O|  |TAMS 0x0000000080b00000, 0x0000000080a00000| Untracked 
|  11|0x0000000080b00000, 0x0000000080c00000, 0x0000000080c00000|100%| O|  |TAMS 0x0000000080c00000, 0x0000000080b00000| Untracked 
|  12|0x0000000080c00000, 0x0000000080d00000, 0x0000000080d00000|100%| O|  |TAMS 0x0000000080d00000, 0x0000000080c00000| Untracked 
|  13|0x0000000080d00000, 0x0000000080e00000, 0x0000000080e00000|100%| O|  |TAMS 0x0000000080e00000, 0x0000000080d00000| Untracked 
|  14|0x0000000080e00000, 0x0000000080f00000, 0x0000000080f00000|100%| O|  |TAMS 0x0000000080f00000, 0x0000000080e00000| Untracked 
|  15|0x0000000080f00000, 0x0000000081000000, 0x0000000081000000|100%| O|  |TAMS 0x0000000081000000, 0x0000000080f00000| Untracked 
|  16|0x0000000081000000, 0x0000000081100000, 0x0000000081100000|100%| O|  |TAMS 0x0000000081100000, 0x0000000081000000| Untracked 
|  17|0x0000000081100000, 0x0000000081200000, 0x0000000081200000|100%| O|  |TAMS 0x0000000081200000, 0x0000000081100000| Untracked 
|  18|0x0000000081200000, 0x0000000081300000, 0x0000000081300000|100%| O|  |TAMS 0x0000000081300000, 0x0000000081200000| Untracked 
|  19|0x0000000081300000, 0x0000000081400000, 0x0000000081400000|100%|HS|  |TAMS 0x0000000081400000, 0x0000000081300000| Complete 
|  20|0x0000000081400000, 0x0000000081500000, 0x0000000081500000|100%|HC|  |TAMS 0x0000000081500000, 0x0000000081400000| Complete 
|  21|0x0000000081500000, 0x0000000081600000, 0x0000000081600000|100%|HS|  |TAMS 0x0000000081600000, 0x0000000081500000| Complete 
|  22|0x0000000081600000, 0x0000000081700000, 0x0000000081700000|100%|HC|  |TAMS 0x0000000081700000, 0x0000000081600000| Complete 
|  23|0x0000000081700000, 0x0000000081800000, 0x0000000081800000|100%|HC|  |TAMS 0x0000000081800000, 0x0000000081700000| Complete 
|  24|0x0000000081800000, 0x0000000081900000, 0x0000000081900000|100%| O|  |TAMS 0x0000000081900000, 0x0000000081800000| Untracked 
|  25|0x0000000081900000, 0x0000000081a00000, 0x0000000081a00000|100%| O|  |TAMS 0x0000000081a00000, 0x0000000081900000| Untracked 
|  26|0x0000000081a00000, 0x0000000081b00000, 0x0000000081b00000|100%| O|  |TAMS 0x0000000081b00000, 0x0000000081a00000| Untracked 
|  27|0x0000000081b00000, 0x0000000081c00000, 0x0000000081c00000|100%|HS|  |TAMS 0x0000000081c00000, 0x0000000081b00000| Complete 
|  28|0x0000000081c00000, 0x0000000081d00000, 0x0000000081d00000|100%|HC|  |TAMS 0x0000000081d00000, 0x0000000081c00000| Complete 
|  29|0x0000000081d00000, 0x0000000081e00000, 0x0000000081e00000|100%|HC|  |TAMS 0x0000000081e00000, 0x0000000081d00000| Complete 
|  30|0x0000000081e00000, 0x0000000081f00000, 0x0000000081f00000|100%| O|  |TAMS 0x0000000081f00000, 0x0000000081e00000| Untracked 
|  31|0x0000000081f00000, 0x0000000082000000, 0x0000000082000000|100%| O|  |TAMS 0x0000000082000000, 0x0000000081f00000| Untracked 
|  32|0x0000000082000000, 0x0000000082100000, 0x0000000082100000|100%| O|  |TAMS 0x0000000082100000, 0x0000000082000000| Untracked 
|  33|0x0000000082100000, 0x0000000082200000, 0x0000000082200000|100%|HS|  |TAMS 0x0000000082200000, 0x0000000082100000| Complete 
|  34|0x0000000082200000, 0x0000000082300000, 0x0000000082300000|100%|HC|  |TAMS 0x0000000082300000, 0x0000000082200000| Complete 
|  35|0x0000000082300000, 0x0000000082400000, 0x0000000082400000|100%| O|  |TAMS 0x0000000082400000, 0x0000000082300000| Untracked 
|  36|0x0000000082400000, 0x0000000082500000, 0x0000000082500000|100%| O|  |TAMS 0x0000000082500000, 0x0000000082400000| Untracked 
|  37|0x0000000082500000, 0x0000000082600000, 0x0000000082600000|100%| O|  |TAMS 0x0000000082600000, 0x0000000082500000| Untracked 
|  38|0x0000000082600000, 0x0000000082700000, 0x0000000082700000|100%| O|  |TAMS 0x0000000082700000, 0x0000000082600000| Untracked 
|  39|0x0000000082700000, 0x0000000082800000, 0x0000000082800000|100%| O|  |TAMS 0x0000000082800000, 0x0000000082700000| Untracked 
|  40|0x0000000082800000, 0x0000000082900000, 0x0000000082900000|100%| O|  |TAMS 0x0000000082900000, 0x0000000082800000| Untracked 
|  41|0x0000000082900000, 0x0000000082a00000, 0x0000000082a00000|100%| O|  |TAMS 0x0000000082a00000, 0x0000000082900000| Untracked 
|  42|0x0000000082a00000, 0x0000000082b00000, 0x0000000082b00000|100%|HS|  |TAMS 0x0000000082b00000, 0x0000000082a00000| Complete 
|  43|0x0000000082b00000, 0x0000000082c00000, 0x0000000082c00000|100%|HC|  |TAMS 0x0000000082c00000, 0x0000000082b00000| Complete 
|  44|0x0000000082c00000, 0x0000000082d00000, 0x0000000082d00000|100%|HC|  |TAMS 0x0000000082d00000, 0x0000000082c00000| Complete 
|  45|0x0000000082d00000, 0x0000000082e00000, 0x0000000082e00000|100%| O|  |TAMS 0x0000000082e00000, 0x0000000082d00000| Untracked 
|  46|0x0000000082e00000, 0x0000000082f00000, 0x0000000082f00000|100%|HS|  |TAMS 0x0000000082f00000, 0x0000000082e00000| Complete 
|  47|0x0000000082f00000, 0x0000000083000000, 0x0000000083000000|100%|HC|  |TAMS 0x0000000083000000, 0x0000000082f00000| Complete 
|  48|0x0000000083000000, 0x0000000083100000, 0x0000000083100000|100%|HC|  |TAMS 0x0000000083100000, 0x0000000083000000| Complete 
|  49|0x0000000083100000, 0x0000000083200000, 0x0000000083200000|100%|HC|  |TAMS 0x0000000083200000, 0x0000000083100000| Complete 
|  50|0x0000000083200000, 0x0000000083300000, 0x0000000083300000|100%|HC|  |TAMS 0x0000000083300000, 0x0000000083200000| Complete 
|  51|0x0000000083300000, 0x0000000083400000, 0x0000000083400000|100%|HC|  |TAMS 0x0000000083400000, 0x0000000083300000| Complete 
|  52|0x0000000083400000, 0x0000000083500000, 0x0000000083500000|100%|HC|  |TAMS 0x0000000083500000, 0x0000000083400000| Complete 
|  53|0x0000000083500000, 0x0000000083600000, 0x0000000083600000|100%|HC|  |TAMS 0x0000000083600000, 0x0000000083500000| Complete 
|  54|0x0000000083600000, 0x0000000083700000, 0x0000000083700000|100%|HC|  |TAMS 0x0000000083700000, 0x0000000083600000| Complete 
|  55|0x0000000083700000, 0x0000000083800000, 0x0000000083800000|100%|HC|  |TAMS 0x0000000083800000, 0x0000000083700000| Complete 
|  56|0x0000000083800000, 0x0000000083900000, 0x0000000083900000|100%|HC|  |TAMS 0x0000000083900000, 0x0000000083800000| Complete 
|  57|0x0000000083900000, 0x0000000083a00000, 0x0000000083a00000|100%|HC|  |TAMS 0x0000000083a00000, 0x0000000083900000| Complete 
|  58|0x0000000083a00000, 0x0000000083b00000, 0x0000000083b00000|100%|HS|  |TAMS 0x0000000083b00000, 0x0000000083a00000| Complete 
|  59|0x0000000083b00000, 0x0000000083c00000, 0x0000000083c00000|100%|HC|  |TAMS 0x0000000083c00000, 0x0000000083b00000| Complete 
|  60|0x0000000083c00000, 0x0000000083d00000, 0x0000000083d00000|100%|HC|  |TAMS 0x0000000083d00000, 0x0000000083c00000| Complete 
|  61|0x0000000083d00000, 0x0000000083e00000, 0x0000000083e00000|100%| O|  |TAMS 0x0000000083e00000, 0x0000000083d00000| Untracked 
|  62|0x0000000083e00000, 0x0000000083f00000, 0x0000000083f00000|100%| O|  |TAMS 0x0000000083f00000, 0x0000000083e00000| Untracked 
|  63|0x0000000083f00000, 0x0000000084000000, 0x0000000084000000|100%| O|  |TAMS 0x0000000084000000, 0x0000000083f00000| Untracked 
|  64|0x0000000084000000, 0x0000000084100000, 0x0000000084100000|100%| O|  |TAMS 0x0000000084100000, 0x0000000084000000| Untracked 
|  65|0x0000000084100000, 0x0000000084200000, 0x0000000084200000|100%| O|  |TAMS 0x0000000084200000, 0x0000000084100000| Untracked 
|  66|0x0000000084200000, 0x0000000084300000, 0x0000000084300000|100%| O|  |TAMS 0x0000000084300000, 0x0000000084200000| Untracked 
|  67|0x0000000084300000, 0x0000000084400000, 0x0000000084400000|100%| O|  |TAMS 0x0000000084400000, 0x0000000084300000| Untracked 
|  68|0x0000000084400000, 0x0000000084500000, 0x0000000084500000|100%| O|  |TAMS 0x0000000084500000, 0x0000000084400000| Untracked 
|  69|0x0000000084500000, 0x0000000084600000, 0x0000000084600000|100%| O|  |TAMS 0x0000000084600000, 0x0000000084500000| Untracked 
|  70|0x0000000084600000, 0x0000000084700000, 0x0000000084700000|100%| O|  |TAMS 0x0000000084700000, 0x0000000084600000| Untracked 
|  71|0x0000000084700000, 0x0000000084800000, 0x0000000084800000|100%|HS|  |TAMS 0x0000000084800000, 0x0000000084700000| Complete 
|  72|0x0000000084800000, 0x0000000084900000, 0x0000000084900000|100%|HS|  |TAMS 0x0000000084900000, 0x0000000084800000| Complete 
|  73|0x0000000084900000, 0x0000000084a00000, 0x0000000084a00000|100%|HS|  |TAMS 0x0000000084a00000, 0x0000000084900000| Complete 
|  74|0x0000000084a00000, 0x0000000084b00000, 0x0000000084b00000|100%| O|  |TAMS 0x0000000084b00000, 0x0000000084a00000| Untracked 
|  75|0x0000000084b00000, 0x0000000084c00000, 0x0000000084c00000|100%| O|  |TAMS 0x0000000084c00000, 0x0000000084b00000| Untracked 
|  76|0x0000000084c00000, 0x0000000084d00000, 0x0000000084d00000|100%| O|  |TAMS 0x0000000084d00000, 0x0000000084c00000| Untracked 
|  77|0x0000000084d00000, 0x0000000084e00000, 0x0000000084e00000|100%| O|  |TAMS 0x0000000084e00000, 0x0000000084d00000| Untracked 
|  78|0x0000000084e00000, 0x0000000084f00000, 0x0000000084f00000|100%| O|  |TAMS 0x0000000084f00000, 0x0000000084e00000| Untracked 
|  79|0x0000000084f00000, 0x0000000085000000, 0x0000000085000000|100%| O|  |TAMS 0x0000000085000000, 0x0000000084f00000| Untracked 
|  80|0x0000000085000000, 0x0000000085100000, 0x0000000085100000|100%| O|  |TAMS 0x0000000085100000, 0x0000000085000000| Untracked 
|  81|0x0000000085100000, 0x0000000085200000, 0x0000000085200000|100%| O|  |TAMS 0x0000000085200000, 0x0000000085100000| Untracked 
|  82|0x0000000085200000, 0x0000000085300000, 0x0000000085300000|100%| O|  |TAMS 0x0000000085300000, 0x0000000085200000| Untracked 
|  83|0x0000000085300000, 0x0000000085400000, 0x0000000085400000|100%| O|  |TAMS 0x0000000085400000, 0x0000000085300000| Untracked 
|  84|0x0000000085400000, 0x0000000085500000, 0x0000000085500000|100%| O|  |TAMS 0x0000000085500000, 0x0000000085400000| Untracked 
|  85|0x0000000085500000, 0x0000000085600000, 0x0000000085600000|100%| O|  |TAMS 0x0000000085600000, 0x0000000085500000| Untracked 
|  86|0x0000000085600000, 0x0000000085700000, 0x0000000085700000|100%| O|  |TAMS 0x0000000085700000, 0x0000000085600000| Untracked 
|  87|0x0000000085700000, 0x0000000085800000, 0x0000000085800000|100%| O|  |TAMS 0x0000000085800000, 0x0000000085700000| Untracked 
|  88|0x0000000085800000, 0x0000000085900000, 0x0000000085900000|100%| O|  |TAMS 0x0000000085800000, 0x0000000085800000| Untracked 
|  89|0x0000000085900000, 0x0000000085a00000, 0x0000000085a00000|100%| O|  |TAMS 0x0000000085a00000, 0x0000000085900000| Untracked 
|  90|0x0000000085a00000, 0x0000000085b00000, 0x0000000085b00000|100%| O|  |TAMS 0x0000000085b00000, 0x0000000085a00000| Untracked 
|  91|0x0000000085b00000, 0x0000000085c00000, 0x0000000085c00000|100%| O|  |TAMS 0x0000000085c00000, 0x0000000085b00000| Untracked 
|  92|0x0000000085c00000, 0x0000000085d00000, 0x0000000085d00000|100%| O|  |TAMS 0x0000000085d00000, 0x0000000085c00000| Untracked 
|  93|0x0000000085d00000, 0x0000000085e00000, 0x0000000085e00000|100%| O|  |TAMS 0x0000000085e00000, 0x0000000085d00000| Untracked 
|  94|0x0000000085e00000, 0x0000000085f00000, 0x0000000085f00000|100%|HS|  |TAMS 0x0000000085f00000, 0x0000000085e00000| Complete 
|  95|0x0000000085f00000, 0x0000000086000000, 0x0000000086000000|100%|HC|  |TAMS 0x0000000086000000, 0x0000000085f00000| Complete 
|  96|0x0000000086000000, 0x0000000086100000, 0x0000000086100000|100%|HS|  |TAMS 0x0000000086100000, 0x0000000086000000| Complete 
|  97|0x0000000086100000, 0x0000000086200000, 0x0000000086200000|100%|HC|  |TAMS 0x0000000086200000, 0x0000000086100000| Complete 
|  98|0x0000000086200000, 0x0000000086300000, 0x0000000086300000|100%|HC|  |TAMS 0x0000000086300000, 0x0000000086200000| Complete 
|  99|0x0000000086300000, 0x0000000086400000, 0x0000000086400000|100%|HS|  |TAMS 0x0000000086400000, 0x0000000086300000| Complete 
| 100|0x0000000086400000, 0x0000000086500000, 0x0000000086500000|100%|HC|  |TAMS 0x0000000086500000, 0x0000000086400000| Complete 
| 101|0x0000000086500000, 0x0000000086600000, 0x0000000086600000|100%|HC|  |TAMS 0x0000000086600000, 0x0000000086500000| Complete 
| 102|0x0000000086600000, 0x0000000086700000, 0x0000000086700000|100%|HS|  |TAMS 0x0000000086700000, 0x0000000086600000| Complete 
| 103|0x0000000086700000, 0x0000000086800000, 0x0000000086800000|100%|HC|  |TAMS 0x0000000086800000, 0x0000000086700000| Complete 
| 104|0x0000000086800000, 0x0000000086900000, 0x0000000086900000|100%|HC|  |TAMS 0x0000000086900000, 0x0000000086800000| Complete 
| 105|0x0000000086900000, 0x0000000086a00000, 0x0000000086a00000|100%|HC|  |TAMS 0x0000000086a00000, 0x0000000086900000| Complete 
| 106|0x0000000086a00000, 0x0000000086b00000, 0x0000000086b00000|100%|HC|  |TAMS 0x0000000086b00000, 0x0000000086a00000| Complete 
| 107|0x0000000086b00000, 0x0000000086c00000, 0x0000000086c00000|100%|HC|  |TAMS 0x0000000086c00000, 0x0000000086b00000| Complete 
| 108|0x0000000086c00000, 0x0000000086d00000, 0x0000000086d00000|100%|HC|  |TAMS 0x0000000086d00000, 0x0000000086c00000| Complete 
| 109|0x0000000086d00000, 0x0000000086e00000, 0x0000000086e00000|100%|HC|  |TAMS 0x0000000086e00000, 0x0000000086d00000| Complete 
| 110|0x0000000086e00000, 0x0000000086f00000, 0x0000000086f00000|100%|HC|  |TAMS 0x0000000086f00000, 0x0000000086e00000| Complete 
| 111|0x0000000086f00000, 0x0000000087000000, 0x0000000087000000|100%|HC|  |TAMS 0x0000000087000000, 0x0000000086f00000| Complete 
| 112|0x0000000087000000, 0x0000000087100000, 0x0000000087100000|100%|HC|  |TAMS 0x0000000087100000, 0x0000000087000000| Complete 
| 113|0x0000000087100000, 0x0000000087200000, 0x0000000087200000|100%|HC|  |TAMS 0x0000000087200000, 0x0000000087100000| Complete 
| 114|0x0000000087200000, 0x0000000087300000, 0x0000000087300000|100%|HS|  |TAMS 0x0000000087300000, 0x0000000087200000| Complete 
| 115|0x0000000087300000, 0x0000000087400000, 0x0000000087400000|100%|HC|  |TAMS 0x0000000087400000, 0x0000000087300000| Complete 
| 116|0x0000000087400000, 0x0000000087500000, 0x0000000087500000|100%| O|  |TAMS 0x0000000087500000, 0x0000000087400000| Untracked 
| 117|0x0000000087500000, 0x0000000087600000, 0x0000000087600000|100%| O|  |TAMS 0x0000000087600000, 0x0000000087500000| Untracked 
| 118|0x0000000087600000, 0x0000000087700000, 0x0000000087700000|100%| O|  |TAMS 0x0000000087700000, 0x0000000087600000| Untracked 
| 119|0x0000000087700000, 0x0000000087800000, 0x0000000087800000|100%| O|  |TAMS 0x0000000087800000, 0x0000000087700000| Untracked 
| 120|0x0000000087800000, 0x0000000087900000, 0x0000000087900000|100%| O|  |TAMS 0x0000000087900000, 0x0000000087800000| Untracked 
| 121|0x0000000087900000, 0x0000000087a00000, 0x0000000087a00000|100%| O|  |TAMS 0x0000000087a00000, 0x0000000087900000| Untracked 
| 122|0x0000000087a00000, 0x0000000087b00000, 0x0000000087b00000|100%| O|  |TAMS 0x0000000087b00000, 0x0000000087a00000| Untracked 
| 123|0x0000000087b00000, 0x0000000087c00000, 0x0000000087c00000|100%| O|  |TAMS 0x0000000087c00000, 0x0000000087b00000| Untracked 
| 124|0x0000000087c00000, 0x0000000087d00000, 0x0000000087d00000|100%| O|  |TAMS 0x0000000087d00000, 0x0000000087c00000| Untracked 
| 125|0x0000000087d00000, 0x0000000087e00000, 0x0000000087e00000|100%| O|  |TAMS 0x0000000087e00000, 0x0000000087d00000| Untracked 
| 126|0x0000000087e00000, 0x0000000087f00000, 0x0000000087f00000|100%| O|  |TAMS 0x0000000087f00000, 0x0000000087e00000| Untracked 
| 127|0x0000000087f00000, 0x0000000088000000, 0x0000000088000000|100%| O|  |TAMS 0x0000000088000000, 0x0000000087f00000| Untracked 
| 128|0x0000000088000000, 0x0000000088100000, 0x0000000088100000|100%| O|  |TAMS 0x0000000088100000, 0x0000000088000000| Untracked 
| 129|0x0000000088100000, 0x0000000088200000, 0x0000000088200000|100%| O|  |TAMS 0x0000000088200000, 0x0000000088100000| Untracked 
| 130|0x0000000088200000, 0x0000000088300000, 0x0000000088300000|100%| O|  |TAMS 0x0000000088300000, 0x0000000088200000| Untracked 
| 131|0x0000000088300000, 0x0000000088400000, 0x0000000088400000|100%| O|  |TAMS 0x0000000088400000, 0x0000000088300000| Untracked 
| 132|0x0000000088400000, 0x0000000088500000, 0x0000000088500000|100%| O|  |TAMS 0x0000000088500000, 0x0000000088400000| Untracked 
| 133|0x0000000088500000, 0x0000000088600000, 0x0000000088600000|100%| O|  |TAMS 0x0000000088600000, 0x0000000088500000| Untracked 
| 134|0x0000000088600000, 0x0000000088700000, 0x0000000088700000|100%| O|  |TAMS 0x0000000088700000, 0x0000000088600000| Untracked 
| 135|0x0000000088700000, 0x0000000088800000, 0x0000000088800000|100%| O|  |TAMS 0x0000000088800000, 0x0000000088700000| Untracked 
| 136|0x0000000088800000, 0x0000000088900000, 0x0000000088900000|100%| O|  |TAMS 0x0000000088900000, 0x0000000088800000| Untracked 
| 137|0x0000000088900000, 0x0000000088a00000, 0x0000000088a00000|100%| O|  |TAMS 0x0000000088a00000, 0x0000000088900000| Untracked 
| 138|0x0000000088a00000, 0x0000000088b00000, 0x0000000088b00000|100%| O|  |TAMS 0x0000000088b00000, 0x0000000088a00000| Untracked 
| 139|0x0000000088b00000, 0x0000000088c00000, 0x0000000088c00000|100%| O|  |TAMS 0x0000000088c00000, 0x0000000088b00000| Untracked 
| 140|0x0000000088c00000, 0x0000000088d00000, 0x0000000088d00000|100%| O|  |TAMS 0x0000000088d00000, 0x0000000088c00000| Untracked 
| 141|0x0000000088d00000, 0x0000000088e00000, 0x0000000088e00000|100%| O|  |TAMS 0x0000000088e00000, 0x0000000088d00000| Untracked 
| 142|0x0000000088e00000, 0x0000000088f00000, 0x0000000088f00000|100%| O|  |TAMS 0x0000000088f00000, 0x0000000088e00000| Untracked 
| 143|0x0000000088f00000, 0x0000000089000000, 0x0000000089000000|100%| O|  |TAMS 0x0000000089000000, 0x0000000088f00000| Untracked 
| 144|0x0000000089000000, 0x0000000089100000, 0x0000000089100000|100%| O|  |TAMS 0x0000000089100000, 0x0000000089000000| Untracked 
| 145|0x0000000089100000, 0x0000000089200000, 0x0000000089200000|100%| O|  |TAMS 0x0000000089100000, 0x0000000089100000| Untracked 
| 146|0x0000000089200000, 0x0000000089300000, 0x0000000089300000|100%| O|  |TAMS 0x0000000089200000, 0x0000000089200000| Untracked 
| 147|0x0000000089300000, 0x0000000089400000, 0x0000000089400000|100%| O|  |TAMS 0x0000000089400000, 0x0000000089300000| Untracked 
| 148|0x0000000089400000, 0x0000000089500000, 0x0000000089500000|100%| O|  |TAMS 0x0000000089500000, 0x0000000089400000| Untracked 
| 149|0x0000000089500000, 0x0000000089600000, 0x0000000089600000|100%| O|  |TAMS 0x0000000089600000, 0x0000000089500000| Untracked 
| 150|0x0000000089600000, 0x0000000089700000, 0x0000000089700000|100%| O|  |TAMS 0x0000000089700000, 0x0000000089600000| Untracked 
| 151|0x0000000089700000, 0x0000000089800000, 0x0000000089800000|100%| O|  |TAMS 0x0000000089800000, 0x0000000089700000| Untracked 
| 152|0x0000000089800000, 0x0000000089900000, 0x0000000089900000|100%| O|  |TAMS 0x0000000089900000, 0x0000000089800000| Untracked 
| 153|0x0000000089900000, 0x0000000089a00000, 0x0000000089a00000|100%| O|  |TAMS 0x0000000089a00000, 0x0000000089900000| Untracked 
| 154|0x0000000089a00000, 0x0000000089b00000, 0x0000000089b00000|100%| O|  |TAMS 0x0000000089b00000, 0x0000000089a00000| Untracked 
| 155|0x0000000089b00000, 0x0000000089c00000, 0x0000000089c00000|100%| O|  |TAMS 0x0000000089c00000, 0x0000000089b00000| Untracked 
| 156|0x0000000089c00000, 0x0000000089d00000, 0x0000000089d00000|100%| O|  |TAMS 0x0000000089d00000, 0x0000000089c00000| Untracked 
| 157|0x0000000089d00000, 0x0000000089e00000, 0x0000000089e00000|100%| O|  |TAMS 0x0000000089e00000, 0x0000000089d00000| Untracked 
| 158|0x0000000089e00000, 0x0000000089f00000, 0x0000000089f00000|100%| O|  |TAMS 0x0000000089f00000, 0x0000000089e00000| Untracked 
| 159|0x0000000089f00000, 0x000000008a000000, 0x000000008a000000|100%| O|  |TAMS 0x000000008a000000, 0x0000000089f00000| Untracked 
| 160|0x000000008a000000, 0x000000008a100000, 0x000000008a100000|100%| O|  |TAMS 0x000000008a00fe00, 0x000000008a000000| Untracked 
| 161|0x000000008a100000, 0x000000008a200000, 0x000000008a200000|100%| O|  |TAMS 0x000000008a100000, 0x000000008a100000| Untracked 
| 162|0x000000008a200000, 0x000000008a300000, 0x000000008a300000|100%| O|  |TAMS 0x000000008a200000, 0x000000008a200000| Untracked 
| 163|0x000000008a300000, 0x000000008a400000, 0x000000008a400000|100%| O|  |TAMS 0x000000008a300000, 0x000000008a300000| Untracked 
| 164|0x000000008a400000, 0x000000008a500000, 0x000000008a500000|100%| O|  |TAMS 0x000000008a400000, 0x000000008a400000| Untracked 
| 165|0x000000008a500000, 0x000000008a600000, 0x000000008a600000|100%| O|  |TAMS 0x000000008a500000, 0x000000008a500000| Untracked 
| 166|0x000000008a600000, 0x000000008a700000, 0x000000008a700000|100%| O|  |TAMS 0x000000008a600000, 0x000000008a600000| Untracked 
| 167|0x000000008a700000, 0x000000008a800000, 0x000000008a800000|100%| O|  |TAMS 0x000000008a700000, 0x000000008a700000| Untracked 
| 168|0x000000008a800000, 0x000000008a82ca00, 0x000000008a900000| 17%| O|  |TAMS 0x000000008a800000, 0x000000008a800000| Untracked 
| 169|0x000000008a900000, 0x000000008a900000, 0x000000008aa00000|  0%| F|  |TAMS 0x000000008a900000, 0x000000008a900000| Untracked 
| 170|0x000000008aa00000, 0x000000008aa00000, 0x000000008ab00000|  0%| F|  |TAMS 0x000000008aa00000, 0x000000008aa00000| Untracked 
| 171|0x000000008ab00000, 0x000000008ac00000, 0x000000008ac00000|100%| O|  |TAMS 0x000000008ab00000, 0x000000008ab00000| Untracked 
| 172|0x000000008ac00000, 0x000000008ac00000, 0x000000008ad00000|  0%| F|  |TAMS 0x000000008ac00000, 0x000000008ac00000| Untracked 
| 173|0x000000008ad00000, 0x000000008ad00000, 0x000000008ae00000|  0%| F|  |TAMS 0x000000008ad00000, 0x000000008ad00000| Untracked 
| 174|0x000000008ae00000, 0x000000008ae00000, 0x000000008af00000|  0%| F|  |TAMS 0x000000008ae00000, 0x000000008ae00000| Untracked 
| 175|0x000000008af00000, 0x000000008af00000, 0x000000008b000000|  0%| F|  |TAMS 0x000000008af00000, 0x000000008af00000| Untracked 
| 176|0x000000008b000000, 0x000000008b000000, 0x000000008b100000|  0%| F|  |TAMS 0x000000008b000000, 0x000000008b000000| Untracked 
| 177|0x000000008b100000, 0x000000008b100000, 0x000000008b200000|  0%| F|  |TAMS 0x000000008b100000, 0x000000008b100000| Untracked 
| 178|0x000000008b200000, 0x000000008b300000, 0x000000008b300000|100%| O|  |TAMS 0x000000008b200000, 0x000000008b200000| Untracked 
| 179|0x000000008b300000, 0x000000008b400000, 0x000000008b400000|100%| O|  |TAMS 0x000000008b300000, 0x000000008b300000| Untracked 
| 180|0x000000008b400000, 0x000000008b500000, 0x000000008b500000|100%| O|  |TAMS 0x000000008b400000, 0x000000008b400000| Untracked 
| 181|0x000000008b500000, 0x000000008b600000, 0x000000008b600000|100%| O|  |TAMS 0x000000008b500000, 0x000000008b500000| Untracked 
| 182|0x000000008b600000, 0x000000008b700000, 0x000000008b700000|100%| O|  |TAMS 0x000000008b600000, 0x000000008b600000| Untracked 
| 183|0x000000008b700000, 0x000000008b800000, 0x000000008b800000|100%| O|  |TAMS 0x000000008b700000, 0x000000008b700000| Untracked 
| 184|0x000000008b800000, 0x000000008b800000, 0x000000008b900000|  0%| F|  |TAMS 0x000000008b800000, 0x000000008b800000| Untracked 
| 185|0x000000008b900000, 0x000000008b900000, 0x000000008ba00000|  0%| F|  |TAMS 0x000000008b900000, 0x000000008b900000| Untracked 
| 186|0x000000008ba00000, 0x000000008ba00000, 0x000000008bb00000|  0%| F|  |TAMS 0x000000008ba00000, 0x000000008ba00000| Untracked 
| 187|0x000000008bb00000, 0x000000008bb00000, 0x000000008bc00000|  0%| F|  |TAMS 0x000000008bb00000, 0x000000008bb00000| Untracked 
| 188|0x000000008bc00000, 0x000000008bc00000, 0x000000008bd00000|  0%| F|  |TAMS 0x000000008bc00000, 0x000000008bc00000| Untracked 
| 189|0x000000008bd00000, 0x000000008bd00000, 0x000000008be00000|  0%| F|  |TAMS 0x000000008bd00000, 0x000000008bd00000| Untracked 
| 190|0x000000008be00000, 0x000000008be00000, 0x000000008bf00000|  0%| F|  |TAMS 0x000000008be00000, 0x000000008be00000| Untracked 
| 191|0x000000008bf00000, 0x000000008bf00000, 0x000000008c000000|  0%| F|  |TAMS 0x000000008bf00000, 0x000000008bf00000| Untracked 
| 192|0x000000008c000000, 0x000000008c000000, 0x000000008c100000|  0%| F|  |TAMS 0x000000008c000000, 0x000000008c000000| Untracked 
| 193|0x000000008c100000, 0x000000008c100000, 0x000000008c200000|  0%| F|  |TAMS 0x000000008c100000, 0x000000008c100000| Untracked 
| 194|0x000000008c200000, 0x000000008c200000, 0x000000008c300000|  0%| F|  |TAMS 0x000000008c200000, 0x000000008c200000| Untracked 
| 195|0x000000008c300000, 0x000000008c300000, 0x000000008c400000|  0%| F|  |TAMS 0x000000008c300000, 0x000000008c300000| Untracked 
| 196|0x000000008c400000, 0x000000008c400000, 0x000000008c500000|  0%| F|  |TAMS 0x000000008c400000, 0x000000008c400000| Untracked 
| 197|0x000000008c500000, 0x000000008c500000, 0x000000008c600000|  0%| F|  |TAMS 0x000000008c500000, 0x000000008c500000| Untracked 
| 198|0x000000008c600000, 0x000000008c600000, 0x000000008c700000|  0%| F|  |TAMS 0x000000008c600000, 0x000000008c600000| Untracked 
| 199|0x000000008c700000, 0x000000008c700000, 0x000000008c800000|  0%| F|  |TAMS 0x000000008c700000, 0x000000008c700000| Untracked 
| 200|0x000000008c800000, 0x000000008c800000, 0x000000008c900000|  0%| F|  |TAMS 0x000000008c800000, 0x000000008c800000| Untracked 
| 201|0x000000008c900000, 0x000000008c900000, 0x000000008ca00000|  0%| F|  |TAMS 0x000000008c900000, 0x000000008c900000| Untracked 
| 202|0x000000008ca00000, 0x000000008ca00000, 0x000000008cb00000|  0%| F|  |TAMS 0x000000008ca00000, 0x000000008ca00000| Untracked 
| 203|0x000000008cb00000, 0x000000008cb00000, 0x000000008cc00000|  0%| F|  |TAMS 0x000000008cb00000, 0x000000008cb00000| Untracked 
| 204|0x000000008cc00000, 0x000000008cc00000, 0x000000008cd00000|  0%| F|  |TAMS 0x000000008cc00000, 0x000000008cc00000| Untracked 
| 205|0x000000008cd00000, 0x000000008cd00000, 0x000000008ce00000|  0%| F|  |TAMS 0x000000008cd00000, 0x000000008cd00000| Untracked 
| 206|0x000000008ce00000, 0x000000008ce00000, 0x000000008cf00000|  0%| F|  |TAMS 0x000000008ce00000, 0x000000008ce00000| Untracked 
| 207|0x000000008cf00000, 0x000000008cf00000, 0x000000008d000000|  0%| F|  |TAMS 0x000000008cf00000, 0x000000008cf00000| Untracked 
| 208|0x000000008d000000, 0x000000008d000000, 0x000000008d100000|  0%| F|  |TAMS 0x000000008d000000, 0x000000008d000000| Untracked 
| 209|0x000000008d100000, 0x000000008d100000, 0x000000008d200000|  0%| F|  |TAMS 0x000000008d100000, 0x000000008d100000| Untracked 
| 210|0x000000008d200000, 0x000000008d200000, 0x000000008d300000|  0%| F|  |TAMS 0x000000008d200000, 0x000000008d200000| Untracked 
| 211|0x000000008d300000, 0x000000008d300000, 0x000000008d400000|  0%| F|  |TAMS 0x000000008d300000, 0x000000008d300000| Untracked 
| 212|0x000000008d400000, 0x000000008d400000, 0x000000008d500000|  0%| F|  |TAMS 0x000000008d400000, 0x000000008d400000| Untracked 
| 213|0x000000008d500000, 0x000000008d500000, 0x000000008d600000|  0%| F|  |TAMS 0x000000008d500000, 0x000000008d500000| Untracked 
| 214|0x000000008d600000, 0x000000008d600000, 0x000000008d700000|  0%| F|  |TAMS 0x000000008d600000, 0x000000008d600000| Untracked 
| 215|0x000000008d700000, 0x000000008d700000, 0x000000008d800000|  0%| F|  |TAMS 0x000000008d700000, 0x000000008d700000| Untracked 
| 216|0x000000008d800000, 0x000000008d800000, 0x000000008d900000|  0%| F|  |TAMS 0x000000008d800000, 0x000000008d800000| Untracked 
| 217|0x000000008d900000, 0x000000008d900000, 0x000000008da00000|  0%| F|  |TAMS 0x000000008d900000, 0x000000008d900000| Untracked 
| 218|0x000000008da00000, 0x000000008da00000, 0x000000008db00000|  0%| F|  |TAMS 0x000000008da00000, 0x000000008da00000| Untracked 
| 219|0x000000008db00000, 0x000000008db00000, 0x000000008dc00000|  0%| F|  |TAMS 0x000000008db00000, 0x000000008db00000| Untracked 
| 220|0x000000008dc00000, 0x000000008dc00000, 0x000000008dd00000|  0%| F|  |TAMS 0x000000008dc00000, 0x000000008dc00000| Untracked 
| 221|0x000000008dd00000, 0x000000008dd00000, 0x000000008de00000|  0%| F|  |TAMS 0x000000008dd00000, 0x000000008dd00000| Untracked 
| 222|0x000000008de00000, 0x000000008de00000, 0x000000008df00000|  0%| F|  |TAMS 0x000000008de00000, 0x000000008de00000| Untracked 
| 223|0x000000008df00000, 0x000000008df00000, 0x000000008e000000|  0%| F|  |TAMS 0x000000008df00000, 0x000000008df00000| Untracked 
| 224|0x000000008e000000, 0x000000008e000000, 0x000000008e100000|  0%| F|  |TAMS 0x000000008e000000, 0x000000008e000000| Untracked 
| 225|0x000000008e100000, 0x000000008e100000, 0x000000008e200000|  0%| F|  |TAMS 0x000000008e100000, 0x000000008e100000| Untracked 
| 226|0x000000008e200000, 0x000000008e200000, 0x000000008e300000|  0%| F|  |TAMS 0x000000008e200000, 0x000000008e200000| Untracked 
| 227|0x000000008e300000, 0x000000008e300000, 0x000000008e400000|  0%| F|  |TAMS 0x000000008e300000, 0x000000008e300000| Untracked 
| 228|0x000000008e400000, 0x000000008e400000, 0x000000008e500000|  0%| F|  |TAMS 0x000000008e400000, 0x000000008e400000| Untracked 
| 229|0x000000008e500000, 0x000000008e500000, 0x000000008e600000|  0%| F|  |TAMS 0x000000008e500000, 0x000000008e500000| Untracked 
| 230|0x000000008e600000, 0x000000008e600000, 0x000000008e700000|  0%| F|  |TAMS 0x000000008e600000, 0x000000008e600000| Untracked 
| 231|0x000000008e700000, 0x000000008e700000, 0x000000008e800000|  0%| F|  |TAMS 0x000000008e700000, 0x000000008e700000| Untracked 
| 232|0x000000008e800000, 0x000000008e800000, 0x000000008e900000|  0%| F|  |TAMS 0x000000008e800000, 0x000000008e800000| Untracked 
| 233|0x000000008e900000, 0x000000008e900000, 0x000000008ea00000|  0%| F|  |TAMS 0x000000008e900000, 0x000000008e900000| Untracked 
| 234|0x000000008ea00000, 0x000000008ea00000, 0x000000008eb00000|  0%| F|  |TAMS 0x000000008ea00000, 0x000000008ea00000| Untracked 
| 235|0x000000008eb00000, 0x000000008eb9edb0, 0x000000008ec00000| 62%| S|CS|TAMS 0x000000008eb00000, 0x000000008eb00000| Complete 
| 236|0x000000008ec00000, 0x000000008ed00000, 0x000000008ed00000|100%| S|CS|TAMS 0x000000008ec00000, 0x000000008ec00000| Complete 
| 237|0x000000008ed00000, 0x000000008ee00000, 0x000000008ee00000|100%| S|CS|TAMS 0x000000008ed00000, 0x000000008ed00000| Complete 
| 238|0x000000008ee00000, 0x000000008ef00000, 0x000000008ef00000|100%| S|CS|TAMS 0x000000008ee00000, 0x000000008ee00000| Complete 
| 239|0x000000008ef00000, 0x000000008f000000, 0x000000008f000000|100%| S|CS|TAMS 0x000000008ef00000, 0x000000008ef00000| Complete 
| 240|0x000000008f000000, 0x000000008f100000, 0x000000008f100000|100%| S|CS|TAMS 0x000000008f000000, 0x000000008f000000| Complete 
| 241|0x000000008f100000, 0x000000008f100000, 0x000000008f200000|  0%| F|  |TAMS 0x000000008f100000, 0x000000008f100000| Untracked 
| 242|0x000000008f200000, 0x000000008f200000, 0x000000008f300000|  0%| F|  |TAMS 0x000000008f200000, 0x000000008f200000| Untracked 
| 243|0x000000008f300000, 0x000000008f300000, 0x000000008f400000|  0%| F|  |TAMS 0x000000008f300000, 0x000000008f300000| Untracked 
| 244|0x000000008f400000, 0x000000008f400000, 0x000000008f500000|  0%| F|  |TAMS 0x000000008f400000, 0x000000008f400000| Untracked 
| 245|0x000000008f500000, 0x000000008f500000, 0x000000008f600000|  0%| F|  |TAMS 0x000000008f500000, 0x000000008f500000| Untracked 
| 246|0x000000008f600000, 0x000000008f600000, 0x000000008f700000|  0%| F|  |TAMS 0x000000008f600000, 0x000000008f600000| Untracked 
| 247|0x000000008f700000, 0x000000008f700000, 0x000000008f800000|  0%| F|  |TAMS 0x000000008f700000, 0x000000008f700000| Untracked 
| 248|0x000000008f800000, 0x000000008f800000, 0x000000008f900000|  0%| F|  |TAMS 0x000000008f800000, 0x000000008f800000| Untracked 
| 249|0x000000008f900000, 0x000000008f900000, 0x000000008fa00000|  0%| F|  |TAMS 0x000000008f900000, 0x000000008f900000| Untracked 
| 250|0x000000008fa00000, 0x000000008fb00000, 0x000000008fb00000|100%| S|CS|TAMS 0x000000008fa00000, 0x000000008fa00000| Complete 
| 251|0x000000008fb00000, 0x000000008fc00000, 0x000000008fc00000|100%| S|CS|TAMS 0x000000008fb00000, 0x000000008fb00000| Complete 
| 252|0x000000008fc00000, 0x000000008fd00000, 0x000000008fd00000|100%| S|CS|TAMS 0x000000008fc00000, 0x000000008fc00000| Complete 
| 253|0x000000008fd00000, 0x000000008fd00000, 0x000000008fe00000|  0%| F|  |TAMS 0x000000008fd00000, 0x000000008fd00000| Untracked 
| 254|0x000000008fe00000, 0x000000008fe00000, 0x000000008ff00000|  0%| F|  |TAMS 0x000000008fe00000, 0x000000008fe00000| Untracked 
| 255|0x000000008ff00000, 0x000000008ff1a8d8, 0x0000000090000000| 10%| E|  |TAMS 0x000000008ff00000, 0x000000008ff00000| Complete 
| 256|0x0000000090000000, 0x0000000090100000, 0x0000000090100000|100%| E|CS|TAMS 0x0000000090000000, 0x0000000090000000| Complete 
| 257|0x0000000090100000, 0x0000000090200000, 0x0000000090200000|100%| E|CS|TAMS 0x0000000090100000, 0x0000000090100000| Complete 
| 258|0x0000000090200000, 0x0000000090300000, 0x0000000090300000|100%| E|CS|TAMS 0x0000000090200000, 0x0000000090200000| Complete 
| 259|0x0000000090300000, 0x0000000090400000, 0x0000000090400000|100%| E|CS|TAMS 0x0000000090300000, 0x0000000090300000| Complete 
| 260|0x0000000090400000, 0x0000000090500000, 0x0000000090500000|100%| E|CS|TAMS 0x0000000090400000, 0x0000000090400000| Complete 
| 261|0x0000000090500000, 0x0000000090600000, 0x0000000090600000|100%| E|CS|TAMS 0x0000000090500000, 0x0000000090500000| Complete 
| 262|0x0000000090600000, 0x0000000090700000, 0x0000000090700000|100%| E|CS|TAMS 0x0000000090600000, 0x0000000090600000| Complete 
| 263|0x0000000090700000, 0x0000000090800000, 0x0000000090800000|100%| E|CS|TAMS 0x0000000090700000, 0x0000000090700000| Complete 
| 264|0x0000000090800000, 0x0000000090900000, 0x0000000090900000|100%| E|CS|TAMS 0x0000000090800000, 0x0000000090800000| Complete 
| 265|0x0000000090900000, 0x0000000090a00000, 0x0000000090a00000|100%| E|CS|TAMS 0x0000000090900000, 0x0000000090900000| Complete 
| 266|0x0000000090a00000, 0x0000000090b00000, 0x0000000090b00000|100%| E|CS|TAMS 0x0000000090a00000, 0x0000000090a00000| Complete 
| 267|0x0000000090b00000, 0x0000000090c00000, 0x0000000090c00000|100%| E|CS|TAMS 0x0000000090b00000, 0x0000000090b00000| Complete 
| 268|0x0000000090c00000, 0x0000000090d00000, 0x0000000090d00000|100%| E|CS|TAMS 0x0000000090c00000, 0x0000000090c00000| Complete 
| 269|0x0000000090d00000, 0x0000000090e00000, 0x0000000090e00000|100%| E|  |TAMS 0x0000000090d00000, 0x0000000090d00000| Complete 
| 270|0x0000000090e00000, 0x0000000090f00000, 0x0000000090f00000|100%| E|CS|TAMS 0x0000000090e00000, 0x0000000090e00000| Complete 
| 271|0x0000000090f00000, 0x0000000091000000, 0x0000000091000000|100%| E|CS|TAMS 0x0000000090f00000, 0x0000000090f00000| Complete 
| 272|0x0000000091000000, 0x0000000091100000, 0x0000000091100000|100%| E|CS|TAMS 0x0000000091000000, 0x0000000091000000| Complete 
| 273|0x0000000091100000, 0x0000000091200000, 0x0000000091200000|100%| E|CS|TAMS 0x0000000091100000, 0x0000000091100000| Complete 
| 274|0x0000000091200000, 0x0000000091300000, 0x0000000091300000|100%| E|CS|TAMS 0x0000000091200000, 0x0000000091200000| Complete 
| 275|0x0000000091300000, 0x0000000091400000, 0x0000000091400000|100%| E|CS|TAMS 0x0000000091300000, 0x0000000091300000| Complete 
| 276|0x0000000091400000, 0x0000000091500000, 0x0000000091500000|100%| E|CS|TAMS 0x0000000091400000, 0x0000000091400000| Complete 
| 277|0x0000000091500000, 0x0000000091600000, 0x0000000091600000|100%| E|CS|TAMS 0x0000000091500000, 0x0000000091500000| Complete 
| 278|0x0000000091600000, 0x0000000091700000, 0x0000000091700000|100%| E|CS|TAMS 0x0000000091600000, 0x0000000091600000| Complete 
| 279|0x0000000091700000, 0x0000000091800000, 0x0000000091800000|100%| E|CS|TAMS 0x0000000091700000, 0x0000000091700000| Complete 
| 280|0x0000000091800000, 0x0000000091900000, 0x0000000091900000|100%| E|CS|TAMS 0x0000000091800000, 0x0000000091800000| Complete 
| 281|0x0000000091900000, 0x0000000091a00000, 0x0000000091a00000|100%| E|CS|TAMS 0x0000000091900000, 0x0000000091900000| Complete 
| 282|0x0000000091a00000, 0x0000000091b00000, 0x0000000091b00000|100%| E|CS|TAMS 0x0000000091a00000, 0x0000000091a00000| Complete 
| 283|0x0000000091b00000, 0x0000000091c00000, 0x0000000091c00000|100%| E|CS|TAMS 0x0000000091b00000, 0x0000000091b00000| Complete 
| 284|0x0000000091c00000, 0x0000000091d00000, 0x0000000091d00000|100%| E|CS|TAMS 0x0000000091c00000, 0x0000000091c00000| Complete 
| 285|0x0000000091d00000, 0x0000000091e00000, 0x0000000091e00000|100%| E|CS|TAMS 0x0000000091d00000, 0x0000000091d00000| Complete 
| 286|0x0000000091e00000, 0x0000000091f00000, 0x0000000091f00000|100%| E|CS|TAMS 0x0000000091e00000, 0x0000000091e00000| Complete 
| 287|0x0000000091f00000, 0x0000000092000000, 0x0000000092000000|100%| E|CS|TAMS 0x0000000091f00000, 0x0000000091f00000| Complete 
| 288|0x0000000092000000, 0x0000000092100000, 0x0000000092100000|100%| E|CS|TAMS 0x0000000092000000, 0x0000000092000000| Complete 
| 289|0x0000000092100000, 0x0000000092200000, 0x0000000092200000|100%| E|CS|TAMS 0x0000000092100000, 0x0000000092100000| Complete 
| 290|0x0000000092200000, 0x0000000092300000, 0x0000000092300000|100%| E|CS|TAMS 0x0000000092200000, 0x0000000092200000| Complete 
| 291|0x0000000092300000, 0x0000000092400000, 0x0000000092400000|100%| E|CS|TAMS 0x0000000092300000, 0x0000000092300000| Complete 
| 292|0x0000000092400000, 0x0000000092500000, 0x0000000092500000|100%| E|CS|TAMS 0x0000000092400000, 0x0000000092400000| Complete 
| 293|0x0000000092500000, 0x0000000092600000, 0x0000000092600000|100%| E|CS|TAMS 0x0000000092500000, 0x0000000092500000| Complete 
| 294|0x0000000092600000, 0x0000000092700000, 0x0000000092700000|100%| E|CS|TAMS 0x0000000092600000, 0x0000000092600000| Complete 
| 295|0x0000000092700000, 0x0000000092800000, 0x0000000092800000|100%| E|CS|TAMS 0x0000000092700000, 0x0000000092700000| Complete 
| 296|0x0000000092800000, 0x0000000092900000, 0x0000000092900000|100%| E|CS|TAMS 0x0000000092800000, 0x0000000092800000| Complete 
| 297|0x0000000092900000, 0x0000000092a00000, 0x0000000092a00000|100%| E|CS|TAMS 0x0000000092900000, 0x0000000092900000| Complete 
| 298|0x0000000092a00000, 0x0000000092b00000, 0x0000000092b00000|100%| E|CS|TAMS 0x0000000092a00000, 0x0000000092a00000| Complete 
| 299|0x0000000092b00000, 0x0000000092c00000, 0x0000000092c00000|100%| E|CS|TAMS 0x0000000092b00000, 0x0000000092b00000| Complete 
| 300|0x0000000092c00000, 0x0000000092d00000, 0x0000000092d00000|100%| E|CS|TAMS 0x0000000092c00000, 0x0000000092c00000| Complete 
| 301|0x0000000092d00000, 0x0000000092e00000, 0x0000000092e00000|100%| E|CS|TAMS 0x0000000092d00000, 0x0000000092d00000| Complete 
| 302|0x0000000092e00000, 0x0000000092f00000, 0x0000000092f00000|100%| E|CS|TAMS 0x0000000092e00000, 0x0000000092e00000| Complete 
| 303|0x0000000092f00000, 0x0000000093000000, 0x0000000093000000|100%| E|CS|TAMS 0x0000000092f00000, 0x0000000092f00000| Complete 
| 304|0x0000000093000000, 0x0000000093100000, 0x0000000093100000|100%| E|CS|TAMS 0x0000000093000000, 0x0000000093000000| Complete 
| 305|0x0000000093100000, 0x0000000093200000, 0x0000000093200000|100%| E|CS|TAMS 0x0000000093100000, 0x0000000093100000| Complete 
| 306|0x0000000093200000, 0x0000000093300000, 0x0000000093300000|100%| E|CS|TAMS 0x0000000093200000, 0x0000000093200000| Complete 
| 307|0x0000000093300000, 0x0000000093400000, 0x0000000093400000|100%| E|CS|TAMS 0x0000000093300000, 0x0000000093300000| Complete 
| 308|0x0000000093400000, 0x0000000093500000, 0x0000000093500000|100%| E|CS|TAMS 0x0000000093400000, 0x0000000093400000| Complete 
| 309|0x0000000093500000, 0x0000000093600000, 0x0000000093600000|100%| E|CS|TAMS 0x0000000093500000, 0x0000000093500000| Complete 
| 310|0x0000000093600000, 0x0000000093700000, 0x0000000093700000|100%| E|CS|TAMS 0x0000000093600000, 0x0000000093600000| Complete 
| 311|0x0000000093700000, 0x0000000093800000, 0x0000000093800000|100%| E|CS|TAMS 0x0000000093700000, 0x0000000093700000| Complete 
| 312|0x0000000093800000, 0x0000000093900000, 0x0000000093900000|100%| E|CS|TAMS 0x0000000093800000, 0x0000000093800000| Complete 
| 313|0x0000000093900000, 0x0000000093a00000, 0x0000000093a00000|100%| E|CS|TAMS 0x0000000093900000, 0x0000000093900000| Complete 
| 314|0x0000000093a00000, 0x0000000093b00000, 0x0000000093b00000|100%| E|CS|TAMS 0x0000000093a00000, 0x0000000093a00000| Complete 
| 315|0x0000000093b00000, 0x0000000093c00000, 0x0000000093c00000|100%| E|CS|TAMS 0x0000000093b00000, 0x0000000093b00000| Complete 
| 316|0x0000000093c00000, 0x0000000093d00000, 0x0000000093d00000|100%| E|CS|TAMS 0x0000000093c00000, 0x0000000093c00000| Complete 
| 317|0x0000000093d00000, 0x0000000093e00000, 0x0000000093e00000|100%| E|CS|TAMS 0x0000000093d00000, 0x0000000093d00000| Complete 
| 318|0x0000000093e00000, 0x0000000093f00000, 0x0000000093f00000|100%| E|CS|TAMS 0x0000000093e00000, 0x0000000093e00000| Complete 
| 319|0x0000000093f00000, 0x0000000094000000, 0x0000000094000000|100%| E|CS|TAMS 0x0000000093f00000, 0x0000000093f00000| Complete 
| 320|0x0000000094000000, 0x0000000094100000, 0x0000000094100000|100%| E|CS|TAMS 0x0000000094000000, 0x0000000094000000| Complete 
| 321|0x0000000094100000, 0x0000000094200000, 0x0000000094200000|100%| E|CS|TAMS 0x0000000094100000, 0x0000000094100000| Complete 
| 322|0x0000000094200000, 0x0000000094300000, 0x0000000094300000|100%| E|CS|TAMS 0x0000000094200000, 0x0000000094200000| Complete 
| 323|0x0000000094300000, 0x0000000094400000, 0x0000000094400000|100%| E|CS|TAMS 0x0000000094300000, 0x0000000094300000| Complete 
| 324|0x0000000094400000, 0x0000000094500000, 0x0000000094500000|100%| E|CS|TAMS 0x0000000094400000, 0x0000000094400000| Complete 
| 325|0x0000000094500000, 0x0000000094600000, 0x0000000094600000|100%| E|CS|TAMS 0x0000000094500000, 0x0000000094500000| Complete 
| 326|0x0000000094600000, 0x0000000094700000, 0x0000000094700000|100%| E|CS|TAMS 0x0000000094600000, 0x0000000094600000| Complete 
| 327|0x0000000094700000, 0x0000000094800000, 0x0000000094800000|100%| E|CS|TAMS 0x0000000094700000, 0x0000000094700000| Complete 
| 328|0x0000000094800000, 0x0000000094900000, 0x0000000094900000|100%| E|CS|TAMS 0x0000000094800000, 0x0000000094800000| Complete 

Card table byte_map: [0x000001fe21990000,0x000001fe21d90000] _byte_map_base: 0x000001fe21590000

Marking Bits (Prev, Next): (CMBitMap*) 0x000001fe0d321490, (CMBitMap*) 0x000001fe0d321450
 Prev Bits: [0x000001fe24190000, 0x000001fe26190000)
 Next Bits: [0x000001fe22190000, 0x000001fe24190000)

Polling page: 0x000001fe11f40000

Metaspace:

Usage:
  Non-class:     94.90 MB used.
      Class:     14.31 MB used.
       Both:    109.21 MB used.

Virtual space:
  Non-class space:       96.00 MB reserved,      95.38 MB (>99%) committed,  12 nodes.
      Class space:        1.00 GB reserved,      14.75 MB (  1%) committed,  1 nodes.
             Both:        1.09 GB reserved,     110.12 MB ( 10%) committed. 

Chunk freelists:
   Non-Class:  77.00 KB
       Class:  1.15 MB
        Both:  1.22 MB

MaxMetaspaceSize: unlimited
CompressedClassSpaceSize: 1.00 GB
Initial GC threshold: 21.00 MB
Current GC threshold: 149.38 MB
CDS: off
MetaspaceReclaimPolicy: balanced
 - commit_granule_bytes: 65536.
 - commit_granule_words: 8192.
 - virtual_space_node_default_size: 1048576.
 - enlarge_chunks_in_place: 1.
 - new_chunks_are_fully_committed: 0.
 - uncommit_free_chunks: 1.
 - use_allocation_guard: 0.
 - handle_deallocations: 1.


Internal statistics:

num_allocs_failed_limit: 3.
num_arena_births: 1372.
num_arena_deaths: 0.
num_vsnodes_births: 13.
num_vsnodes_deaths: 0.
num_space_committed: 1760.
num_space_uncommitted: 0.
num_chunks_returned_to_freelist: 3.
num_chunks_taken_from_freelist: 5668.
num_chunk_merges: 3.
num_chunk_splits: 3718.
num_chunks_enlarged: 2446.
num_purges: 0.
num_inconsistent_stats: 0.

CodeHeap 'non-profiled nmethods': size=120000Kb used=7391Kb max_used=7391Kb free=112608Kb
 bounds [0x000001fe19a30000, 0x000001fe1a170000, 0x000001fe20f60000]
CodeHeap 'profiled nmethods': size=120000Kb used=22187Kb max_used=22187Kb free=97812Kb
 bounds [0x000001fe11f60000, 0x000001fe13510000, 0x000001fe19490000]
CodeHeap 'non-nmethods': size=5760Kb used=2439Kb max_used=2516Kb free=3320Kb
 bounds [0x000001fe19490000, 0x000001fe19710000, 0x000001fe19a30000]
 total_blobs=12165 nmethods=11187 adapters=890
 compilation: enabled
              stopped_count=0, restarted_count=0
 full_count=0

Compilation events (20 events):
Event: 397.712 Thread 0x000001fe2941db20 12700       3       java.io.SerialCallbackContext::<init> (22 bytes)
Event: 397.713 Thread 0x000001fe2941db20 nmethod 12700 0x000001fe13504690 code [0x000001fe13504840, 0x000001fe13504ad8]
Event: 397.713 Thread 0x000001fe2941db20 12699       3       java.io.SerialCallbackContext::setUsed (6 bytes)
Event: 397.713 Thread 0x000001fe2941db20 nmethod 12699 0x000001fe13504b90 code [0x000001fe13504d20, 0x000001fe13504e58]
Event: 397.713 Thread 0x000001fe2941db20 12698       1       java.io.ObjectStreamClass$FieldReflector::getFields (5 bytes)
Event: 397.713 Thread 0x000001fe2941db20 nmethod 12698 0x000001fe1a167710 code [0x000001fe1a1678a0, 0x000001fe1a167978]
Event: 397.714 Thread 0x000001fe2941db20 12701       3       java.io.ObjectInputStream::readNull (27 bytes)
Event: 397.714 Thread 0x000001fe2941db20 nmethod 12701 0x000001fe13504f10 code [0x000001fe135050e0, 0x000001fe135054a8]
Event: 397.715 Thread 0x000001fe2941db20 12703       3       java.io.ObjectInputStream::readClassDesc (121 bytes)
Event: 397.717 Thread 0x000001fe2941db20 nmethod 12703 0x000001fe13505690 code [0x000001fe135059e0, 0x000001fe13506e08]
Event: 397.718 Thread 0x000001fe2941db20 12704   !   3       java.io.ObjectInputStream$BlockDataInputStream::refill (136 bytes)
Event: 397.718 Thread 0x000001fe2941db20 nmethod 12704 0x000001fe13507590 code [0x000001fe13507780, 0x000001fe13507cc8]
Event: 397.720 Thread 0x000001fe2941db20 12706       3       java.io.ObjectInputStream$BlockDataInputStream::skipBlockData (32 bytes)
Event: 397.721 Thread 0x000001fe2941db20 nmethod 12706 0x000001fe13507f90 code [0x000001fe13508160, 0x000001fe13508478]
Event: 397.721 Thread 0x000001fe2941db20 12705       3       java.io.ObjectInputStream::skipCustomData (105 bytes)
Event: 397.721 Thread 0x000001fe2941db20 nmethod 12705 0x000001fe13508590 code [0x000001fe13508820, 0x000001fe135091e8]
Event: 397.721 Thread 0x000001fe2941db20 12707       3       java.net.URLClassLoader::getURLs (8 bytes)
Event: 397.722 Thread 0x000001fe2941db20 nmethod 12707 0x000001fe13509590 code [0x000001fe13509760, 0x000001fe13509be8]
Event: 397.722 Thread 0x000001fe2941db20 12708   !   3       jdk.internal.loader.URLClassPath::getURLs (29 bytes)
Event: 397.722 Thread 0x000001fe2941db20 nmethod 12708 0x000001fe13509e10 code [0x000001fe13509fc0, 0x000001fe1350a3e8]

GC Heap History (20 events):
Event: 32.790 GC heap before
{Heap before GC invocations=51 (full 0):
 garbage-first heap   total 248832K, used 206752K [0x0000000080000000, 0x0000000100000000)
  region size 1024K, 49 young (50176K), 4 survivors (4096K)
 Metaspace       used 90920K, committed 91648K, reserved 1130496K
  class space    used 12250K, committed 12608K, reserved 1048576K
}
Event: 32.796 GC heap after
{Heap after GC invocations=52 (full 0):
 garbage-first heap   total 248832K, used 162311K [0x0000000080000000, 0x0000000100000000)
  region size 1024K, 5 young (5120K), 5 survivors (5120K)
 Metaspace       used 90920K, committed 91648K, reserved 1130496K
  class space    used 12250K, committed 12608K, reserved 1048576K
}
Event: 33.468 GC heap before
{Heap before GC invocations=52 (full 0):
 garbage-first heap   total 248832K, used 206343K [0x0000000080000000, 0x0000000100000000)
  region size 1024K, 48 young (49152K), 5 survivors (5120K)
 Metaspace       used 90920K, committed 91648K, reserved 1130496K
  class space    used 12250K, committed 12608K, reserved 1048576K
}
Event: 33.474 GC heap after
{Heap after GC invocations=53 (full 0):
 garbage-first heap   total 248832K, used 163722K [0x0000000080000000, 0x0000000100000000)
  region size 1024K, 4 young (4096K), 4 survivors (4096K)
 Metaspace       used 90920K, committed 91648K, reserved 1130496K
  class space    used 12250K, committed 12608K, reserved 1048576K
}
Event: 33.964 GC heap before
{Heap before GC invocations=53 (full 0):
 garbage-first heap   total 248832K, used 208778K [0x0000000080000000, 0x0000000100000000)
  region size 1024K, 48 young (49152K), 4 survivors (4096K)
 Metaspace       used 90920K, committed 91648K, reserved 1130496K
  class space    used 12250K, committed 12608K, reserved 1048576K
}
Event: 33.969 GC heap after
{Heap after GC invocations=54 (full 0):
 garbage-first heap   total 248832K, used 165168K [0x0000000080000000, 0x0000000100000000)
  region size 1024K, 4 young (4096K), 4 survivors (4096K)
 Metaspace       used 90920K, committed 91648K, reserved 1130496K
  class space    used 12250K, committed 12608K, reserved 1048576K
}
Event: 34.544 GC heap before
{Heap before GC invocations=54 (full 0):
 garbage-first heap   total 248832K, used 209200K [0x0000000080000000, 0x0000000100000000)
  region size 1024K, 47 young (48128K), 4 survivors (4096K)
 Metaspace       used 90920K, committed 91648K, reserved 1130496K
  class space    used 12250K, committed 12608K, reserved 1048576K
}
Event: 34.551 GC heap after
{Heap after GC invocations=55 (full 0):
 garbage-first heap   total 248832K, used 166538K [0x0000000080000000, 0x0000000100000000)
  region size 1024K, 4 young (4096K), 4 survivors (4096K)
 Metaspace       used 90920K, committed 91648K, reserved 1130496K
  class space    used 12250K, committed 12608K, reserved 1048576K
}
Event: 35.242 GC heap before
{Heap before GC invocations=55 (full 0):
 garbage-first heap   total 248832K, used 210570K [0x0000000080000000, 0x0000000100000000)
  region size 1024K, 47 young (48128K), 4 survivors (4096K)
 Metaspace       used 90920K, committed 91648K, reserved 1130496K
  class space    used 12250K, committed 12608K, reserved 1048576K
}
Event: 35.247 GC heap after
{Heap after GC invocations=56 (full 0):
 garbage-first heap   total 248832K, used 167999K [0x0000000080000000, 0x0000000100000000)
  region size 1024K, 4 young (4096K), 4 survivors (4096K)
 Metaspace       used 90920K, committed 91648K, reserved 1130496K
  class space    used 12250K, committed 12608K, reserved 1048576K
}
Event: 35.443 GC heap before
{Heap before GC invocations=56 (full 0):
 garbage-first heap   total 248832K, used 190527K [0x0000000080000000, 0x0000000100000000)
  region size 1024K, 17 young (17408K), 4 survivors (4096K)
 Metaspace       used 90960K, committed 91648K, reserved 1130496K
  class space    used 12260K, committed 12608K, reserved 1048576K
}
Event: 35.450 GC heap after
{Heap after GC invocations=57 (full 0):
 garbage-first heap   total 248832K, used 178581K [0x0000000080000000, 0x0000000100000000)
  region size 1024K, 3 young (3072K), 3 survivors (3072K)
 Metaspace       used 90960K, committed 91648K, reserved 1130496K
  class space    used 12260K, committed 12608K, reserved 1048576K
}
Event: 36.074 GC heap before
{Heap before GC invocations=58 (full 0):
 garbage-first heap   total 336896K, used 210325K [0x0000000080000000, 0x0000000100000000)
  region size 1024K, 28 young (28672K), 3 survivors (3072K)
 Metaspace       used 91627K, committed 92352K, reserved 1130496K
  class space    used 12318K, committed 12672K, reserved 1048576K
}
Event: 36.100 GC heap after
{Heap after GC invocations=59 (full 0):
 garbage-first heap   total 336896K, used 175447K [0x0000000080000000, 0x0000000100000000)
  region size 1024K, 4 young (4096K), 4 survivors (4096K)
 Metaspace       used 91627K, committed 92352K, reserved 1130496K
  class space    used 12318K, committed 12672K, reserved 1048576K
}
Event: 36.605 GC heap before
{Heap before GC invocations=59 (full 0):
 garbage-first heap   total 336896K, used 187735K [0x0000000080000000, 0x0000000100000000)
  region size 1024K, 16 young (16384K), 4 survivors (4096K)
 Metaspace       used 93894K, committed 94592K, reserved 1130496K
  class space    used 12536K, committed 12864K, reserved 1048576K
}
Event: 36.614 GC heap after
{Heap after GC invocations=60 (full 0):
 garbage-first heap   total 336896K, used 174110K [0x0000000080000000, 0x0000000100000000)
  region size 1024K, 1 young (1024K), 1 survivors (1024K)
 Metaspace       used 93894K, committed 94592K, reserved 1130496K
  class space    used 12536K, committed 12864K, reserved 1048576K
}
Event: 39.382 GC heap before
{Heap before GC invocations=60 (full 0):
 garbage-first heap   total 336896K, used 253982K [0x0000000080000000, 0x0000000100000000)
  region size 1024K, 79 young (80896K), 1 survivors (1024K)
 Metaspace       used 102252K, committed 103104K, reserved 1138688K
  class space    used 13652K, committed 14080K, reserved 1048576K
}
Event: 39.396 GC heap after
{Heap after GC invocations=61 (full 0):
 garbage-first heap   total 336896K, used 181673K [0x0000000080000000, 0x0000000100000000)
  region size 1024K, 9 young (9216K), 9 survivors (9216K)
 Metaspace       used 102252K, committed 103104K, reserved 1138688K
  class space    used 13652K, committed 14080K, reserved 1048576K
}
Event: 41.740 GC heap before
{Heap before GC invocations=61 (full 0):
 garbage-first heap   total 336896K, used 258473K [0x0000000080000000, 0x0000000100000000)
  region size 1024K, 85 young (87040K), 9 survivors (9216K)
 Metaspace       used 104324K, committed 105152K, reserved 1146880K
  class space    used 13867K, committed 14272K, reserved 1048576K
}
Event: 41.757 GC heap after
{Heap after GC invocations=62 (full 0):
 garbage-first heap   total 336896K, used 188205K [0x0000000080000000, 0x0000000100000000)
  region size 1024K, 9 young (9216K), 9 survivors (9216K)
 Metaspace       used 104324K, committed 105152K, reserved 1146880K
  class space    used 13867K, committed 14272K, reserved 1048576K
}

Dll operation events (2 events):
Event: 0.012 Loaded shared library C:\Program Files\Android\Android Studio\jbr\bin\java.dll
Event: 0.892 Loaded shared library C:\Program Files\Android\Android Studio\jbr\bin\verify.dll

Deoptimization events (20 events):
Event: 395.837 Thread 0x000001fe2cbd1900 Uncommon trap: trap_request=0xffffffde fr.pc=0x000001fe19c77ed0 relative=0x0000000000000270
Event: 395.837 Thread 0x000001fe2cbd1900 Uncommon trap: reason=class_check action=maybe_recompile pc=0x000001fe19c77ed0 method=java.util.stream.AbstractPipeline.copyIntoWithCancel(Ljava/util/stream/Sink;Ljava/util/Spliterator;)Z @ 32 c2
Event: 395.837 Thread 0x000001fe2cbd1900 DEOPT PACKING pc=0x000001fe19c77ed0 sp=0x0000006858efe380
Event: 395.837 Thread 0x000001fe2cbd1900 DEOPT UNPACKING pc=0x000001fe194e69a3 sp=0x0000006858efe2a0 mode 2
Event: 397.264 Thread 0x000001fe2cbd1900 Uncommon trap: trap_request=0xffffff45 fr.pc=0x000001fe1a05087c relative=0x00000000000004fc
Event: 397.264 Thread 0x000001fe2cbd1900 Uncommon trap: reason=unstable_if action=reinterpret pc=0x000001fe1a05087c method=org.gradle.cache.internal.DefaultCrossBuildInMemoryCacheFactory$AbstractCrossBuildInMemoryCache.getIfPresentWithoutLock(Ljava/lang/Object;)Ljava/lang/Object; @ 24 c2
Event: 397.264 Thread 0x000001fe2cbd1900 DEOPT PACKING pc=0x000001fe1a05087c sp=0x0000006858efb290
Event: 397.264 Thread 0x000001fe2cbd1900 DEOPT UNPACKING pc=0x000001fe194e69a3 sp=0x0000006858efb248 mode 2
Event: 397.408 Thread 0x000001fe2cbd1900 Uncommon trap: trap_request=0xffffff76 fr.pc=0x000001fe19f3ee2c relative=0x000000000000020c
Event: 397.408 Thread 0x000001fe2cbd1900 Uncommon trap: reason=predicate action=maybe_recompile pc=0x000001fe19f3ee2c method=java.util.ArrayList$ArrayListSpliterator.forEachRemaining(Ljava/util/function/Consumer;)V @ 83 c2
Event: 397.408 Thread 0x000001fe2cbd1900 DEOPT PACKING pc=0x000001fe19f3ee2c sp=0x0000006858efcbd0
Event: 397.408 Thread 0x000001fe2cbd1900 DEOPT UNPACKING pc=0x000001fe194e69a3 sp=0x0000006858efcb50 mode 2
Event: 397.419 Thread 0x000001fe2cbd1900 Uncommon trap: trap_request=0xffffff45 fr.pc=0x000001fe1a126b50 relative=0x00000000000001b0
Event: 397.419 Thread 0x000001fe2cbd1900 Uncommon trap: reason=unstable_if action=reinterpret pc=0x000001fe1a126b50 method=com.google.common.collect.EnumMultiset.add(Ljava/lang/Enum;I)I @ 75 c2
Event: 397.419 Thread 0x000001fe2cbd1900 DEOPT PACKING pc=0x000001fe1a126b50 sp=0x0000006858efbdb0
Event: 397.419 Thread 0x000001fe2cbd1900 DEOPT UNPACKING pc=0x000001fe194e69a3 sp=0x0000006858efbb90 mode 2
Event: 397.419 Thread 0x000001fe2cbd1900 Uncommon trap: trap_request=0xffffff45 fr.pc=0x000001fe1a128e6c relative=0x00000000000009cc
Event: 397.419 Thread 0x000001fe2cbd1900 Uncommon trap: reason=unstable_if action=reinterpret pc=0x000001fe1a128e6c method=com.google.common.collect.EnumMultiset.add(Ljava/lang/Enum;I)I @ 75 c2
Event: 397.419 Thread 0x000001fe2cbd1900 DEOPT PACKING pc=0x000001fe1a128e6c sp=0x0000006858efb9d0
Event: 397.419 Thread 0x000001fe2cbd1900 DEOPT UNPACKING pc=0x000001fe194e69a3 sp=0x0000006858efb760 mode 2

Classes unloaded (0 events):
No events

Classes redefined (0 events):
No events

Internal exceptions (20 events):
Event: 44.184 Thread 0x000001fe2c213130 Exception <a 'java/lang/ClassNotFoundException'{0x0000000092daa6d0}: java/util/CollectionCustomizer> (0x0000000092daa6d0) 
thrown [s\src\hotspot\share\classfile\systemDictionary.cpp, line 256]
Event: 44.194 Thread 0x000001fe2c213130 Exception <a 'java/lang/ClassNotFoundException'{0x0000000092dfca48}: org/gradle/api/tasks/SourceSetBeanInfo> (0x0000000092dfca48) 
thrown [s\src\hotspot\share\classfile\systemDictionary.cpp, line 256]
Event: 44.195 Thread 0x000001fe2c213130 Exception <a 'java/lang/ClassNotFoundException'{0x0000000092c068a0}: org/gradle/api/tasks/SourceSetCustomizer> (0x0000000092c068a0) 
thrown [s\src\hotspot\share\classfile\systemDictionary.cpp, line 256]
Event: 44.198 Thread 0x000001fe2c213130 Exception <a 'java/lang/ClassNotFoundException'{0x0000000092c782f0}: java/util/LinkedHashMapBeanInfo> (0x0000000092c782f0) 
thrown [s\src\hotspot\share\classfile\systemDictionary.cpp, line 256]
Event: 44.198 Thread 0x000001fe2c213130 Exception <a 'java/lang/ClassNotFoundException'{0x0000000092c7c868}: java/util/HashMapBeanInfo> (0x0000000092c7c868) 
thrown [s\src\hotspot\share\classfile\systemDictionary.cpp, line 256]
Event: 44.199 Thread 0x000001fe2c213130 Exception <a 'java/lang/ClassNotFoundException'{0x0000000092c81590}: java/util/AbstractMapBeanInfo> (0x0000000092c81590) 
thrown [s\src\hotspot\share\classfile\systemDictionary.cpp, line 256]
Event: 44.199 Thread 0x000001fe2c213130 Exception <a 'java/lang/ClassNotFoundException'{0x0000000092c85b08}: java/util/AbstractMapCustomizer> (0x0000000092c85b08) 
thrown [s\src\hotspot\share\classfile\systemDictionary.cpp, line 256]
Event: 44.200 Thread 0x000001fe2c213130 Exception <a 'java/lang/ClassNotFoundException'{0x0000000092c94250}: java/util/HashMapCustomizer> (0x0000000092c94250) 
thrown [s\src\hotspot\share\classfile\systemDictionary.cpp, line 256]
Event: 44.201 Thread 0x000001fe2c213130 Exception <a 'java/lang/ClassNotFoundException'{0x0000000092cb0750}: java/util/LinkedHashMapCustomizer> (0x0000000092cb0750) 
thrown [s\src\hotspot\share\classfile\systemDictionary.cpp, line 256]
Event: 44.615 Thread 0x000001fe2c213600 Exception <a 'java/lang/NoSuchMethodError'{0x00000000924d1858}: static Lorg/gradle/internal/classloader/ClassLoaderSpec;.<clinit>()V> (0x00000000924d1858) 
thrown [s\src\hotspot\share\prims\jni.cpp, line 1108]
Event: 44.616 Thread 0x000001fe2c213600 Exception <a 'java/lang/NoSuchMethodError'{0x00000000924e2a08}: static Lorg/gradle/internal/classloader/VisitableURLClassLoader$Spec;.<clinit>()V> (0x00000000924e2a08) 
thrown [s\src\hotspot\share\prims\jni.cpp, line 1108]
Event: 44.619 Thread 0x000001fe2c213600 Exception <a 'java/lang/NoSuchMethodError'{0x00000000924f92f8}: static [Ljava/net/URL;.<clinit>()V> (0x00000000924f92f8) 
thrown [s\src\hotspot\share\prims\jni.cpp, line 1108]
Event: 44.647 Thread 0x000001fe2c213600 Exception <a 'java/lang/NoSuchMethodError'{0x0000000092391cd8}: static Lorg/gradle/internal/classloader/FilteringClassLoader$Spec;.<clinit>()V> (0x0000000092391cd8) 
thrown [s\src\hotspot\share\prims\jni.cpp, line 1108]
Event: 44.652 Thread 0x000001fe2c213600 Exception <a 'java/lang/NoSuchMethodError'{0x00000000923a11b0}: static Lorg/gradle/internal/classloader/CachingClassLoader$Spec;.<clinit>()V> (0x00000000923a11b0) 
thrown [s\src\hotspot\share\prims\jni.cpp, line 1108]
Event: 44.660 Thread 0x000001fe34f60a20 Implicit null exception at 0x000001fe19f452ff to 0x000001fe19f45de4
Event: 44.660 Thread 0x000001fe34f60a20 Exception <a 'sun/nio/fs/WindowsException'{0x00000000923a7798}> (0x00000000923a7798) 
thrown [s\src\hotspot\share\prims\jni.cpp, line 517]
Event: 53.162 Thread 0x000001fe2ad4bc60 Implicit null exception at 0x000001fe19a6b772 to 0x000001fe19a6bd40
Event: 53.162 Thread 0x000001fe2ad4bc60 Implicit null exception at 0x000001fe19e708f2 to 0x000001fe19e70fdc
Event: 395.547 Thread 0x000001fe2cbd1430 Exception <a 'java/lang/NoSuchMethodError'{0x00000000904d7740}: static Lorg/gradle/launcher/daemon/protocol/Command;.<clinit>()V> (0x00000000904d7740) 
thrown [s\src\hotspot\share\prims\jni.cpp, line 1108]
Event: 395.599 Thread 0x000001fe2cbd1430 Exception <a 'java/lang/NoSuchMethodError'{0x000000009032cb18}: static Lorg/gradle/launcher/daemon/protocol/InvalidateVirtualFileSystem;.<clinit>()V> (0x000000009032cb18) 
thrown [s\src\hotspot\share\prims\jni.cpp, line 1108]

VM Operations (20 events):
Event: 215.435 Executing VM operation: Cleanup
Event: 215.435 Executing VM operation: Cleanup done
Event: 232.564 Executing VM operation: Cleanup
Event: 232.564 Executing VM operation: Cleanup done
Event: 281.007 Executing VM operation: Cleanup
Event: 281.007 Executing VM operation: Cleanup done
Event: 303.214 Executing VM operation: Cleanup
Event: 303.214 Executing VM operation: Cleanup done
Event: 382.791 Executing VM operation: Cleanup
Event: 382.791 Executing VM operation: Cleanup done
Event: 383.801 Executing VM operation: Cleanup
Event: 383.801 Executing VM operation: Cleanup done
Event: 395.944 Executing VM operation: Cleanup
Event: 395.959 Executing VM operation: Cleanup done
Event: 396.077 Executing VM operation: HandshakeAllThreads
Event: 396.109 Executing VM operation: HandshakeAllThreads done
Event: 396.216 Executing VM operation: HandshakeAllThreads
Event: 396.242 Executing VM operation: HandshakeAllThreads done
Event: 397.245 Executing VM operation: Cleanup
Event: 397.261 Executing VM operation: Cleanup done

Events (20 events):
Event: 105.015 Thread 0x000001fe2c213130 Thread exited: 0x000001fe2c213130
Event: 105.046 Thread 0x000001fe2a2c0b80 Thread exited: 0x000001fe2a2c0b80
Event: 395.447 Thread 0x000001fe2cbd0f60 Thread added: 0x000001fe2cbd0f60
Event: 395.450 Thread 0x000001fe2cbd1430 Thread added: 0x000001fe2cbd1430
Event: 395.450 Thread 0x000001fe2cbd5c60 Thread added: 0x000001fe2cbd5c60
Event: 395.451 Thread 0x000001fe2cbd2770 Thread added: 0x000001fe2cbd2770
Event: 395.514 Thread 0x000001fe2cbd00f0 Thread added: 0x000001fe2cbd00f0
Event: 395.605 Thread 0x000001fe2cbd1900 Thread added: 0x000001fe2cbd1900
Event: 395.614 Thread 0x000001fe2cbd35e0 Thread added: 0x000001fe2cbd35e0
Event: 395.649 loading class jdk/internal/math/FormattedFloatingDecimal$Form
Event: 395.773 loading class jdk/internal/math/FormattedFloatingDecimal$Form done
Event: 395.774 loading class jdk/internal/math/FormattedFloatingDecimal
Event: 395.789 loading class jdk/internal/math/FormattedFloatingDecimal done
Event: 395.789 loading class jdk/internal/math/FormattedFloatingDecimal$1
Event: 395.790 loading class jdk/internal/math/FormattedFloatingDecimal$1 done
Event: 395.794 loading class jdk/internal/math/FormattedFloatingDecimal$2
Event: 395.794 loading class jdk/internal/math/FormattedFloatingDecimal$2 done
Event: 395.857 Thread 0x000001fe2cbd0a90 Thread added: 0x000001fe2cbd0a90
Event: 395.925 Thread 0x000001fe2cbd3f80 Thread added: 0x000001fe2cbd3f80
Event: 396.288 Thread 0x000001fe2cbd1430 Thread exited: 0x000001fe2cbd1430


Dynamic libraries:
0x00007ff6dff10000 - 0x00007ff6dff1a000 	C:\Program Files\Android\Android Studio\jbr\bin\java.exe
0x00007ff824550000 - 0x00007ff824748000 	C:\Windows\SYSTEM32\ntdll.dll
0x00007ffffd9c0000 - 0x00007ffffd9da000 	C:\Program Files\Avast Software\Avast\aswhook.dll
0x00007ff8226d0000 - 0x00007ff822792000 	C:\Windows\System32\KERNEL32.DLL
0x00007ff821fa0000 - 0x00007ff82229e000 	C:\Windows\System32\KERNELBASE.dll
0x00007ff821ea0000 - 0x00007ff821fa0000 	C:\Windows\System32\ucrtbase.dll
0x00007ff80d2d0000 - 0x00007ff80d2e7000 	C:\Program Files\Android\Android Studio\jbr\bin\jli.dll
0x00007ff8196e0000 - 0x00007ff8196fb000 	C:\Program Files\Android\Android Studio\jbr\bin\VCRUNTIME140.dll
0x00007ff8229c0000 - 0x00007ff822b5d000 	C:\Windows\System32\USER32.dll
0x00007ff821c90000 - 0x00007ff821cb2000 	C:\Windows\System32\win32u.dll
0x00007ff8032d0000 - 0x00007ff80356a000 	C:\Windows\WinSxS\amd64_microsoft.windows.common-controls_6595b64144ccf1df_6.0.19041.4355_none_60b8b9eb71f62e16\COMCTL32.dll
0x00007ff823ca0000 - 0x00007ff823ccb000 	C:\Windows\System32\GDI32.dll
0x00007ff822400000 - 0x00007ff822517000 	C:\Windows\System32\gdi32full.dll
0x00007ff823cd0000 - 0x00007ff823d6e000 	C:\Windows\System32\msvcrt.dll
0x00007ff821d50000 - 0x00007ff821ded000 	C:\Windows\System32\msvcp_win.dll
0x00007ff824000000 - 0x00007ff82402f000 	C:\Windows\System32\IMM32.DLL
0x00007ff81ab20000 - 0x00007ff81ab2c000 	C:\Program Files\Android\Android Studio\jbr\bin\vcruntime140_1.dll
0x00007ff804ad0000 - 0x00007ff804b5d000 	C:\Program Files\Android\Android Studio\jbr\bin\msvcp140.dll
0x00007fffd5450000 - 0x00007fffd60be000 	C:\Program Files\Android\Android Studio\jbr\bin\server\jvm.dll
0x00007ff822ec0000 - 0x00007ff822f71000 	C:\Windows\System32\ADVAPI32.dll
0x00007ff822570000 - 0x00007ff82260f000 	C:\Windows\System32\sechost.dll
0x00007ff823d70000 - 0x00007ff823e93000 	C:\Windows\System32\RPCRT4.dll
0x00007ff821bf0000 - 0x00007ff821c17000 	C:\Windows\System32\bcrypt.dll
0x00007ff817190000 - 0x00007ff8171b7000 	C:\Windows\SYSTEM32\WINMM.dll
0x00007ff813850000 - 0x00007ff813859000 	C:\Windows\SYSTEM32\WSOCK32.dll
0x00007ff81b920000 - 0x00007ff81b92a000 	C:\Windows\SYSTEM32\VERSION.dll
0x00007ff824030000 - 0x00007ff82409b000 	C:\Windows\System32\WS2_32.dll
0x00007ff81fa90000 - 0x00007ff81faa2000 	C:\Windows\SYSTEM32\kernel.appcore.dll
0x00007ff81eaf0000 - 0x00007ff81eafa000 	C:\Program Files\Android\Android Studio\jbr\bin\jimage.dll
0x00007ff81c000000 - 0x00007ff81c1e4000 	C:\Windows\SYSTEM32\DBGHELP.DLL
0x00007ff81ad90000 - 0x00007ff81adc4000 	C:\Windows\SYSTEM32\dbgcore.DLL
0x00007ff821cc0000 - 0x00007ff821d42000 	C:\Windows\System32\bcryptPrimitives.dll
0x00007ff817240000 - 0x00007ff817265000 	C:\Program Files\Android\Android Studio\jbr\bin\java.dll
0x00007ff81ead0000 - 0x00007ff81eae8000 	C:\Program Files\Android\Android Studio\jbr\bin\zip.dll
0x00007ff823530000 - 0x00007ff823c9d000 	C:\Windows\System32\SHELL32.dll
0x00007ff81fc90000 - 0x00007ff820434000 	C:\Windows\SYSTEM32\windows.storage.dll
0x00007ff822b60000 - 0x00007ff822eb3000 	C:\Windows\System32\combase.dll
0x00007ff821550000 - 0x00007ff82157e000 	C:\Windows\SYSTEM32\Wldp.dll
0x00007ff823460000 - 0x00007ff82352d000 	C:\Windows\System32\OLEAUT32.dll
0x00007ff823f50000 - 0x00007ff823ffd000 	C:\Windows\System32\SHCORE.dll
0x00007ff822610000 - 0x00007ff822665000 	C:\Windows\System32\shlwapi.dll
0x00007ff821b20000 - 0x00007ff821b44000 	C:\Windows\SYSTEM32\profapi.dll
0x00007ff818a30000 - 0x00007ff818a49000 	C:\Program Files\Android\Android Studio\jbr\bin\net.dll
0x00007ff81b9d0000 - 0x00007ff81badd000 	C:\Windows\SYSTEM32\WINHTTP.dll
0x00007ff8212b0000 - 0x00007ff82131a000 	C:\Windows\system32\mswsock.dll
0x00007ff814f40000 - 0x00007ff814f56000 	C:\Program Files\Android\Android Studio\jbr\bin\nio.dll
0x00007ff81aaa0000 - 0x00007ff81aab0000 	C:\Program Files\Android\Android Studio\jbr\bin\verify.dll
0x00007ff804340000 - 0x00007ff804367000 	C:\Users\user\.gradle\native\68d5fa5c4cc2d200863cafc0d521ce42e7d3e7ee720ec0a83991735586a16f82\windows-amd64\native-platform.dll
0x00007ffff4a70000 - 0x00007ffff4bb4000 	C:\Users\user\.gradle\native\e376f236ea51e6404a007f0833ffe2c6e607c4080706a723a18a27aeea778392\windows-amd64\native-platform-file-events.dll
0x00007ff81a9d0000 - 0x00007ff81a9d9000 	C:\Program Files\Android\Android Studio\jbr\bin\management.dll
0x00007ff819960000 - 0x00007ff81996b000 	C:\Program Files\Android\Android Studio\jbr\bin\management_ext.dll
0x00007ff8231d0000 - 0x00007ff8231d8000 	C:\Windows\System32\PSAPI.DLL
0x00007ff8214a0000 - 0x00007ff8214b8000 	C:\Windows\SYSTEM32\CRYPTSP.dll
0x00007ff820bd0000 - 0x00007ff820c04000 	C:\Windows\system32\rsaenh.dll
0x00007ff821aa0000 - 0x00007ff821ace000 	C:\Windows\SYSTEM32\USERENV.dll
0x00007ff8214c0000 - 0x00007ff8214cc000 	C:\Windows\SYSTEM32\CRYPTBASE.dll
0x00007ff820f90000 - 0x00007ff820fcb000 	C:\Windows\SYSTEM32\IPHLPAPI.DLL
0x00007ff8229b0000 - 0x00007ff8229b8000 	C:\Windows\System32\NSI.dll
0x00007ff81cc00000 - 0x00007ff81cc17000 	C:\Windows\SYSTEM32\dhcpcsvc6.DLL
0x00007ff81cb20000 - 0x00007ff81cb3d000 	C:\Windows\SYSTEM32\dhcpcsvc.DLL
0x00007ff820fd0000 - 0x00007ff82109a000 	C:\Windows\SYSTEM32\DNSAPI.dll
0x00007ff819600000 - 0x00007ff819607000 	C:\Windows\system32\wshunix.dll

dbghelp: loaded successfully - version: 4.0.5 - missing functions: none
symbol engine: initialized successfully - sym options: 0x614 - pdb path: .;C:\Program Files\Android\Android Studio\jbr\bin;C:\Windows\SYSTEM32;C:\Program Files\Avast Software\Avast;C:\Windows\WinSxS\amd64_microsoft.windows.common-controls_6595b64144ccf1df_6.0.19041.4355_none_60b8b9eb71f62e16;C:\Program Files\Android\Android Studio\jbr\bin\server;C:\Users\user\.gradle\native\68d5fa5c4cc2d200863cafc0d521ce42e7d3e7ee720ec0a83991735586a16f82\windows-amd64;C:\Users\user\.gradle\native\e376f236ea51e6404a007f0833ffe2c6e607c4080706a723a18a27aeea778392\windows-amd64

VM Arguments:
jvm_args: --add-opens=java.base/java.util=ALL-UNNAMED --add-opens=java.base/java.lang=ALL-UNNAMED --add-opens=java.base/java.lang.invoke=ALL-UNNAMED --add-opens=java.prefs/java.util.prefs=ALL-UNNAMED --add-opens=java.base/java.nio.charset=ALL-UNNAMED --add-opens=java.base/java.net=ALL-UNNAMED --add-opens=java.base/java.util.concurrent.atomic=ALL-UNNAMED -Xmx2048m -Dfile.encoding=UTF-8 -Duser.country=US -Duser.language=en -Duser.variant 
java_command: org.gradle.launcher.daemon.bootstrap.GradleDaemon 8.0
java_class_path (initial): C:\Users\user\.gradle\wrapper\dists\gradle-8.0-bin\ca5e32bp14vu59qr306oxotwh\gradle-8.0\lib\gradle-launcher-8.0.jar
Launcher Type: SUN_STANDARD

[Global flags]
     intx CICompilerCount                          = 3                                         {product} {ergonomic}
     uint ConcGCThreads                            = 1                                         {product} {ergonomic}
     uint G1ConcRefinementThreads                  = 4                                         {product} {ergonomic}
   size_t G1HeapRegionSize                         = 1048576                                   {product} {ergonomic}
    uintx GCDrainStackTargetSize                   = 64                                        {product} {ergonomic}
   size_t InitialHeapSize                          = 100663296                                 {product} {ergonomic}
   size_t MarkStackSize                            = 4194304                                   {product} {ergonomic}
   size_t MaxHeapSize                              = 2147483648                                {product} {command line}
   size_t MaxNewSize                               = 1287651328                                {product} {ergonomic}
   size_t MinHeapDeltaBytes                        = 1048576                                   {product} {ergonomic}
   size_t MinHeapSize                              = 8388608                                   {product} {ergonomic}
    uintx NonNMethodCodeHeapSize                   = 5832780                                {pd product} {ergonomic}
    uintx NonProfiledCodeHeapSize                  = 122912730                              {pd product} {ergonomic}
    uintx ProfiledCodeHeapSize                     = 122912730                              {pd product} {ergonomic}
    uintx ReservedCodeCacheSize                    = 251658240                              {pd product} {ergonomic}
     bool SegmentedCodeCache                       = true                                      {product} {ergonomic}
   size_t SoftMaxHeapSize                          = 2147483648                             {manageable} {ergonomic}
     bool UseCompressedClassPointers               = true                           {product lp64_product} {ergonomic}
     bool UseCompressedOops                        = true                           {product lp64_product} {ergonomic}
     bool UseG1GC                                  = true                                      {product} {ergonomic}
     bool UseLargePagesIndividualAllocation        = false                                  {pd product} {ergonomic}

Logging:
Log output configuration:
 #0: stdout all=warning uptime,level,tags
 #1: stderr all=off uptime,level,tags

Environment Variables:
PATH=C:\Windows\system32;C:\Windows;C:\Windows\System32\Wbem;C:\Windows\System32\WindowsPowerShell\v1.0\;C:\Windows\System32\OpenSSH\;C:\Program Files\Microsoft SQL Server\150\Tools\Binn\;C:\Users\user\AppData\Local\Microsoft\WindowsApps;D:\Microsoft VS Code\bin
USERNAME=user
OS=Windows_NT
PROCESSOR_IDENTIFIER=AMD64 Family 23 Model 17 Stepping 0, AuthenticAMD
TMP=C:\Users\user\AppData\Local\Temp
TEMP=C:\Users\user\AppData\Local\Temp


JNI global refs:
JNI global refs: 24, weak refs: 1

JNI global refs memory usage: 843, weak refs: 841


---------------  S Y S T E M  ---------------

OS:
 Windows 10 , 64 bit Build 19041 (10.0.19041.5072)
OS uptime: 2 days 7:46 hours

CPU: total 4 (initial active 4) (4 cores per cpu, 2 threads per core) family 23 model 17 stepping 0 microcode 0x0, cx8, cmov, fxsr, ht, mmx, 3dnowpref, sse, sse2, sse3, ssse3, sse4a, sse4.1, sse4.2, popcnt, lzcnt, tsc, tscinvbit, avx, avx2, aes, clmul, bmi1, bmi2, adx, sha, fma, vzeroupper, clflush, clflushopt

Memory: 4k page, system-wide physical 6069M (412M free)
TotalPageFile size 10165M (AvailPageFile size 0M)
current process WorkingSet (physical memory assigned to process): 108M, peak: 635M
current process commit charge ("private bytes"): 608M, peak: 684M

vm_info: OpenJDK 64-Bit Server VM (17.0.6+0-b2043.56-10027231) for windows-amd64 JRE (17.0.6+0-b2043.56-10027231), built on Apr 28 2023 00:43:19 by "androidbuild" with MS VC++ 16.10 / 16.11 (VS2019)

END.
