#
# There is insufficient memory for the Java Runtime Environment to continue.
# Native memory allocation (mmap) failed to map 654311424 bytes for G1 virtual space
# Possible reasons:
#   The system is out of physical RAM or swap space
#   The process is running with CompressedOops enabled, and the Java Heap may be blocking the growth of the native heap
# Possible solutions:
#   Reduce memory load on the system
#   Increase physical memory or swap space
#   Check if swap backing store is full
#   Decrease Java heap size (-Xmx/-Xms)
#   Decrease number of Java threads
#   Decrease Java thread stack sizes (-Xss)
#   Set larger code cache with -XX:ReservedCodeCacheSize=
#   JVM is running with Unscaled Compressed Oops mode in which the Java heap is
#     placed in the first 4GB address space. The Java Heap base address is the
#     maximum limit for the native heap growth. Please use -XX:HeapBaseMinAddress
#     to set the Java Heap base and to place the Java Heap above 4GB virtual address.
# This output file may be truncated or incomplete.
#
#  Out of Memory Error (os_windows.cpp:3769), pid=15796, tid=2040
#
# JRE version: OpenJDK Runtime Environment (17.0.6) (build 17.0.6+0-b2043.56-10027231)
# Java VM: OpenJDK 64-Bit Server VM (17.0.6+0-b2043.56-10027231, mixed mode, tiered, compressed oops, compressed class ptrs, g1 gc, windows-amd64)
# No core dump will be written. Minidumps are not enabled by default on client versions of Windows
#

---------------  S U M M A R Y ------------

Command Line: --add-opens=java.base/java.util=ALL-UNNAMED --add-opens=java.base/java.lang=ALL-UNNAMED --add-opens=java.base/java.lang.invoke=ALL-UNNAMED --add-opens=java.prefs/java.util.prefs=ALL-UNNAMED --add-opens=java.base/java.nio.charset=ALL-UNNAMED --add-opens=java.base/java.net=ALL-UNNAMED --add-opens=java.base/java.util.concurrent.atomic=ALL-UNNAMED -Xmx2048m -Dfile.encoding=UTF-8 -Duser.country=US -Duser.language=en -Duser.variant org.gradle.launcher.daemon.bootstrap.GradleDaemon 8.0

Host: AMD Athlon 200GE with Radeon Vega Graphics     , 4 cores, 5G,  Windows 10 , 64 bit Build 19041 (10.0.19041.5072)
Time: Thu Dec 12 20:31:25 2024 Malay Peninsula Standard Time elapsed time: 461.246319 seconds (0d 0h 7m 41s)

---------------  T H R E A D  ---------------

Current thread (0x0000013d7eab07b0):  VMThread "VM Thread" [stack: 0x0000002eb7600000,0x0000002eb7700000] [id=2040]

Stack: [0x0000002eb7600000,0x0000002eb7700000]
Native frames: (J=compiled Java code, j=interpreted, Vv=VM code, C=native code)
V  [jvm.dll+0x683c9a]
V  [jvm.dll+0x8427a4]
V  [jvm.dll+0x843f9e]
V  [jvm.dll+0x844603]
V  [jvm.dll+0x249b75]
V  [jvm.dll+0x680b69]
V  [jvm.dll+0x67505a]
V  [jvm.dll+0x309acb]
V  [jvm.dll+0x310f86]
V  [jvm.dll+0x3608ee]
V  [jvm.dll+0x360b1f]
V  [jvm.dll+0x2dfbf8]
V  [jvm.dll+0x2ddec4]
V  [jvm.dll+0x2dd4cc]
V  [jvm.dll+0x322261]
V  [jvm.dll+0x848ccb]
V  [jvm.dll+0x849a04]
V  [jvm.dll+0x849f1d]
V  [jvm.dll+0x84a2f4]
V  [jvm.dll+0x84a3c0]
V  [jvm.dll+0x7f274a]
V  [jvm.dll+0x682ad5]
C  [ucrtbase.dll+0x21bb2]
C  [KERNEL32.DLL+0x17374]
C  [ntdll.dll+0x4cc91]

VM_Operation (0x0000002ebe4feab0): G1TryInitiateConcMark, mode: safepoint, requested by thread 0x0000013d0e22def0


---------------  P R O C E S S  ---------------

Threads class SMR info:
_java_thread_list=0x0000013d139152f0, length=105, elements={
0x0000013d695c7290, 0x0000013d7eab7710, 0x0000013d7eab8e60, 0x0000013d7eac3530,
0x0000013d7eaee1c0, 0x0000013d7eaef310, 0x0000013d7f413a90, 0x0000013d7f414e20,
0x0000013d7f415fb0, 0x0000013d7f422130, 0x0000013d7f5a4b30, 0x0000013d7f5c9b30,
0x0000013d085e9900, 0x0000013d07e50410, 0x0000013d08c3e030, 0x0000013d07d7c520,
0x0000013d07d7c050, 0x0000013d07d7e200, 0x0000013d07d7c9f0, 0x0000013d07d7cec0,
0x0000013d07d7eba0, 0x0000013d084c3560, 0x0000013d084c3a30, 0x0000013d084c2bc0,
0x0000013d084c1880, 0x0000013d084c0540, 0x0000013d084c0a10, 0x0000013d067ed190,
0x0000013d067eab10, 0x0000013d0e227eb0, 0x0000013d0df05960, 0x0000013d0e22def0,
0x0000013d07c6c2c0, 0x0000013d096e9080, 0x0000013d07c6ee10, 0x0000013d0df067d0,
0x0000013d096e6060, 0x0000013d096e6ed0, 0x0000013d096e9550, 0x0000013d096e7d40,
0x0000013d096e6530, 0x0000013d096e9a20, 0x0000013d096e73a0, 0x0000013d096e8210,
0x0000013d064bd080, 0x0000013d0df04fc0, 0x0000013d0df05e30, 0x0000013d0638ad30,
0x0000013d096e6a00, 0x0000013d096e7870, 0x0000013d096e86e0, 0x0000013d067ec320,
0x0000013d067f1020, 0x0000013d067ef340, 0x0000013d067e97d0, 0x0000013d067efce0,
0x0000013d067eb4b0, 0x0000013d067e9ca0, 0x0000013d067ea170, 0x0000013d067ea640,
0x0000013d067eb980, 0x0000013d067ebe50, 0x0000013d067edb30, 0x0000013d067eccc0,
0x0000013d067ee4d0, 0x0000013d0e22a530, 0x0000013d0e22c6e0, 0x0000013d0e228d20,
0x0000013d0e22ed60, 0x0000013d0e22aa00, 0x0000013d0e22da20, 0x0000013d0e2296c0,
0x0000013d0e229b90, 0x0000013d0e22aed0, 0x0000013d0e22e3c0, 0x0000013d0e22bd40,
0x0000013d0e22d080, 0x0000013d07d7e6d0, 0x0000013d07d7f070, 0x0000013d07d7f540,
0x0000013d07d7fa10, 0x0000013d07d7dd30, 0x0000013d07d7d390, 0x0000013d07d7d860,
0x0000013d084c3090, 0x0000013d084c0ee0, 0x0000013d0e56c1d0, 0x0000013d0e56d040,
0x0000013d0e56b360, 0x0000013d07c6d130, 0x0000013d07c6dad0, 0x0000013d07c6bdf0,
0x0000013d0e56c6a0, 0x0000013d0e56a4f0, 0x0000013d0e56d9e0, 0x0000013d0dad1c00,
0x0000013d0e56a9c0, 0x0000013d0df06300, 0x0000013d0df06ca0, 0x0000013d0df07170,
0x0000013d0e56ae90, 0x0000013d0dad3410, 0x0000013d0dacff20, 0x0000013d0dad38e0,
0x0000013d07c6dfa0
}

Java Threads: ( => current thread )
  0x0000013d695c7290 JavaThread "main" [_thread_blocked, id=1800, stack(0x0000002eb7000000,0x0000002eb7100000)]
  0x0000013d7eab7710 JavaThread "Reference Handler" daemon [_thread_blocked, id=2016, stack(0x0000002eb7700000,0x0000002eb7800000)]
  0x0000013d7eab8e60 JavaThread "Finalizer" daemon [_thread_blocked, id=17104, stack(0x0000002eb7800000,0x0000002eb7900000)]
  0x0000013d7eac3530 JavaThread "Signal Dispatcher" daemon [_thread_blocked, id=3396, stack(0x0000002eb7900000,0x0000002eb7a00000)]
  0x0000013d7eaee1c0 JavaThread "Attach Listener" daemon [_thread_blocked, id=6012, stack(0x0000002eb7a00000,0x0000002eb7b00000)]
  0x0000013d7eaef310 JavaThread "Service Thread" daemon [_thread_blocked, id=2188, stack(0x0000002eb7b00000,0x0000002eb7c00000)]
  0x0000013d7f413a90 JavaThread "Monitor Deflation Thread" daemon [_thread_blocked, id=2912, stack(0x0000002eb7c00000,0x0000002eb7d00000)]
  0x0000013d7f414e20 JavaThread "C2 CompilerThread0" daemon [_thread_blocked, id=15740, stack(0x0000002eb7d00000,0x0000002eb7e00000)]
  0x0000013d7f415fb0 JavaThread "C1 CompilerThread0" daemon [_thread_blocked, id=15696, stack(0x0000002eb7e00000,0x0000002eb7f00000)]
  0x0000013d7f422130 JavaThread "Sweeper thread" daemon [_thread_blocked, id=15968, stack(0x0000002eb7f00000,0x0000002eb8000000)]
  0x0000013d7f5a4b30 JavaThread "Common-Cleaner" daemon [_thread_blocked, id=4708, stack(0x0000002eb8000000,0x0000002eb8100000)]
  0x0000013d7f5c9b30 JavaThread "Notification Thread" daemon [_thread_blocked, id=9708, stack(0x0000002eb8100000,0x0000002eb8200000)]
  0x0000013d085e9900 JavaThread "Daemon health stats" [_thread_blocked, id=10664, stack(0x0000002eb8700000,0x0000002eb8800000)]
  0x0000013d07e50410 JavaThread "Incoming local TCP Connector on port 51135" [_thread_in_native, id=6160, stack(0x0000002eb8800000,0x0000002eb8900000)]
  0x0000013d08c3e030 JavaThread "Daemon periodic checks" [_thread_blocked, id=5528, stack(0x0000002eb8900000,0x0000002eb8a00000)]
  0x0000013d07d7c520 JavaThread "Cache worker for journal cache (C:\Users\user\.gradle\caches\journal-1)" [_thread_blocked, id=12324, stack(0x0000002eb8300000,0x0000002eb8400000)]
  0x0000013d07d7c050 JavaThread "File lock request listener" [_thread_in_native, id=13368, stack(0x0000002eb9100000,0x0000002eb9200000)]
  0x0000013d07d7e200 JavaThread "Cache worker for file hash cache (C:\Users\user\.gradle\caches\8.0\fileHashes)" [_thread_blocked, id=2184, stack(0x0000002eb9200000,0x0000002eb9300000)]
  0x0000013d07d7c9f0 JavaThread "File watcher server" daemon [_thread_blocked, id=4268, stack(0x0000002eb9400000,0x0000002eb9500000)]
  0x0000013d07d7cec0 JavaThread "File watcher consumer" daemon [_thread_blocked, id=4260, stack(0x0000002eb9500000,0x0000002eb9600000)]
  0x0000013d07d7eba0 JavaThread "Cache worker for file content cache (C:\Users\user\.gradle\caches\8.0\fileContent)" [_thread_blocked, id=11340, stack(0x0000002eb9800000,0x0000002eb9900000)]
  0x0000013d084c3560 JavaThread "Cache worker for execution history cache (C:\Users\user\.gradle\caches\8.0\executionHistory)" [_thread_blocked, id=15936, stack(0x0000002eb9300000,0x0000002eb9400000)]
  0x0000013d084c3a30 JavaThread "jar transforms" [_thread_blocked, id=13992, stack(0x0000002eb9c00000,0x0000002eb9d00000)]
  0x0000013d084c2bc0 JavaThread "jar transforms Thread 2" [_thread_blocked, id=9296, stack(0x0000002eb9d00000,0x0000002eb9e00000)]
  0x0000013d084c1880 JavaThread "Cache worker for kotlin-dsl (C:\Users\user\.gradle\caches\8.0\kotlin-dsl)" [_thread_blocked, id=15496, stack(0x0000002eb9f00000,0x0000002eba000000)]
  0x0000013d084c0540 JavaThread "jar transforms Thread 3" [_thread_blocked, id=15604, stack(0x0000002eba000000,0x0000002eba100000)]
  0x0000013d084c0a10 JavaThread "jar transforms Thread 4" [_thread_blocked, id=220, stack(0x0000002eba100000,0x0000002eba200000)]
  0x0000013d067ed190 JavaThread "Memory manager" [_thread_blocked, id=6072, stack(0x0000002ebcd00000,0x0000002ebce00000)]
  0x0000013d067eab10 JavaThread "pool-3-thread-1" [_thread_blocked, id=6628, stack(0x0000002ebce00000,0x0000002ebcf00000)]
  0x0000013d0e227eb0 JavaThread "Cache worker for Java compile cache (C:\Users\user\.gradle\caches\8.0\javaCompile)" [_thread_blocked, id=12356, stack(0x0000002ebdc00000,0x0000002ebdd00000)]
  0x0000013d0df05960 JavaThread "pool-8-thread-1" [_thread_blocked, id=9564, stack(0x0000002ebcb00000,0x0000002ebcc00000)]
  0x0000013d0e22def0 JavaThread "ForkJoinPool.commonPool-worker-5" daemon [_thread_blocked, id=14404, stack(0x0000002ebe400000,0x0000002ebe500000)]
  0x0000013d07c6c2c0 JavaThread "ForkJoinPool.commonPool-worker-6" daemon [_thread_blocked, id=13112, stack(0x0000002ebe500000,0x0000002ebe600000)]
  0x0000013d096e9080 JavaThread "pool-13-thread-1" [_thread_blocked, id=12772, stack(0x0000002ebd000000,0x0000002ebd100000)]
  0x0000013d07c6ee10 JavaThread "Daemon Thread 3" [_thread_blocked, id=13552, stack(0x0000002eb6d00000,0x0000002eb6e00000)]
  0x0000013d0df067d0 JavaThread "Handler for socket connection from /127.0.0.1:51135 to /127.0.0.1:51309" [_thread_in_native, id=7448, stack(0x0000002eb6e00000,0x0000002eb6f00000)]
  0x0000013d096e6060 JavaThread "Cancel handler" [_thread_blocked, id=12576, stack(0x0000002eb6f00000,0x0000002eb7000000)]
  0x0000013d096e6ed0 JavaThread "Daemon worker Thread 3" [_thread_blocked, id=7844, stack(0x0000002eb8a00000,0x0000002eb8b00000)]
  0x0000013d096e9550 JavaThread "Asynchronous log dispatcher for DefaultDaemonConnection: socket connection from /127.0.0.1:51135 to /127.0.0.1:51309" [_thread_blocked, id=7268, stack(0x0000002eb8b00000,0x0000002eb8c00000)]
  0x0000013d096e7d40 JavaThread "Stdin handler" [_thread_blocked, id=1224, stack(0x0000002eb8c00000,0x0000002eb8d00000)]
  0x0000013d096e6530 JavaThread "Daemon client event forwarder" [_thread_blocked, id=7484, stack(0x0000002eb8d00000,0x0000002eb8e00000)]
  0x0000013d096e9a20 JavaThread "Cache worker for checksums cache (C:\Users\user\AndroidStudioProjects\AptEase\.gradle\8.0\checksums)" [_thread_blocked, id=8792, stack(0x0000002eb8e00000,0x0000002eb8f00000)]
  0x0000013d096e73a0 JavaThread "Cache worker for cache directory md-rule (C:\Users\user\.gradle\caches\8.0\md-rule)" [_thread_blocked, id=5444, stack(0x0000002eb8f00000,0x0000002eb9000000)]
  0x0000013d096e8210 JavaThread "Cache worker for file hash cache (C:\Users\user\AndroidStudioProjects\AptEase\.gradle\8.0\fileHashes)" [_thread_blocked, id=14200, stack(0x0000002eb9000000,0x0000002eb9100000)]
  0x0000013d064bd080 JavaThread "Cache worker for cache directory md-supplier (C:\Users\user\.gradle\caches\8.0\md-supplier)" [_thread_blocked, id=14192, stack(0x0000002eb9600000,0x0000002eb9700000)]
  0x0000013d0df04fc0 JavaThread "Cache worker for dependencies-accessors (C:\Users\user\AndroidStudioProjects\AptEase\.gradle\8.0\dependencies-accessors)" [_thread_blocked, id=17396, stack(0x0000002eb9700000,0x0000002eb9800000)]
  0x0000013d0df05e30 JavaThread "Cache worker for Build Output Cleanup Cache (C:\Users\user\AndroidStudioProjects\AptEase\.gradle\buildOutputCleanup)" [_thread_blocked, id=15420, stack(0x0000002eb9900000,0x0000002eb9a00000)]
  0x0000013d0638ad30 JavaThread "C2 CompilerThread1" daemon [_thread_blocked, id=4648, stack(0x0000002eb9a00000,0x0000002eb9b00000)]
  0x0000013d096e6a00 JavaThread "Unconstrained build operations" [_thread_blocked, id=11520, stack(0x0000002eb9b00000,0x0000002eb9c00000)]
  0x0000013d096e7870 JavaThread "Unconstrained build operations Thread 2" [_thread_blocked, id=2372, stack(0x0000002eba200000,0x0000002eba300000)]
  0x0000013d096e86e0 JavaThread "Unconstrained build operations Thread 3" [_thread_blocked, id=2000, stack(0x0000002eba300000,0x0000002eba400000)]
  0x0000013d067ec320 JavaThread "Unconstrained build operations Thread 4" [_thread_blocked, id=12300, stack(0x0000002eba400000,0x0000002eba500000)]
  0x0000013d067f1020 JavaThread "Unconstrained build operations Thread 5" [_thread_blocked, id=13444, stack(0x0000002eba500000,0x0000002eba600000)]
  0x0000013d067ef340 JavaThread "Unconstrained build operations Thread 6" [_thread_blocked, id=3660, stack(0x0000002eba600000,0x0000002eba700000)]
  0x0000013d067e97d0 JavaThread "Unconstrained build operations Thread 7" [_thread_blocked, id=7204, stack(0x0000002eba700000,0x0000002eba800000)]
  0x0000013d067efce0 JavaThread "Unconstrained build operations Thread 8" [_thread_blocked, id=16520, stack(0x0000002eba800000,0x0000002eba900000)]
  0x0000013d067eb4b0 JavaThread "Unconstrained build operations Thread 9" [_thread_blocked, id=5296, stack(0x0000002eba900000,0x0000002ebaa00000)]
  0x0000013d067e9ca0 JavaThread "Unconstrained build operations Thread 10" [_thread_blocked, id=8128, stack(0x0000002ebaa00000,0x0000002ebab00000)]
  0x0000013d067ea170 JavaThread "Unconstrained build operations Thread 11" [_thread_blocked, id=4464, stack(0x0000002ebab00000,0x0000002ebac00000)]
  0x0000013d067ea640 JavaThread "Unconstrained build operations Thread 12" [_thread_blocked, id=6196, stack(0x0000002ebac00000,0x0000002ebad00000)]
  0x0000013d067eb980 JavaThread "Unconstrained build operations Thread 13" [_thread_blocked, id=9924, stack(0x0000002ebad00000,0x0000002ebae00000)]
  0x0000013d067ebe50 JavaThread "Unconstrained build operations Thread 14" [_thread_blocked, id=13724, stack(0x0000002ebae00000,0x0000002ebaf00000)]
  0x0000013d067edb30 JavaThread "Unconstrained build operations Thread 15" [_thread_blocked, id=17220, stack(0x0000002ebaf00000,0x0000002ebb000000)]
  0x0000013d067eccc0 JavaThread "Unconstrained build operations Thread 16" [_thread_blocked, id=17324, stack(0x0000002ebb000000,0x0000002ebb100000)]
  0x0000013d067ee4d0 JavaThread "Unconstrained build operations Thread 17" [_thread_blocked, id=3868, stack(0x0000002ebb100000,0x0000002ebb200000)]
  0x0000013d0e22a530 JavaThread "Unconstrained build operations Thread 18" [_thread_blocked, id=9412, stack(0x0000002ebb200000,0x0000002ebb300000)]
  0x0000013d0e22c6e0 JavaThread "Unconstrained build operations Thread 19" [_thread_blocked, id=17376, stack(0x0000002ebb300000,0x0000002ebb400000)]
  0x0000013d0e228d20 JavaThread "Unconstrained build operations Thread 20" [_thread_blocked, id=9332, stack(0x0000002ebb400000,0x0000002ebb500000)]
  0x0000013d0e22ed60 JavaThread "Unconstrained build operations Thread 21" [_thread_blocked, id=11908, stack(0x0000002ebb500000,0x0000002ebb600000)]
  0x0000013d0e22aa00 JavaThread "Unconstrained build operations Thread 22" [_thread_blocked, id=3920, stack(0x0000002ebb600000,0x0000002ebb700000)]
  0x0000013d0e22da20 JavaThread "Unconstrained build operations Thread 23" [_thread_blocked, id=10980, stack(0x0000002ebb700000,0x0000002ebb800000)]
  0x0000013d0e2296c0 JavaThread "Unconstrained build operations Thread 24" [_thread_blocked, id=10944, stack(0x0000002ebb800000,0x0000002ebb900000)]
  0x0000013d0e229b90 JavaThread "Unconstrained build operations Thread 25" [_thread_blocked, id=9724, stack(0x0000002ebb900000,0x0000002ebba00000)]
  0x0000013d0e22aed0 JavaThread "Unconstrained build operations Thread 26" [_thread_blocked, id=10948, stack(0x0000002ebba00000,0x0000002ebbb00000)]
  0x0000013d0e22e3c0 JavaThread "Unconstrained build operations Thread 27" [_thread_blocked, id=10524, stack(0x0000002ebbb00000,0x0000002ebbc00000)]
  0x0000013d0e22bd40 JavaThread "Unconstrained build operations Thread 28" [_thread_blocked, id=15956, stack(0x0000002ebbc00000,0x0000002ebbd00000)]
  0x0000013d0e22d080 JavaThread "Unconstrained build operations Thread 29" [_thread_blocked, id=7076, stack(0x0000002ebbd00000,0x0000002ebbe00000)]
  0x0000013d07d7e6d0 JavaThread "Unconstrained build operations Thread 30" [_thread_blocked, id=6140, stack(0x0000002ebbe00000,0x0000002ebbf00000)]
  0x0000013d07d7f070 JavaThread "Unconstrained build operations Thread 31" [_thread_blocked, id=4368, stack(0x0000002ebbf00000,0x0000002ebc000000)]
  0x0000013d07d7f540 JavaThread "Unconstrained build operations Thread 32" [_thread_blocked, id=7436, stack(0x0000002ebc000000,0x0000002ebc100000)]
  0x0000013d07d7fa10 JavaThread "Unconstrained build operations Thread 33" [_thread_blocked, id=14084, stack(0x0000002ebc100000,0x0000002ebc200000)]
  0x0000013d07d7dd30 JavaThread "Unconstrained build operations Thread 34" [_thread_blocked, id=4944, stack(0x0000002ebc200000,0x0000002ebc300000)]
  0x0000013d07d7d390 JavaThread "Unconstrained build operations Thread 35" [_thread_blocked, id=6152, stack(0x0000002ebc300000,0x0000002ebc400000)]
  0x0000013d07d7d860 JavaThread "Unconstrained build operations Thread 36" [_thread_blocked, id=1228, stack(0x0000002ebc400000,0x0000002ebc500000)]
  0x0000013d084c3090 JavaThread "Unconstrained build operations Thread 37" [_thread_blocked, id=8880, stack(0x0000002ebc500000,0x0000002ebc600000)]
  0x0000013d084c0ee0 JavaThread "Unconstrained build operations Thread 38" [_thread_blocked, id=3464, stack(0x0000002ebc600000,0x0000002ebc700000)]
  0x0000013d0e56c1d0 JavaThread "Unconstrained build operations Thread 39" [_thread_blocked, id=9356, stack(0x0000002ebc700000,0x0000002ebc800000)]
  0x0000013d0e56d040 JavaThread "Unconstrained build operations Thread 40" [_thread_blocked, id=15908, stack(0x0000002ebc800000,0x0000002ebc900000)]
  0x0000013d0e56b360 JavaThread "build event listener" [_thread_blocked, id=4812, stack(0x0000002ebc900000,0x0000002ebca00000)]
  0x0000013d07c6d130 JavaThread "pool-17-thread-1" [_thread_blocked, id=10992, stack(0x0000002ebca00000,0x0000002ebcb00000)]
  0x0000013d07c6dad0 JavaThread "build event listener" [_thread_blocked, id=11624, stack(0x0000002ebcc00000,0x0000002ebcd00000)]
  0x0000013d07c6bdf0 JavaThread "included builds" [_thread_blocked, id=6832, stack(0x0000002ebcf00000,0x0000002ebd000000)]
  0x0000013d0e56c6a0 JavaThread "Execution worker" [_thread_blocked, id=13664, stack(0x0000002ebd100000,0x0000002ebd200000)]
  0x0000013d0e56a4f0 JavaThread "Execution worker Thread 2" [_thread_blocked, id=384, stack(0x0000002ebd200000,0x0000002ebd300000)]
  0x0000013d0e56d9e0 JavaThread "Execution worker Thread 3" [_thread_blocked, id=10712, stack(0x0000002ebd300000,0x0000002ebd400000)]
  0x0000013d0dad1c00 JavaThread "Cache worker for execution history cache (C:\Users\user\AndroidStudioProjects\AptEase\.gradle\8.0\executionHistory)" [_thread_blocked, id=7724, stack(0x0000002ebd400000,0x0000002ebd500000)]
  0x0000013d0e56a9c0 JavaThread "Build operations" [_thread_blocked, id=8564, stack(0x0000002ebd500000,0x0000002ebd600000)]
  0x0000013d0df06300 JavaThread "Build operations Thread 2" [_thread_blocked, id=8680, stack(0x0000002ebd600000,0x0000002ebd700000)]
  0x0000013d0df06ca0 JavaThread "Build operations Thread 3" [_thread_blocked, id=13384, stack(0x0000002ebd700000,0x0000002ebd800000)]
  0x0000013d0df07170 JavaThread "Build operations Thread 4" [_thread_blocked, id=11236, stack(0x0000002ebd900000,0x0000002ebda00000)]
  0x0000013d0e56ae90 JavaThread "WorkerExecutor Queue" [_thread_blocked, id=17132, stack(0x0000002ebda00000,0x0000002ebdb00000)]
  0x0000013d0dad3410 JavaThread "WorkerExecutor Queue Thread 2" [_thread_blocked, id=7200, stack(0x0000002ebdb00000,0x0000002ebdc00000)]
  0x0000013d0dacff20 JavaThread "WorkerExecutor Queue Thread 3" [_thread_blocked, id=2460, stack(0x0000002ebdd00000,0x0000002ebde00000)]
  0x0000013d0dad38e0 JavaThread "WorkerExecutor Queue Thread 4" [_thread_blocked, id=8136, stack(0x0000002ebde00000,0x0000002ebdf00000)]
  0x0000013d07c6dfa0 JavaThread "WorkerExecutor Queue Thread 5" [_thread_blocked, id=9984, stack(0x0000002ebdf00000,0x0000002ebe000000)]

Other Threads:
=>0x0000013d7eab07b0 VMThread "VM Thread" [stack: 0x0000002eb7600000,0x0000002eb7700000] [id=2040]
  0x0000013d6963d7a0 WatcherThread [stack: 0x0000002eb8200000,0x0000002eb8300000] [id=3412]
  0x0000013d69621350 GCTaskThread "GC Thread#0" [stack: 0x0000002eb7100000,0x0000002eb7200000] [id=14272]
  0x0000013d7fbe65f0 GCTaskThread "GC Thread#1" [stack: 0x0000002eb8400000,0x0000002eb8500000] [id=14924]
  0x0000013d7fdc1280 GCTaskThread "GC Thread#2" [stack: 0x0000002eb8500000,0x0000002eb8600000] [id=3472]
  0x0000013d065acc50 GCTaskThread "GC Thread#3" [stack: 0x0000002eb8600000,0x0000002eb8700000] [id=9496]
  0x0000013d69632360 ConcurrentGCThread "G1 Main Marker" [stack: 0x0000002eb7200000,0x0000002eb7300000] [id=11376]
  0x0000013d69635520 ConcurrentGCThread "G1 Conc#0" [stack: 0x0000002eb7300000,0x0000002eb7400000] [id=7488]
  0x0000013d7e910090 ConcurrentGCThread "G1 Refine#0" [stack: 0x0000002eb7400000,0x0000002eb7500000] [id=7328]
  0x0000013d084dbbf0 ConcurrentGCThread "G1 Refine#1" [stack: 0x0000002eb9e00000,0x0000002eb9f00000] [id=4720]
  0x0000013d084db630 ConcurrentGCThread "G1 Refine#2" [stack: 0x0000002ebd800000,0x0000002ebd900000] [id=10044]
  0x0000013d7e910ab0 ConcurrentGCThread "G1 Service" [stack: 0x0000002eb7500000,0x0000002eb7600000] [id=5836]

Threads with active compile tasks:
C2 CompilerThread0   461316 22673       4       com.android.tools.r8.internal.B4::<init> (21 bytes)
C2 CompilerThread1   461316 22615       4       org.gradle.api.internal.artifacts.transform.TransformationStep$$Lambda$1077/0x0000000100c9c730::apply (20 bytes)

VM state: at safepoint (normal execution)

VM Mutex/Monitor currently owned by a thread:  ([mutex/lock_event])
[0x0000013d695c18c0] Threads_lock - owner thread: 0x0000013d7eab07b0
[0x0000013d695c1a70] Heap_lock - owner thread: 0x0000013d0e22def0

Heap address: 0x0000000080000000, size: 2048 MB, Compressed Oops mode: 32-bit

CDS archive(s) not mapped
Compressed class space mapped at: 0x0000000100000000-0x0000000140000000, reserved size: 1073741824
Narrow klass base: 0x0000000000000000, Narrow klass shift: 3, Narrow klass range: 0x140000000

GC Precious Log:
 CPUs: 4 total, 4 available
 Memory: 6069M
 Large Page Support: Disabled
 NUMA Support: Disabled
 Compressed Oops: Enabled (32-bit)
 Heap Region Size: 1M
 Heap Min Capacity: 8M
 Heap Initial Capacity: 96M
 Heap Max Capacity: 2G
 Pre-touch: Disabled
 Parallel Workers: 4
 Concurrent Workers: 1
 Concurrent Refinement Workers: 4
 Periodic GC: Disabled

Heap:
 garbage-first heap   total 319488K, used 145455K [0x0000000080000000, 0x0000000100000000)
  region size 1024K, 5 young (5120K), 5 survivors (5120K)
 Metaspace       used 138563K, committed 139584K, reserved 1171456K
  class space    used 18321K, committed 18816K, reserved 1048576K

Heap Regions: E=young(eden), S=young(survivor), O=old, HS=humongous(starts), HC=humongous(continues), CS=collection set, F=free, OA=open archive, CA=closed archive, TAMS=top-at-mark-start (previous, next)
|   0|0x0000000080000000, 0x0000000080100000, 0x0000000080100000|100%| O|  |TAMS 0x0000000080100000, 0x0000000080100000| Untracked 
|   1|0x0000000080100000, 0x0000000080200000, 0x0000000080200000|100%| O|  |TAMS 0x0000000080200000, 0x0000000080200000| Untracked 
|   2|0x0000000080200000, 0x0000000080300000, 0x0000000080300000|100%|HS|  |TAMS 0x0000000080300000, 0x0000000080300000| Complete 
|   3|0x0000000080300000, 0x0000000080400000, 0x0000000080400000|100%|HC|  |TAMS 0x0000000080400000, 0x0000000080400000| Complete 
|   4|0x0000000080400000, 0x0000000080500000, 0x0000000080500000|100%|HC|  |TAMS 0x0000000080500000, 0x0000000080500000| Complete 
|   5|0x0000000080500000, 0x0000000080600000, 0x0000000080600000|100%|HC|  |TAMS 0x0000000080600000, 0x0000000080600000| Complete 
|   6|0x0000000080600000, 0x0000000080700000, 0x0000000080700000|100%| O|  |TAMS 0x0000000080700000, 0x0000000080700000| Untracked 
|   7|0x0000000080700000, 0x0000000080800000, 0x0000000080800000|100%| O|  |TAMS 0x0000000080800000, 0x0000000080800000| Untracked 
|   8|0x0000000080800000, 0x0000000080900000, 0x0000000080900000|100%| O|  |TAMS 0x0000000080900000, 0x0000000080900000| Untracked 
|   9|0x0000000080900000, 0x0000000080a00000, 0x0000000080a00000|100%| O|  |TAMS 0x0000000080a00000, 0x0000000080a00000| Untracked 
|  10|0x0000000080a00000, 0x0000000080b00000, 0x0000000080b00000|100%| O|  |TAMS 0x0000000080b00000, 0x0000000080b00000| Untracked 
|  11|0x0000000080b00000, 0x0000000080c00000, 0x0000000080c00000|100%| O|  |TAMS 0x0000000080c00000, 0x0000000080c00000| Untracked 
|  12|0x0000000080c00000, 0x0000000080d00000, 0x0000000080d00000|100%| O|  |TAMS 0x0000000080d00000, 0x0000000080d00000| Untracked 
|  13|0x0000000080d00000, 0x0000000080e00000, 0x0000000080e00000|100%| O|  |TAMS 0x0000000080e00000, 0x0000000080e00000| Untracked 
|  14|0x0000000080e00000, 0x0000000080f00000, 0x0000000080f00000|100%| O|  |TAMS 0x0000000080f00000, 0x0000000080f00000| Untracked 
|  15|0x0000000080f00000, 0x0000000081000000, 0x0000000081000000|100%| O|  |TAMS 0x0000000081000000, 0x0000000081000000| Untracked 
|  16|0x0000000081000000, 0x0000000081100000, 0x0000000081100000|100%| O|  |TAMS 0x0000000081100000, 0x0000000081100000| Untracked 
|  17|0x0000000081100000, 0x0000000081200000, 0x0000000081200000|100%| O|  |TAMS 0x0000000081200000, 0x0000000081200000| Untracked 
|  18|0x0000000081200000, 0x0000000081300000, 0x0000000081300000|100%| O|  |TAMS 0x0000000081300000, 0x0000000081300000| Untracked 
|  19|0x0000000081300000, 0x0000000081400000, 0x0000000081400000|100%| O|  |TAMS 0x0000000081400000, 0x0000000081400000| Untracked 
|  20|0x0000000081400000, 0x0000000081500000, 0x0000000081500000|100%| O|  |TAMS 0x0000000081500000, 0x0000000081500000| Untracked 
|  21|0x0000000081500000, 0x0000000081600000, 0x0000000081600000|100%| O|  |TAMS 0x0000000081600000, 0x0000000081600000| Untracked 
|  22|0x0000000081600000, 0x0000000081700000, 0x0000000081700000|100%| O|  |TAMS 0x0000000081700000, 0x0000000081700000| Untracked 
|  23|0x0000000081700000, 0x0000000081800000, 0x0000000081800000|100%| O|  |TAMS 0x0000000081800000, 0x0000000081800000| Untracked 
|  24|0x0000000081800000, 0x0000000081900000, 0x0000000081900000|100%| O|  |TAMS 0x0000000081900000, 0x0000000081900000| Untracked 
|  25|0x0000000081900000, 0x0000000081a00000, 0x0000000081a00000|100%| O|  |TAMS 0x0000000081a00000, 0x0000000081a00000| Untracked 
|  26|0x0000000081a00000, 0x0000000081b00000, 0x0000000081b00000|100%| O|  |TAMS 0x0000000081b00000, 0x0000000081b00000| Untracked 
|  27|0x0000000081b00000, 0x0000000081c00000, 0x0000000081c00000|100%| O|  |TAMS 0x0000000081c00000, 0x0000000081c00000| Untracked 
|  28|0x0000000081c00000, 0x0000000081d00000, 0x0000000081d00000|100%| O|  |TAMS 0x0000000081d00000, 0x0000000081d00000| Untracked 
|  29|0x0000000081d00000, 0x0000000081d00000, 0x0000000081e00000|  0%| F|  |TAMS 0x0000000081d00000, 0x0000000081d00000| Untracked 
|  30|0x0000000081e00000, 0x0000000081f00000, 0x0000000081f00000|100%| O|  |TAMS 0x0000000081f00000, 0x0000000081f00000| Untracked 
|  31|0x0000000081f00000, 0x0000000082000000, 0x0000000082000000|100%| O|  |TAMS 0x0000000081f00000, 0x0000000082000000| Untracked 
|  32|0x0000000082000000, 0x0000000082100000, 0x0000000082100000|100%| O|  |TAMS 0x0000000082100000, 0x0000000082100000| Untracked 
|  33|0x0000000082100000, 0x0000000082100000, 0x0000000082200000|  0%| F|  |TAMS 0x0000000082100000, 0x0000000082100000| Untracked 
|  34|0x0000000082200000, 0x0000000082300000, 0x0000000082300000|100%| O|  |TAMS 0x0000000082300000, 0x0000000082300000| Untracked 
|  35|0x0000000082300000, 0x0000000082400000, 0x0000000082400000|100%| O|  |TAMS 0x0000000082400000, 0x0000000082400000| Untracked 
|  36|0x0000000082400000, 0x0000000082500000, 0x0000000082500000|100%| O|  |TAMS 0x0000000082400000, 0x0000000082500000| Untracked 
|  37|0x0000000082500000, 0x0000000082600000, 0x0000000082600000|100%| O|  |TAMS 0x0000000082600000, 0x0000000082600000| Untracked 
|  38|0x0000000082600000, 0x0000000082700000, 0x0000000082700000|100%| O|  |TAMS 0x0000000082700000, 0x0000000082700000| Untracked 
|  39|0x0000000082700000, 0x0000000082800000, 0x0000000082800000|100%|HS|  |TAMS 0x0000000082800000, 0x0000000082800000| Complete 
|  40|0x0000000082800000, 0x0000000082900000, 0x0000000082900000|100%|HS|  |TAMS 0x0000000082900000, 0x0000000082900000| Complete 
|  41|0x0000000082900000, 0x0000000082a00000, 0x0000000082a00000|100%|HS|  |TAMS 0x0000000082a00000, 0x0000000082a00000| Complete 
|  42|0x0000000082a00000, 0x0000000082b00000, 0x0000000082b00000|100%| O|  |TAMS 0x0000000082b00000, 0x0000000082b00000| Untracked 
|  43|0x0000000082b00000, 0x0000000082c00000, 0x0000000082c00000|100%| O|  |TAMS 0x0000000082c00000, 0x0000000082c00000| Untracked 
|  44|0x0000000082c00000, 0x0000000082d00000, 0x0000000082d00000|100%| O|  |TAMS 0x0000000082d00000, 0x0000000082d00000| Untracked 
|  45|0x0000000082d00000, 0x0000000082e00000, 0x0000000082e00000|100%| O|  |TAMS 0x0000000082e00000, 0x0000000082e00000| Untracked 
|  46|0x0000000082e00000, 0x0000000082f00000, 0x0000000082f00000|100%| O|  |TAMS 0x0000000082f00000, 0x0000000082f00000| Untracked 
|  47|0x0000000082f00000, 0x0000000083000000, 0x0000000083000000|100%| O|  |TAMS 0x0000000083000000, 0x0000000083000000| Untracked 
|  48|0x0000000083000000, 0x0000000083100000, 0x0000000083100000|100%| O|  |TAMS 0x0000000083100000, 0x0000000083100000| Untracked 
|  49|0x0000000083100000, 0x0000000083200000, 0x0000000083200000|100%| O|  |TAMS 0x0000000083200000, 0x0000000083200000| Untracked 
|  50|0x0000000083200000, 0x0000000083300000, 0x0000000083300000|100%| O|  |TAMS 0x0000000083300000, 0x0000000083300000| Untracked 
|  51|0x0000000083300000, 0x0000000083400000, 0x0000000083400000|100%| O|  |TAMS 0x0000000083400000, 0x0000000083400000| Untracked 
|  52|0x0000000083400000, 0x0000000083500000, 0x0000000083500000|100%| O|  |TAMS 0x0000000083500000, 0x0000000083500000| Untracked 
|  53|0x0000000083500000, 0x0000000083600000, 0x0000000083600000|100%| O|  |TAMS 0x0000000083600000, 0x0000000083600000| Untracked 
|  54|0x0000000083600000, 0x0000000083700000, 0x0000000083700000|100%| O|  |TAMS 0x0000000083700000, 0x0000000083700000| Untracked 
|  55|0x0000000083700000, 0x0000000083800000, 0x0000000083800000|100%| O|  |TAMS 0x0000000083700000, 0x0000000083800000| Untracked 
|  56|0x0000000083800000, 0x0000000083900000, 0x0000000083900000|100%| O|  |TAMS 0x0000000083900000, 0x0000000083900000| Untracked 
|  57|0x0000000083900000, 0x0000000083a00000, 0x0000000083a00000|100%| O|  |TAMS 0x0000000083a00000, 0x0000000083a00000| Untracked 
|  58|0x0000000083a00000, 0x0000000083b00000, 0x0000000083b00000|100%| O|  |TAMS 0x0000000083b00000, 0x0000000083b00000| Untracked 
|  59|0x0000000083b00000, 0x0000000083c00000, 0x0000000083c00000|100%| O|  |TAMS 0x0000000083c00000, 0x0000000083c00000| Untracked 
|  60|0x0000000083c00000, 0x0000000083d00000, 0x0000000083d00000|100%| O|  |TAMS 0x0000000083d00000, 0x0000000083d00000| Untracked 
|  61|0x0000000083d00000, 0x0000000083e00000, 0x0000000083e00000|100%| O|  |TAMS 0x0000000083e00000, 0x0000000083e00000| Untracked 
|  62|0x0000000083e00000, 0x0000000083f00000, 0x0000000083f00000|100%| O|  |TAMS 0x0000000083f00000, 0x0000000083f00000| Untracked 
|  63|0x0000000083f00000, 0x0000000084000000, 0x0000000084000000|100%| O|  |TAMS 0x0000000084000000, 0x0000000084000000| Untracked 
|  64|0x0000000084000000, 0x0000000084100000, 0x0000000084100000|100%| O|  |TAMS 0x0000000084100000, 0x0000000084100000| Untracked 
|  65|0x0000000084100000, 0x0000000084200000, 0x0000000084200000|100%| O|  |TAMS 0x0000000084200000, 0x0000000084200000| Untracked 
|  66|0x0000000084200000, 0x0000000084300000, 0x0000000084300000|100%| O|  |TAMS 0x0000000084300000, 0x0000000084300000| Untracked 
|  67|0x0000000084300000, 0x0000000084400000, 0x0000000084400000|100%| O|  |TAMS 0x0000000084400000, 0x0000000084400000| Untracked 
|  68|0x0000000084400000, 0x0000000084500000, 0x0000000084500000|100%| O|  |TAMS 0x0000000084500000, 0x0000000084500000| Untracked 
|  69|0x0000000084500000, 0x0000000084600000, 0x0000000084600000|100%| O|  |TAMS 0x0000000084600000, 0x0000000084600000| Untracked 
|  70|0x0000000084600000, 0x0000000084700000, 0x0000000084700000|100%| O|  |TAMS 0x0000000084700000, 0x0000000084700000| Untracked 
|  71|0x0000000084700000, 0x0000000084800000, 0x0000000084800000|100%| O|  |TAMS 0x0000000084800000, 0x0000000084800000| Untracked 
|  72|0x0000000084800000, 0x0000000084900000, 0x0000000084900000|100%| O|  |TAMS 0x0000000084900000, 0x0000000084900000| Untracked 
|  73|0x0000000084900000, 0x0000000084a00000, 0x0000000084a00000|100%| O|  |TAMS 0x0000000084a00000, 0x0000000084a00000| Untracked 
|  74|0x0000000084a00000, 0x0000000084b00000, 0x0000000084b00000|100%| O|  |TAMS 0x0000000084b00000, 0x0000000084b00000| Untracked 
|  75|0x0000000084b00000, 0x0000000084c00000, 0x0000000084c00000|100%| O|  |TAMS 0x0000000084c00000, 0x0000000084c00000| Untracked 
|  76|0x0000000084c00000, 0x0000000084d00000, 0x0000000084d00000|100%| O|  |TAMS 0x0000000084d00000, 0x0000000084d00000| Untracked 
|  77|0x0000000084d00000, 0x0000000084e00000, 0x0000000084e00000|100%| O|  |TAMS 0x0000000084e00000, 0x0000000084e00000| Untracked 
|  78|0x0000000084e00000, 0x0000000084f00000, 0x0000000084f00000|100%| O|  |TAMS 0x0000000084f00000, 0x0000000084f00000| Untracked 
|  79|0x0000000084f00000, 0x0000000084f00000, 0x0000000085000000|  0%| F|  |TAMS 0x0000000084f00000, 0x0000000084f00000| Untracked 
|  80|0x0000000085000000, 0x0000000085100000, 0x0000000085100000|100%| O|  |TAMS 0x0000000085100000, 0x0000000085100000| Untracked 
|  81|0x0000000085100000, 0x0000000085100000, 0x0000000085200000|  0%| F|  |TAMS 0x0000000085100000, 0x0000000085100000| Untracked 
|  82|0x0000000085200000, 0x0000000085300000, 0x0000000085300000|100%| O|  |TAMS 0x0000000085300000, 0x0000000085300000| Untracked 
|  83|0x0000000085300000, 0x0000000085400000, 0x0000000085400000|100%| O|  |TAMS 0x0000000085400000, 0x0000000085400000| Untracked 
|  84|0x0000000085400000, 0x0000000085400000, 0x0000000085500000|  0%| F|  |TAMS 0x0000000085400000, 0x0000000085400000| Untracked 
|  85|0x0000000085500000, 0x0000000085500000, 0x0000000085600000|  0%| F|  |TAMS 0x0000000085500000, 0x0000000085500000| Untracked 
|  86|0x0000000085600000, 0x0000000085600000, 0x0000000085700000|  0%| F|  |TAMS 0x0000000085600000, 0x0000000085600000| Untracked 
|  87|0x0000000085700000, 0x0000000085700000, 0x0000000085800000|  0%| F|  |TAMS 0x0000000085700000, 0x0000000085700000| Untracked 
|  88|0x0000000085800000, 0x0000000085900000, 0x0000000085900000|100%| O|  |TAMS 0x0000000085800000, 0x0000000085900000| Untracked 
|  89|0x0000000085900000, 0x0000000085a00000, 0x0000000085a00000|100%| O|  |TAMS 0x0000000085a00000, 0x0000000085a00000| Untracked 
|  90|0x0000000085a00000, 0x0000000085b00000, 0x0000000085b00000|100%|HS|  |TAMS 0x0000000085b00000, 0x0000000085b00000| Complete 
|  91|0x0000000085b00000, 0x0000000085c00000, 0x0000000085c00000|100%|HC|  |TAMS 0x0000000085c00000, 0x0000000085c00000| Complete 
|  92|0x0000000085c00000, 0x0000000085d00000, 0x0000000085d00000|100%| O|  |TAMS 0x0000000085d00000, 0x0000000085d00000| Untracked 
|  93|0x0000000085d00000, 0x0000000085e00000, 0x0000000085e00000|100%| O|  |TAMS 0x0000000085e00000, 0x0000000085e00000| Untracked 
|  94|0x0000000085e00000, 0x0000000085f00000, 0x0000000085f00000|100%| O|  |TAMS 0x0000000085f00000, 0x0000000085f00000| Untracked 
|  95|0x0000000085f00000, 0x0000000086000000, 0x0000000086000000|100%| O|  |TAMS 0x0000000086000000, 0x0000000086000000| Untracked 
|  96|0x0000000086000000, 0x0000000086100000, 0x0000000086100000|100%| O|  |TAMS 0x0000000086100000, 0x0000000086100000| Untracked 
|  97|0x0000000086100000, 0x0000000086200000, 0x0000000086200000|100%| O|  |TAMS 0x0000000086200000, 0x0000000086200000| Untracked 
|  98|0x0000000086200000, 0x0000000086300000, 0x0000000086300000|100%| O|  |TAMS 0x0000000086300000, 0x0000000086300000| Untracked 
|  99|0x0000000086300000, 0x0000000086400000, 0x0000000086400000|100%| O|  |TAMS 0x0000000086400000, 0x0000000086400000| Untracked 
| 100|0x0000000086400000, 0x0000000086500000, 0x0000000086500000|100%| O|  |TAMS 0x0000000086500000, 0x0000000086500000| Untracked 
| 101|0x0000000086500000, 0x0000000086600000, 0x0000000086600000|100%| O|  |TAMS 0x0000000086600000, 0x0000000086600000| Untracked 
| 102|0x0000000086600000, 0x0000000086700000, 0x0000000086700000|100%| O|  |TAMS 0x0000000086700000, 0x0000000086700000| Untracked 
| 103|0x0000000086700000, 0x0000000086800000, 0x0000000086800000|100%| O|  |TAMS 0x0000000086800000, 0x0000000086800000| Untracked 
| 104|0x0000000086800000, 0x0000000086900000, 0x0000000086900000|100%| O|  |TAMS 0x0000000086900000, 0x0000000086900000| Untracked 
| 105|0x0000000086900000, 0x0000000086a00000, 0x0000000086a00000|100%| O|  |TAMS 0x0000000086a00000, 0x0000000086a00000| Untracked 
| 106|0x0000000086a00000, 0x0000000086b00000, 0x0000000086b00000|100%| O|  |TAMS 0x0000000086b00000, 0x0000000086b00000| Untracked 
| 107|0x0000000086b00000, 0x0000000086c00000, 0x0000000086c00000|100%| O|  |TAMS 0x0000000086ba7c00, 0x0000000086c00000| Untracked 
| 108|0x0000000086c00000, 0x0000000086d00000, 0x0000000086d00000|100%| O|  |TAMS 0x0000000086c00000, 0x0000000086d00000| Untracked 
| 109|0x0000000086d00000, 0x0000000086e00000, 0x0000000086e00000|100%| O|  |TAMS 0x0000000086e00000, 0x0000000086e00000| Untracked 
| 110|0x0000000086e00000, 0x0000000086f00000, 0x0000000086f00000|100%| O|  |TAMS 0x0000000086e00000, 0x0000000086f00000| Untracked 
| 111|0x0000000086f00000, 0x0000000087000000, 0x0000000087000000|100%| O|  |TAMS 0x0000000086f00000, 0x0000000087000000| Untracked 
| 112|0x0000000087000000, 0x0000000087000000, 0x0000000087100000|  0%| F|  |TAMS 0x0000000087000000, 0x0000000087000000| Untracked 
| 113|0x0000000087100000, 0x0000000087200000, 0x0000000087200000|100%| O|  |TAMS 0x0000000087200000, 0x0000000087200000| Untracked 
| 114|0x0000000087200000, 0x0000000087200000, 0x0000000087300000|  0%| F|  |TAMS 0x0000000087200000, 0x0000000087200000| Untracked 
| 115|0x0000000087300000, 0x0000000087400000, 0x0000000087400000|100%| O|  |TAMS 0x0000000087400000, 0x0000000087400000| Untracked 
| 116|0x0000000087400000, 0x0000000087500000, 0x0000000087500000|100%| O|  |TAMS 0x0000000087500000, 0x0000000087500000| Untracked 
| 117|0x0000000087500000, 0x0000000087500000, 0x0000000087600000|  0%| F|  |TAMS 0x0000000087500000, 0x0000000087500000| Untracked 
| 118|0x0000000087600000, 0x0000000087700000, 0x0000000087700000|100%| O|  |TAMS 0x0000000087700000, 0x0000000087700000| Untracked 
| 119|0x0000000087700000, 0x0000000087800000, 0x0000000087800000|100%| O|  |TAMS 0x0000000087700000, 0x0000000087800000| Untracked 
| 120|0x0000000087800000, 0x0000000087800000, 0x0000000087900000|  0%| F|  |TAMS 0x0000000087800000, 0x0000000087800000| Untracked 
| 121|0x0000000087900000, 0x0000000087a00000, 0x0000000087a00000|100%| O|  |TAMS 0x0000000087900000, 0x0000000087a00000| Untracked 
| 122|0x0000000087a00000, 0x0000000087b00000, 0x0000000087b00000|100%| O|  |TAMS 0x0000000087a00000, 0x0000000087b00000| Untracked 
| 123|0x0000000087b00000, 0x0000000087c00000, 0x0000000087c00000|100%| O|  |TAMS 0x0000000087b00000, 0x0000000087c00000| Untracked 
| 124|0x0000000087c00000, 0x0000000087d00000, 0x0000000087d00000|100%| O|  |TAMS 0x0000000087c00000, 0x0000000087d00000| Untracked 
| 125|0x0000000087d00000, 0x0000000087e00000, 0x0000000087e00000|100%| O|  |TAMS 0x0000000087d00000, 0x0000000087e00000| Untracked 
| 126|0x0000000087e00000, 0x0000000087f00000, 0x0000000087f00000|100%| O|  |TAMS 0x0000000087e00000, 0x0000000087f00000| Untracked 
| 127|0x0000000087f00000, 0x0000000088000000, 0x0000000088000000|100%| O|  |TAMS 0x0000000087f00000, 0x0000000088000000| Untracked 
| 128|0x0000000088000000, 0x0000000088100000, 0x0000000088100000|100%| O|  |TAMS 0x0000000088000000, 0x0000000088100000| Untracked 
| 129|0x0000000088100000, 0x0000000088200000, 0x0000000088200000|100%| O|  |TAMS 0x0000000088100000, 0x0000000088200000| Untracked 
| 130|0x0000000088200000, 0x0000000088200000, 0x0000000088300000|  0%| F|  |TAMS 0x0000000088200000, 0x0000000088200000| Untracked 
| 131|0x0000000088300000, 0x0000000088400000, 0x0000000088400000|100%| O|  |TAMS 0x0000000088400000, 0x0000000088400000| Untracked 
| 132|0x0000000088400000, 0x0000000088500000, 0x0000000088500000|100%| O|  |TAMS 0x0000000088500000, 0x0000000088500000| Untracked 
| 133|0x0000000088500000, 0x0000000088600000, 0x0000000088600000|100%| O|  |TAMS 0x0000000088600000, 0x0000000088600000| Untracked 
| 134|0x0000000088600000, 0x0000000088700000, 0x0000000088700000|100%| O|  |TAMS 0x0000000088700000, 0x0000000088700000| Untracked 
| 135|0x0000000088700000, 0x0000000088800000, 0x0000000088800000|100%| O|  |TAMS 0x0000000088800000, 0x0000000088800000| Untracked 
| 136|0x0000000088800000, 0x0000000088900000, 0x0000000088900000|100%| O|  |TAMS 0x0000000088800000, 0x0000000088900000| Untracked 
| 137|0x0000000088900000, 0x0000000088a00000, 0x0000000088a00000|100%| O|  |TAMS 0x0000000088900000, 0x0000000088a00000| Untracked 
| 138|0x0000000088a00000, 0x0000000088b00000, 0x0000000088b00000|100%|HS|  |TAMS 0x0000000088a00000, 0x0000000088b00000| Complete 
| 139|0x0000000088b00000, 0x0000000088c00000, 0x0000000088c00000|100%|HC|  |TAMS 0x0000000088b00000, 0x0000000088c00000| Complete 
| 140|0x0000000088c00000, 0x0000000088d00000, 0x0000000088d00000|100%| O|  |TAMS 0x0000000088c00000, 0x0000000088d00000| Untracked 
| 141|0x0000000088d00000, 0x0000000088e00000, 0x0000000088e00000|100%| O|  |TAMS 0x0000000088d00000, 0x0000000088e00000| Untracked 
| 142|0x0000000088e00000, 0x0000000088e00000, 0x0000000088f00000|  0%| F|  |TAMS 0x0000000088e00000, 0x0000000088e00000| Untracked 
| 143|0x0000000088f00000, 0x0000000088f00000, 0x0000000089000000|  0%| F|  |TAMS 0x0000000088f00000, 0x0000000088f00000| Untracked 
| 144|0x0000000089000000, 0x0000000089000000, 0x0000000089100000|  0%| F|  |TAMS 0x0000000089000000, 0x0000000089000000| Untracked 
| 145|0x0000000089100000, 0x0000000089200000, 0x0000000089200000|100%| O|  |TAMS 0x0000000089100000, 0x0000000089200000| Untracked 
| 146|0x0000000089200000, 0x0000000089300000, 0x0000000089300000|100%| O|  |TAMS 0x0000000089200000, 0x0000000089300000| Untracked 
| 147|0x0000000089300000, 0x0000000089400000, 0x0000000089400000|100%| O|  |TAMS 0x0000000089300000, 0x0000000089400000| Untracked 
| 148|0x0000000089400000, 0x0000000089496600, 0x0000000089500000| 58%| O|  |TAMS 0x0000000089400000, 0x0000000089496600| Untracked 
| 149|0x0000000089500000, 0x0000000089500000, 0x0000000089600000|  0%| F|  |TAMS 0x0000000089500000, 0x0000000089500000| Untracked 
| 150|0x0000000089600000, 0x0000000089600000, 0x0000000089700000|  0%| F|  |TAMS 0x0000000089600000, 0x0000000089600000| Untracked 
| 151|0x0000000089700000, 0x0000000089800000, 0x0000000089800000|100%| O|  |TAMS 0x0000000089800000, 0x0000000089800000| Untracked 
| 152|0x0000000089800000, 0x0000000089900000, 0x0000000089900000|100%| O|  |TAMS 0x0000000089900000, 0x0000000089900000| Untracked 
| 153|0x0000000089900000, 0x0000000089a00000, 0x0000000089a00000|100%| O|  |TAMS 0x0000000089a00000, 0x0000000089a00000| Untracked 
| 154|0x0000000089a00000, 0x0000000089b00000, 0x0000000089b00000|100%| O|  |TAMS 0x0000000089b00000, 0x0000000089b00000| Untracked 
| 155|0x0000000089b00000, 0x0000000089c00000, 0x0000000089c00000|100%| O|  |TAMS 0x0000000089c00000, 0x0000000089c00000| Untracked 
| 156|0x0000000089c00000, 0x0000000089c00000, 0x0000000089d00000|  0%| F|  |TAMS 0x0000000089c00000, 0x0000000089c00000| Untracked 
| 157|0x0000000089d00000, 0x0000000089d00000, 0x0000000089e00000|  0%| F|  |TAMS 0x0000000089d00000, 0x0000000089d00000| Untracked 
| 158|0x0000000089e00000, 0x0000000089e00000, 0x0000000089f00000|  0%| F|  |TAMS 0x0000000089e00000, 0x0000000089e00000| Untracked 
| 159|0x0000000089f00000, 0x0000000089f00000, 0x000000008a000000|  0%| F|  |TAMS 0x0000000089f00000, 0x0000000089f00000| Untracked 
| 160|0x000000008a000000, 0x000000008a000000, 0x000000008a100000|  0%| F|  |TAMS 0x000000008a000000, 0x000000008a000000| Untracked 
| 161|0x000000008a100000, 0x000000008a100000, 0x000000008a200000|  0%| F|  |TAMS 0x000000008a100000, 0x000000008a100000| Untracked 
| 162|0x000000008a200000, 0x000000008a200000, 0x000000008a300000|  0%| F|  |TAMS 0x000000008a200000, 0x000000008a200000| Untracked 
| 163|0x000000008a300000, 0x000000008a300000, 0x000000008a400000|  0%| F|  |TAMS 0x000000008a300000, 0x000000008a300000| Untracked 
| 164|0x000000008a400000, 0x000000008a400000, 0x000000008a500000|  0%| F|  |TAMS 0x000000008a400000, 0x000000008a400000| Untracked 
| 165|0x000000008a500000, 0x000000008a500000, 0x000000008a600000|  0%| F|  |TAMS 0x000000008a500000, 0x000000008a500000| Untracked 
| 166|0x000000008a600000, 0x000000008a600000, 0x000000008a700000|  0%| F|  |TAMS 0x000000008a600000, 0x000000008a600000| Untracked 
| 167|0x000000008a700000, 0x000000008a700000, 0x000000008a800000|  0%| F|  |TAMS 0x000000008a700000, 0x000000008a700000| Untracked 
| 168|0x000000008a800000, 0x000000008a800000, 0x000000008a900000|  0%| F|  |TAMS 0x000000008a800000, 0x000000008a800000| Untracked 
| 169|0x000000008a900000, 0x000000008a900000, 0x000000008aa00000|  0%| F|  |TAMS 0x000000008a900000, 0x000000008a900000| Untracked 
| 170|0x000000008aa00000, 0x000000008aa00000, 0x000000008ab00000|  0%| F|  |TAMS 0x000000008aa00000, 0x000000008aa00000| Untracked 
| 171|0x000000008ab00000, 0x000000008ab00000, 0x000000008ac00000|  0%| F|  |TAMS 0x000000008ab00000, 0x000000008ab00000| Untracked 
| 172|0x000000008ac00000, 0x000000008ac00000, 0x000000008ad00000|  0%| F|  |TAMS 0x000000008ac00000, 0x000000008ac00000| Untracked 
| 173|0x000000008ad00000, 0x000000008ad00000, 0x000000008ae00000|  0%| F|  |TAMS 0x000000008ad00000, 0x000000008ad00000| Untracked 
| 174|0x000000008ae00000, 0x000000008ae00000, 0x000000008af00000|  0%| F|  |TAMS 0x000000008ae00000, 0x000000008ae00000| Untracked 
| 175|0x000000008af00000, 0x000000008af00000, 0x000000008b000000|  0%| F|  |TAMS 0x000000008af00000, 0x000000008af00000| Untracked 
| 176|0x000000008b000000, 0x000000008b000000, 0x000000008b100000|  0%| F|  |TAMS 0x000000008b000000, 0x000000008b000000| Untracked 
| 177|0x000000008b100000, 0x000000008b100000, 0x000000008b200000|  0%| F|  |TAMS 0x000000008b100000, 0x000000008b100000| Untracked 
| 178|0x000000008b200000, 0x000000008b200000, 0x000000008b300000|  0%| F|  |TAMS 0x000000008b200000, 0x000000008b200000| Untracked 
| 179|0x000000008b300000, 0x000000008b300000, 0x000000008b400000|  0%| F|  |TAMS 0x000000008b300000, 0x000000008b300000| Untracked 
| 180|0x000000008b400000, 0x000000008b400000, 0x000000008b500000|  0%| F|  |TAMS 0x000000008b400000, 0x000000008b400000| Untracked 
| 181|0x000000008b500000, 0x000000008b500000, 0x000000008b600000|  0%| F|  |TAMS 0x000000008b500000, 0x000000008b500000| Untracked 
| 182|0x000000008b600000, 0x000000008b600000, 0x000000008b700000|  0%| F|  |TAMS 0x000000008b600000, 0x000000008b600000| Untracked 
| 183|0x000000008b700000, 0x000000008b700000, 0x000000008b800000|  0%| F|  |TAMS 0x000000008b700000, 0x000000008b700000| Untracked 
| 184|0x000000008b800000, 0x000000008b800000, 0x000000008b900000|  0%| F|  |TAMS 0x000000008b800000, 0x000000008b800000| Untracked 
| 185|0x000000008b900000, 0x000000008b900000, 0x000000008ba00000|  0%| F|  |TAMS 0x000000008b900000, 0x000000008b900000| Untracked 
| 186|0x000000008ba00000, 0x000000008ba00000, 0x000000008bb00000|  0%| F|  |TAMS 0x000000008ba00000, 0x000000008ba00000| Untracked 
| 187|0x000000008bb00000, 0x000000008bb00000, 0x000000008bc00000|  0%| F|  |TAMS 0x000000008bb00000, 0x000000008bb00000| Untracked 
| 188|0x000000008bc00000, 0x000000008bc00000, 0x000000008bd00000|  0%| F|  |TAMS 0x000000008bc00000, 0x000000008bc00000| Untracked 
| 189|0x000000008bd00000, 0x000000008bd00000, 0x000000008be00000|  0%| F|  |TAMS 0x000000008bd00000, 0x000000008bd00000| Untracked 
| 190|0x000000008be00000, 0x000000008be00000, 0x000000008bf00000|  0%| F|  |TAMS 0x000000008be00000, 0x000000008be00000| Untracked 
| 191|0x000000008bf00000, 0x000000008bf00000, 0x000000008c000000|  0%| F|  |TAMS 0x000000008bf00000, 0x000000008bf00000| Untracked 
| 192|0x000000008c000000, 0x000000008c000000, 0x000000008c100000|  0%| F|  |TAMS 0x000000008c000000, 0x000000008c000000| Untracked 
| 193|0x000000008c100000, 0x000000008c100000, 0x000000008c200000|  0%| F|  |TAMS 0x000000008c100000, 0x000000008c100000| Untracked 
| 194|0x000000008c200000, 0x000000008c200000, 0x000000008c300000|  0%| F|  |TAMS 0x000000008c200000, 0x000000008c200000| Untracked 
| 195|0x000000008c300000, 0x000000008c300000, 0x000000008c400000|  0%| F|  |TAMS 0x000000008c300000, 0x000000008c300000| Untracked 
| 196|0x000000008c400000, 0x000000008c400000, 0x000000008c500000|  0%| F|  |TAMS 0x000000008c400000, 0x000000008c400000| Untracked 
| 197|0x000000008c500000, 0x000000008c500000, 0x000000008c600000|  0%| F|  |TAMS 0x000000008c500000, 0x000000008c500000| Untracked 
| 198|0x000000008c600000, 0x000000008c600000, 0x000000008c700000|  0%| F|  |TAMS 0x000000008c600000, 0x000000008c600000| Untracked 
| 199|0x000000008c700000, 0x000000008c700000, 0x000000008c800000|  0%| F|  |TAMS 0x000000008c700000, 0x000000008c700000| Untracked 
| 200|0x000000008c800000, 0x000000008c800000, 0x000000008c900000|  0%| F|  |TAMS 0x000000008c800000, 0x000000008c800000| Untracked 
| 201|0x000000008c900000, 0x000000008c900000, 0x000000008ca00000|  0%| F|  |TAMS 0x000000008c900000, 0x000000008c900000| Untracked 
| 202|0x000000008ca00000, 0x000000008ca00000, 0x000000008cb00000|  0%| F|  |TAMS 0x000000008ca00000, 0x000000008ca00000| Untracked 
| 203|0x000000008cb00000, 0x000000008cb00000, 0x000000008cc00000|  0%| F|  |TAMS 0x000000008cb00000, 0x000000008cb00000| Untracked 
| 204|0x000000008cc00000, 0x000000008cc00000, 0x000000008cd00000|  0%| F|  |TAMS 0x000000008cc00000, 0x000000008cc00000| Untracked 
| 205|0x000000008cd00000, 0x000000008cd00000, 0x000000008ce00000|  0%| F|  |TAMS 0x000000008cd00000, 0x000000008cd00000| Untracked 
| 206|0x000000008ce00000, 0x000000008ce00000, 0x000000008cf00000|  0%| F|  |TAMS 0x000000008ce00000, 0x000000008ce00000| Untracked 
| 207|0x000000008cf00000, 0x000000008cf00000, 0x000000008d000000|  0%| F|  |TAMS 0x000000008cf00000, 0x000000008cf00000| Untracked 
| 208|0x000000008d000000, 0x000000008d000000, 0x000000008d100000|  0%| F|  |TAMS 0x000000008d000000, 0x000000008d000000| Untracked 
| 209|0x000000008d100000, 0x000000008d100000, 0x000000008d200000|  0%| F|  |TAMS 0x000000008d100000, 0x000000008d100000| Untracked 
| 210|0x000000008d200000, 0x000000008d200000, 0x000000008d300000|  0%| F|  |TAMS 0x000000008d200000, 0x000000008d200000| Untracked 
| 211|0x000000008d300000, 0x000000008d300000, 0x000000008d400000|  0%| F|  |TAMS 0x000000008d300000, 0x000000008d300000| Untracked 
| 212|0x000000008d400000, 0x000000008d400000, 0x000000008d500000|  0%| F|  |TAMS 0x000000008d400000, 0x000000008d400000| Untracked 
| 213|0x000000008d500000, 0x000000008d500000, 0x000000008d600000|  0%| F|  |TAMS 0x000000008d500000, 0x000000008d500000| Untracked 
| 214|0x000000008d600000, 0x000000008d600000, 0x000000008d700000|  0%| F|  |TAMS 0x000000008d600000, 0x000000008d600000| Untracked 
| 215|0x000000008d700000, 0x000000008d700000, 0x000000008d800000|  0%| F|  |TAMS 0x000000008d700000, 0x000000008d700000| Untracked 
| 216|0x000000008d800000, 0x000000008d800000, 0x000000008d900000|  0%| F|  |TAMS 0x000000008d800000, 0x000000008d800000| Untracked 
| 217|0x000000008d900000, 0x000000008d900000, 0x000000008da00000|  0%| F|  |TAMS 0x000000008d900000, 0x000000008d900000| Untracked 
| 218|0x000000008da00000, 0x000000008da00000, 0x000000008db00000|  0%| F|  |TAMS 0x000000008da00000, 0x000000008da00000| Untracked 
| 219|0x000000008db00000, 0x000000008db00000, 0x000000008dc00000|  0%| F|  |TAMS 0x000000008db00000, 0x000000008db00000| Untracked 
| 220|0x000000008dc00000, 0x000000008dc00000, 0x000000008dd00000|  0%| F|  |TAMS 0x000000008dc00000, 0x000000008dc00000| Untracked 
| 221|0x000000008dd00000, 0x000000008dd00000, 0x000000008de00000|  0%| F|  |TAMS 0x000000008dd00000, 0x000000008dd00000| Untracked 
| 222|0x000000008de00000, 0x000000008de00000, 0x000000008df00000|  0%| F|  |TAMS 0x000000008de00000, 0x000000008de00000| Untracked 
| 223|0x000000008df00000, 0x000000008df00000, 0x000000008e000000|  0%| F|  |TAMS 0x000000008df00000, 0x000000008df00000| Untracked 
| 224|0x000000008e000000, 0x000000008e000000, 0x000000008e100000|  0%| F|  |TAMS 0x000000008e000000, 0x000000008e000000| Untracked 
| 225|0x000000008e100000, 0x000000008e100000, 0x000000008e200000|  0%| F|  |TAMS 0x000000008e100000, 0x000000008e100000| Untracked 
| 226|0x000000008e200000, 0x000000008e200000, 0x000000008e300000|  0%| F|  |TAMS 0x000000008e200000, 0x000000008e200000| Untracked 
| 227|0x000000008e300000, 0x000000008e300000, 0x000000008e400000|  0%| F|  |TAMS 0x000000008e300000, 0x000000008e300000| Untracked 
| 228|0x000000008e400000, 0x000000008e400000, 0x000000008e500000|  0%| F|  |TAMS 0x000000008e400000, 0x000000008e400000| Untracked 
| 229|0x000000008e500000, 0x000000008e500000, 0x000000008e600000|  0%| F|  |TAMS 0x000000008e500000, 0x000000008e500000| Untracked 
| 230|0x000000008e600000, 0x000000008e600000, 0x000000008e700000|  0%| F|  |TAMS 0x000000008e600000, 0x000000008e600000| Untracked 
| 231|0x000000008e700000, 0x000000008e700000, 0x000000008e800000|  0%| F|  |TAMS 0x000000008e700000, 0x000000008e700000| Untracked 
| 232|0x000000008e800000, 0x000000008e800000, 0x000000008e900000|  0%| F|  |TAMS 0x000000008e800000, 0x000000008e800000| Untracked 
| 233|0x000000008e900000, 0x000000008e900000, 0x000000008ea00000|  0%| F|  |TAMS 0x000000008e900000, 0x000000008e900000| Untracked 
| 234|0x000000008ea00000, 0x000000008ea00000, 0x000000008eb00000|  0%| F|  |TAMS 0x000000008ea00000, 0x000000008ea00000| Untracked 
| 235|0x000000008eb00000, 0x000000008eb00000, 0x000000008ec00000|  0%| F|  |TAMS 0x000000008eb00000, 0x000000008eb00000| Untracked 
| 236|0x000000008ec00000, 0x000000008ec00000, 0x000000008ed00000|  0%| F|  |TAMS 0x000000008ec00000, 0x000000008ec00000| Untracked 
| 237|0x000000008ed00000, 0x000000008ed00000, 0x000000008ee00000|  0%| F|  |TAMS 0x000000008ed00000, 0x000000008ed00000| Untracked 
| 238|0x000000008ee00000, 0x000000008ee00000, 0x000000008ef00000|  0%| F|  |TAMS 0x000000008ee00000, 0x000000008ee00000| Untracked 
| 239|0x000000008ef00000, 0x000000008ef00000, 0x000000008f000000|  0%| F|  |TAMS 0x000000008ef00000, 0x000000008ef00000| Untracked 
| 240|0x000000008f000000, 0x000000008f000000, 0x000000008f100000|  0%| F|  |TAMS 0x000000008f000000, 0x000000008f000000| Untracked 
| 241|0x000000008f100000, 0x000000008f100000, 0x000000008f200000|  0%| F|  |TAMS 0x000000008f100000, 0x000000008f100000| Untracked 
| 242|0x000000008f200000, 0x000000008f200000, 0x000000008f300000|  0%| F|  |TAMS 0x000000008f200000, 0x000000008f200000| Untracked 
| 243|0x000000008f300000, 0x000000008f300000, 0x000000008f400000|  0%| F|  |TAMS 0x000000008f300000, 0x000000008f300000| Untracked 
| 244|0x000000008f400000, 0x000000008f400000, 0x000000008f500000|  0%| F|  |TAMS 0x000000008f400000, 0x000000008f400000| Untracked 
| 245|0x000000008f500000, 0x000000008f500000, 0x000000008f600000|  0%| F|  |TAMS 0x000000008f500000, 0x000000008f500000| Untracked 
| 246|0x000000008f600000, 0x000000008f600000, 0x000000008f700000|  0%| F|  |TAMS 0x000000008f600000, 0x000000008f600000| Untracked 
| 247|0x000000008f700000, 0x000000008f700000, 0x000000008f800000|  0%| F|  |TAMS 0x000000008f700000, 0x000000008f700000| Untracked 
| 248|0x000000008f800000, 0x000000008f800000, 0x000000008f900000|  0%| F|  |TAMS 0x000000008f800000, 0x000000008f800000| Untracked 
| 249|0x000000008f900000, 0x000000008f900000, 0x000000008fa00000|  0%| F|  |TAMS 0x000000008f900000, 0x000000008f900000| Untracked 
| 250|0x000000008fa00000, 0x000000008fa00000, 0x000000008fb00000|  0%| F|  |TAMS 0x000000008fa00000, 0x000000008fa00000| Untracked 
| 251|0x000000008fb00000, 0x000000008fb00000, 0x000000008fc00000|  0%| F|  |TAMS 0x000000008fb00000, 0x000000008fb00000| Untracked 
| 252|0x000000008fc00000, 0x000000008fc00000, 0x000000008fd00000|  0%| F|  |TAMS 0x000000008fc00000, 0x000000008fc00000| Untracked 
| 253|0x000000008fd00000, 0x000000008fd00000, 0x000000008fe00000|  0%| F|  |TAMS 0x000000008fd00000, 0x000000008fd00000| Untracked 
| 254|0x000000008fe00000, 0x000000008fe00000, 0x000000008ff00000|  0%| F|  |TAMS 0x000000008fe00000, 0x000000008fe00000| Untracked 
| 255|0x000000008ff00000, 0x000000008ff00000, 0x0000000090000000|  0%| F|  |TAMS 0x000000008ff00000, 0x000000008ff00000| Untracked 
| 256|0x0000000090000000, 0x0000000090000000, 0x0000000090100000|  0%| F|  |TAMS 0x0000000090000000, 0x0000000090000000| Untracked 
| 257|0x0000000090100000, 0x0000000090100000, 0x0000000090200000|  0%| F|  |TAMS 0x0000000090100000, 0x0000000090100000| Untracked 
| 258|0x0000000090200000, 0x0000000090200000, 0x0000000090300000|  0%| F|  |TAMS 0x0000000090200000, 0x0000000090200000| Untracked 
| 259|0x0000000090300000, 0x0000000090300000, 0x0000000090400000|  0%| F|  |TAMS 0x0000000090300000, 0x0000000090300000| Untracked 
| 260|0x0000000090400000, 0x0000000090400000, 0x0000000090500000|  0%| F|  |TAMS 0x0000000090400000, 0x0000000090400000| Untracked 
| 261|0x0000000090500000, 0x0000000090500000, 0x0000000090600000|  0%| F|  |TAMS 0x0000000090500000, 0x0000000090500000| Untracked 
| 262|0x0000000090600000, 0x0000000090600000, 0x0000000090700000|  0%| F|  |TAMS 0x0000000090600000, 0x0000000090600000| Untracked 
| 263|0x0000000090700000, 0x0000000090700000, 0x0000000090800000|  0%| F|  |TAMS 0x0000000090700000, 0x0000000090700000| Untracked 
| 264|0x0000000090800000, 0x0000000090800000, 0x0000000090900000|  0%| F|  |TAMS 0x0000000090800000, 0x0000000090800000| Untracked 
| 265|0x0000000090900000, 0x0000000090900000, 0x0000000090a00000|  0%| F|  |TAMS 0x0000000090900000, 0x0000000090900000| Untracked 
| 266|0x0000000090a00000, 0x0000000090a00000, 0x0000000090b00000|  0%| F|  |TAMS 0x0000000090a00000, 0x0000000090a00000| Untracked 
| 267|0x0000000090b00000, 0x0000000090b00000, 0x0000000090c00000|  0%| F|  |TAMS 0x0000000090b00000, 0x0000000090b00000| Untracked 
| 268|0x0000000090c00000, 0x0000000090c00000, 0x0000000090d00000|  0%| F|  |TAMS 0x0000000090c00000, 0x0000000090c00000| Untracked 
| 269|0x0000000090d00000, 0x0000000090d00000, 0x0000000090e00000|  0%| F|  |TAMS 0x0000000090d00000, 0x0000000090d00000| Untracked 
| 270|0x0000000090e00000, 0x0000000090e00000, 0x0000000090f00000|  0%| F|  |TAMS 0x0000000090e00000, 0x0000000090e00000| Untracked 
| 271|0x0000000090f00000, 0x0000000090f00000, 0x0000000091000000|  0%| F|  |TAMS 0x0000000090f00000, 0x0000000090f00000| Untracked 
| 272|0x0000000091000000, 0x0000000091000000, 0x0000000091100000|  0%| F|  |TAMS 0x0000000091000000, 0x0000000091000000| Untracked 
| 273|0x0000000091100000, 0x00000000911757e0, 0x0000000091200000| 45%| S|CS|TAMS 0x0000000091100000, 0x0000000091100000| Complete 
| 274|0x0000000091200000, 0x0000000091300000, 0x0000000091300000|100%| S|CS|TAMS 0x0000000091200000, 0x0000000091200000| Complete 
| 275|0x0000000091300000, 0x0000000091400000, 0x0000000091400000|100%| S|CS|TAMS 0x0000000091300000, 0x0000000091300000| Complete 
| 276|0x0000000091400000, 0x0000000091500000, 0x0000000091500000|100%| S|CS|TAMS 0x0000000091400000, 0x0000000091400000| Complete 
| 277|0x0000000091500000, 0x0000000091600000, 0x0000000091600000|100%| S|CS|TAMS 0x0000000091500000, 0x0000000091500000| Complete 
| 278|0x0000000091600000, 0x0000000091600000, 0x0000000091700000|  0%| F|  |TAMS 0x0000000091600000, 0x0000000091600000| Untracked 
| 279|0x0000000091700000, 0x0000000091700000, 0x0000000091800000|  0%| F|  |TAMS 0x0000000091700000, 0x0000000091700000| Untracked 
| 280|0x0000000091800000, 0x0000000091800000, 0x0000000091900000|  0%| F|  |TAMS 0x0000000091800000, 0x0000000091800000| Untracked 
| 281|0x0000000091900000, 0x0000000091900000, 0x0000000091a00000|  0%| F|  |TAMS 0x0000000091900000, 0x0000000091900000| Untracked 
| 282|0x0000000091a00000, 0x0000000091a00000, 0x0000000091b00000|  0%| F|  |TAMS 0x0000000091a00000, 0x0000000091a00000| Untracked 
| 283|0x0000000091b00000, 0x0000000091b00000, 0x0000000091c00000|  0%| F|  |TAMS 0x0000000091b00000, 0x0000000091b00000| Untracked 
| 284|0x0000000091c00000, 0x0000000091c00000, 0x0000000091d00000|  0%| F|  |TAMS 0x0000000091c00000, 0x0000000091c00000| Untracked 
| 285|0x0000000091d00000, 0x0000000091d00000, 0x0000000091e00000|  0%| F|  |TAMS 0x0000000091d00000, 0x0000000091d00000| Untracked 
| 286|0x0000000091e00000, 0x0000000091e00000, 0x0000000091f00000|  0%| F|  |TAMS 0x0000000091e00000, 0x0000000091e00000| Untracked 
| 287|0x0000000091f00000, 0x0000000091f00000, 0x0000000092000000|  0%| F|  |TAMS 0x0000000091f00000, 0x0000000091f00000| Untracked 
| 288|0x0000000092000000, 0x0000000092000000, 0x0000000092100000|  0%| F|  |TAMS 0x0000000092000000, 0x0000000092000000| Untracked 
| 289|0x0000000092100000, 0x0000000092100000, 0x0000000092200000|  0%| F|  |TAMS 0x0000000092100000, 0x0000000092100000| Untracked 
| 290|0x0000000092200000, 0x0000000092200000, 0x0000000092300000|  0%| F|  |TAMS 0x0000000092200000, 0x0000000092200000| Untracked 
| 291|0x0000000092300000, 0x0000000092300000, 0x0000000092400000|  0%| F|  |TAMS 0x0000000092300000, 0x0000000092300000| Untracked 
| 292|0x0000000092400000, 0x0000000092400000, 0x0000000092500000|  0%| F|  |TAMS 0x0000000092400000, 0x0000000092400000| Untracked 
| 293|0x0000000092500000, 0x0000000092500000, 0x0000000092600000|  0%| F|  |TAMS 0x0000000092500000, 0x0000000092500000| Untracked 
| 294|0x0000000092600000, 0x0000000092600000, 0x0000000092700000|  0%| F|  |TAMS 0x0000000092600000, 0x0000000092600000| Untracked 
| 295|0x0000000092700000, 0x0000000092700000, 0x0000000092800000|  0%| F|  |TAMS 0x0000000092700000, 0x0000000092700000| Untracked 
| 296|0x0000000092800000, 0x0000000092800000, 0x0000000092900000|  0%| F|  |TAMS 0x0000000092800000, 0x0000000092800000| Untracked 
| 297|0x0000000092900000, 0x0000000092900000, 0x0000000092a00000|  0%| F|  |TAMS 0x0000000092900000, 0x0000000092900000| Untracked 
| 298|0x0000000092a00000, 0x0000000092a00000, 0x0000000092b00000|  0%| F|  |TAMS 0x0000000092a00000, 0x0000000092a00000| Untracked 
| 299|0x0000000092b00000, 0x0000000092b00000, 0x0000000092c00000|  0%| F|  |TAMS 0x0000000092b00000, 0x0000000092b00000| Untracked 
| 300|0x0000000092c00000, 0x0000000092c00000, 0x0000000092d00000|  0%| F|  |TAMS 0x0000000092c00000, 0x0000000092c00000| Untracked 
| 301|0x0000000092d00000, 0x0000000092d00000, 0x0000000092e00000|  0%| F|  |TAMS 0x0000000092d00000, 0x0000000092d00000| Untracked 
| 302|0x0000000092e00000, 0x0000000092e00000, 0x0000000092f00000|  0%| F|  |TAMS 0x0000000092e00000, 0x0000000092e00000| Untracked 
| 303|0x0000000092f00000, 0x0000000092f00000, 0x0000000093000000|  0%| F|  |TAMS 0x0000000092f00000, 0x0000000092f00000| Untracked 
| 304|0x0000000093000000, 0x0000000093000000, 0x0000000093100000|  0%| F|  |TAMS 0x0000000093000000, 0x0000000093000000| Untracked 
| 305|0x0000000093100000, 0x0000000093100000, 0x0000000093200000|  0%| F|  |TAMS 0x0000000093100000, 0x0000000093100000| Untracked 
| 306|0x0000000093200000, 0x0000000093200000, 0x0000000093300000|  0%| F|  |TAMS 0x0000000093200000, 0x0000000093200000| Untracked 
| 307|0x0000000093300000, 0x0000000093300000, 0x0000000093400000|  0%| F|  |TAMS 0x0000000093300000, 0x0000000093300000| Untracked 
| 308|0x0000000093400000, 0x0000000093400000, 0x0000000093500000|  0%| F|  |TAMS 0x0000000093400000, 0x0000000093400000| Untracked 
| 309|0x0000000093500000, 0x0000000093500000, 0x0000000093600000|  0%| F|  |TAMS 0x0000000093500000, 0x0000000093500000| Untracked 
| 310|0x0000000093600000, 0x0000000093600000, 0x0000000093700000|  0%| F|  |TAMS 0x0000000093600000, 0x0000000093600000| Untracked 
| 311|0x0000000093700000, 0x0000000093700000, 0x0000000093800000|  0%| F|  |TAMS 0x0000000093700000, 0x0000000093700000| Untracked 

Card table byte_map: [0x0000013d7dc70000,0x0000013d7e070000] _byte_map_base: 0x0000013d7d870000

Marking Bits (Prev, Next): (CMBitMap*) 0x0000013d69621960, (CMBitMap*) 0x0000013d696219a0
 Prev Bits: [0x0000013d00000000, 0x0000013d02000000)
 Next Bits: [0x0000013d02000000, 0x0000013d04000000)

Polling page: 0x0000013d69420000

Metaspace:

Usage:
  Non-class:    117.42 MB used.
      Class:     17.89 MB used.
       Both:    135.32 MB used.

Virtual space:
  Non-class space:      120.00 MB reserved,     117.94 MB ( 98%) committed,  15 nodes.
      Class space:        1.00 GB reserved,      18.38 MB (  2%) committed,  1 nodes.
             Both:        1.12 GB reserved,     136.31 MB ( 12%) committed. 

Chunk freelists:
   Non-Class:  1.76 MB
       Class:  1.56 MB
        Both:  3.32 MB

MaxMetaspaceSize: unlimited
CompressedClassSpaceSize: 1.00 GB
Initial GC threshold: 21.00 MB
Current GC threshold: 225.94 MB
CDS: off
MetaspaceReclaimPolicy: balanced
 - commit_granule_bytes: 65536.
 - commit_granule_words: 8192.
 - virtual_space_node_default_size: 1048576.
 - enlarge_chunks_in_place: 1.
 - new_chunks_are_fully_committed: 0.
 - uncommit_free_chunks: 1.
 - use_allocation_guard: 0.
 - handle_deallocations: 1.


Internal statistics:

num_allocs_failed_limit: 9.
num_arena_births: 1712.
num_arena_deaths: 30.
num_vsnodes_births: 16.
num_vsnodes_deaths: 0.
num_space_committed: 2179.
num_space_uncommitted: 0.
num_chunks_returned_to_freelist: 48.
num_chunks_taken_from_freelist: 6998.
num_chunk_merges: 16.
num_chunk_splits: 4694.
num_chunks_enlarged: 3178.
num_purges: 4.
num_inconsistent_stats: 0.

CodeHeap 'non-profiled nmethods': size=120000Kb used=12821Kb max_used=12821Kb free=107178Kb
 bounds [0x0000013d75d20000, 0x0000013d769b0000, 0x0000013d7d250000]
CodeHeap 'profiled nmethods': size=120000Kb used=37190Kb max_used=37190Kb free=82810Kb
 bounds [0x0000013d6e250000, 0x0000013d706b0000, 0x0000013d75780000]
CodeHeap 'non-nmethods': size=5760Kb used=2458Kb max_used=2534Kb free=3301Kb
 bounds [0x0000013d75780000, 0x0000013d75a10000, 0x0000013d75d20000]
 total_blobs=19525 nmethods=18523 adapters=912
 compilation: enabled
              stopped_count=0, restarted_count=0
 full_count=0

Compilation events (20 events):
Event: 461.168 Thread 0x0000013d7f415fb0 22729       3       org.gradle.api.internal.file.DefaultFilePropertyFactory$AbstractFileVar::value (14 bytes)
Event: 461.169 Thread 0x0000013d7f415fb0 nmethod 22729 0x0000013d7069ab90 code [0x0000013d7069ad40, 0x0000013d7069afc8]
Event: 461.170 Thread 0x0000013d7f415fb0 22730       3       com.sun.org.apache.xerces.internal.parsers.XML11Configuration::checkFeature (292 bytes)
Event: 461.173 Thread 0x0000013d7f415fb0 nmethod 22730 0x0000013d7069b110 code [0x0000013d7069b780, 0x0000013d7069e948]
Event: 461.173 Thread 0x0000013d7f415fb0 22732       3       org.xml.sax.helpers.DefaultHandler::characters (1 bytes)
Event: 461.173 Thread 0x0000013d7f415fb0 nmethod 22732 0x0000013d7069f910 code [0x0000013d7069faa0, 0x0000013d7069fbb8]
Event: 461.173 Thread 0x0000013d7f415fb0 22733       3       sun.security.util.ObjectIdentifier::<init> (39 bytes)
Event: 461.173 Thread 0x0000013d7f415fb0 nmethod 22733 0x0000013d7069fc90 code [0x0000013d7069fe40, 0x0000013d706a00f8]
Event: 461.174 Thread 0x0000013d7f415fb0 22731       3       com.sun.org.apache.xerces.internal.xni.XMLString::toString (32 bytes)
Event: 461.174 Thread 0x0000013d7f415fb0 nmethod 22731 0x0000013d706a0210 code [0x0000013d706a03c0, 0x0000013d706a05e8]
Event: 461.215 Thread 0x0000013d7f414e20 nmethod 22672 0x0000013d7699dc90 code [0x0000013d7699e1c0, 0x0000013d769a1e50]
Event: 461.215 Thread 0x0000013d7f414e20 22678       4       java.util.IdentityHashMap$KeySet::toArray (139 bytes)
Event: 461.219 Thread 0x0000013d7f415fb0 22734       3       java.util.Map$Entry$$Lambda$525/0x0000000100560a50::compare (12 bytes)
Event: 461.219 Thread 0x0000013d7f415fb0 nmethod 22734 0x0000013d706a0690 code [0x0000013d706a0880, 0x0000013d706a0f48]
Event: 461.220 Thread 0x0000013d7f415fb0 22735       3       java.util.HexFormat::<init> (50 bytes)
Event: 461.220 Thread 0x0000013d7f415fb0 nmethod 22735 0x0000013d706a1110 code [0x0000013d706a1320, 0x0000013d706a1a28]
Event: 461.220 Thread 0x0000013d7f415fb0 22736       3       java.util.HexFormat::withUpperCase (23 bytes)
Event: 461.220 Thread 0x0000013d7f415fb0 nmethod 22736 0x0000013d706a1c90 code [0x0000013d706a1e40, 0x0000013d706a2008]
Event: 461.225 Thread 0x0000013d7f414e20 nmethod 22678 0x0000013d769a4910 code [0x0000013d769a4ac0, 0x0000013d769a5088]
Event: 461.225 Thread 0x0000013d7f414e20 22673       4       com.android.tools.r8.internal.B4::<init> (21 bytes)

GC Heap History (20 events):
Event: 313.306 GC heap after
{Heap after GC invocations=50 (full 0):
 garbage-first heap   total 319488K, used 140247K [0x0000000080000000, 0x0000000100000000)
  region size 1024K, 2 young (2048K), 2 survivors (2048K)
 Metaspace       used 136564K, committed 137472K, reserved 1171456K
  class space    used 18221K, committed 18624K, reserved 1048576K
}
Event: 314.008 GC heap before
{Heap before GC invocations=50 (full 0):
 garbage-first heap   total 319488K, used 157655K [0x0000000080000000, 0x0000000100000000)
  region size 1024K, 21 young (21504K), 2 survivors (2048K)
 Metaspace       used 136659K, committed 137472K, reserved 1171456K
  class space    used 18226K, committed 18624K, reserved 1048576K
}
Event: 314.018 GC heap after
{Heap after GC invocations=51 (full 0):
 garbage-first heap   total 319488K, used 141695K [0x0000000080000000, 0x0000000100000000)
  region size 1024K, 3 young (3072K), 3 survivors (3072K)
 Metaspace       used 136659K, committed 137472K, reserved 1171456K
  class space    used 18226K, committed 18624K, reserved 1048576K
}
Event: 316.010 GC heap before
{Heap before GC invocations=52 (full 0):
 garbage-first heap   total 319488K, used 208255K [0x0000000080000000, 0x0000000100000000)
  region size 1024K, 79 young (80896K), 3 survivors (3072K)
 Metaspace       used 136995K, committed 137792K, reserved 1171456K
  class space    used 18230K, committed 18624K, reserved 1048576K
}
Event: 316.024 GC heap after
{Heap after GC invocations=53 (full 0):
 garbage-first heap   total 319488K, used 136115K [0x0000000080000000, 0x0000000100000000)
  region size 1024K, 10 young (10240K), 10 survivors (10240K)
 Metaspace       used 136995K, committed 137792K, reserved 1171456K
  class space    used 18230K, committed 18624K, reserved 1048576K
}
Event: 316.065 GC heap before
{Heap before GC invocations=53 (full 0):
 garbage-first heap   total 319488K, used 140211K [0x0000000080000000, 0x0000000100000000)
  region size 1024K, 15 young (15360K), 10 survivors (10240K)
 Metaspace       used 137023K, committed 137856K, reserved 1171456K
  class space    used 18230K, committed 18624K, reserved 1048576K
}
Event: 316.102 GC heap after
{Heap after GC invocations=54 (full 0):
 garbage-first heap   total 319488K, used 122450K [0x0000000080000000, 0x0000000100000000)
  region size 1024K, 1 young (1024K), 1 survivors (1024K)
 Metaspace       used 137023K, committed 137856K, reserved 1171456K
  class space    used 18230K, committed 18624K, reserved 1048576K
}
Event: 316.418 GC heap before
{Heap before GC invocations=54 (full 0):
 garbage-first heap   total 319488K, used 142930K [0x0000000080000000, 0x0000000100000000)
  region size 1024K, 23 young (23552K), 1 survivors (1024K)
 Metaspace       used 137089K, committed 137920K, reserved 1171456K
  class space    used 18231K, committed 18624K, reserved 1048576K
}
Event: 316.422 GC heap after
{Heap after GC invocations=55 (full 0):
 garbage-first heap   total 319488K, used 123314K [0x0000000080000000, 0x0000000100000000)
  region size 1024K, 2 young (2048K), 2 survivors (2048K)
 Metaspace       used 137089K, committed 137920K, reserved 1171456K
  class space    used 18231K, committed 18624K, reserved 1048576K
}
Event: 371.750 GC heap before
{Heap before GC invocations=56 (full 0):
 garbage-first heap   total 319488K, used 242098K [0x0000000080000000, 0x0000000100000000)
  region size 1024K, 104 young (106496K), 2 survivors (2048K)
 Metaspace       used 137612K, committed 138496K, reserved 1171456K
  class space    used 18257K, committed 18688K, reserved 1048576K
}
Event: 371.763 GC heap after
{Heap after GC invocations=57 (full 0):
 garbage-first heap   total 319488K, used 128493K [0x0000000080000000, 0x0000000100000000)
  region size 1024K, 7 young (7168K), 7 survivors (7168K)
 Metaspace       used 137612K, committed 138496K, reserved 1171456K
  class space    used 18257K, committed 18688K, reserved 1048576K
}
Event: 371.968 GC heap before
{Heap before GC invocations=57 (full 0):
 garbage-first heap   total 319488K, used 137709K [0x0000000080000000, 0x0000000100000000)
  region size 1024K, 15 young (15360K), 7 survivors (7168K)
 Metaspace       used 137637K, committed 138496K, reserved 1171456K
  class space    used 18257K, committed 18688K, reserved 1048576K
}
Event: 371.988 GC heap after
{Heap after GC invocations=58 (full 0):
 garbage-first heap   total 319488K, used 132767K [0x0000000080000000, 0x0000000100000000)
  region size 1024K, 2 young (2048K), 2 survivors (2048K)
 Metaspace       used 137637K, committed 138496K, reserved 1171456K
  class space    used 18257K, committed 18688K, reserved 1048576K
}
Event: 372.888 GC heap before
{Heap before GC invocations=58 (full 0):
 garbage-first heap   total 319488K, used 183967K [0x0000000080000000, 0x0000000100000000)
  region size 1024K, 54 young (55296K), 2 survivors (2048K)
 Metaspace       used 137924K, committed 138816K, reserved 1171456K
  class space    used 18271K, committed 18688K, reserved 1048576K
}
Event: 372.899 GC heap after
{Heap after GC invocations=59 (full 0):
 garbage-first heap   total 319488K, used 138326K [0x0000000080000000, 0x0000000100000000)
  region size 1024K, 8 young (8192K), 8 survivors (8192K)
 Metaspace       used 137924K, committed 138816K, reserved 1171456K
  class space    used 18271K, committed 18688K, reserved 1048576K
}
Event: 460.542 GC heap before
{Heap before GC invocations=60 (full 0):
 garbage-first heap   total 319488K, used 247894K [0x0000000080000000, 0x0000000100000000)
  region size 1024K, 102 young (104448K), 8 survivors (8192K)
 Metaspace       used 138388K, committed 139392K, reserved 1171456K
  class space    used 18314K, committed 18752K, reserved 1048576K
}
Event: 460.585 GC heap after
{Heap after GC invocations=61 (full 0):
 garbage-first heap   total 319488K, used 153338K [0x0000000080000000, 0x0000000100000000)
  region size 1024K, 13 young (13312K), 13 survivors (13312K)
 Metaspace       used 138388K, committed 139392K, reserved 1171456K
  class space    used 18314K, committed 18752K, reserved 1048576K
}
Event: 460.607 GC heap before
{Heap before GC invocations=61 (full 0):
 garbage-first heap   total 319488K, used 155386K [0x0000000080000000, 0x0000000100000000)
  region size 1024K, 15 young (15360K), 13 survivors (13312K)
 Metaspace       used 138391K, committed 139392K, reserved 1171456K
  class space    used 18314K, committed 18752K, reserved 1048576K
}
Event: 460.633 GC heap after
{Heap after GC invocations=62 (full 0):
 garbage-first heap   total 319488K, used 142937K [0x0000000080000000, 0x0000000100000000)
  region size 1024K, 2 young (2048K), 2 survivors (2048K)
 Metaspace       used 138391K, committed 139392K, reserved 1171456K
  class space    used 18314K, committed 18752K, reserved 1048576K
}
Event: 461.229 GC heap before
{Heap before GC invocations=62 (full 0):
 garbage-first heap   total 319488K, used 173657K [0x0000000080000000, 0x0000000100000000)
  region size 1024K, 34 young (34816K), 2 survivors (2048K)
 Metaspace       used 138563K, committed 139584K, reserved 1171456K
  class space    used 18321K, committed 18816K, reserved 1048576K
}

Dll operation events (2 events):
Event: 0.013 Loaded shared library C:\Program Files\Android\Android Studio\jbr\bin\java.dll
Event: 0.580 Loaded shared library C:\Program Files\Android\Android Studio\jbr\bin\verify.dll

Deoptimization events (20 events):
Event: 461.038 Thread 0x0000013d0dad3410 Uncommon trap: trap_request=0xffffffde fr.pc=0x0000013d7620b860 relative=0x0000000000000060
Event: 461.038 Thread 0x0000013d0dad3410 Uncommon trap: reason=class_check action=maybe_recompile pc=0x0000013d7620b860 method=com.android.tools.r8.internal.S10.n()Lcom/android/tools/r8/internal/Ac; @ 28 c2
Event: 461.038 Thread 0x0000013d0dad3410 DEOPT PACKING pc=0x0000013d7620b860 sp=0x0000002ebdbfcdd0
Event: 461.038 Thread 0x0000013d0dad3410 DEOPT UNPACKING pc=0x0000013d757d69a3 sp=0x0000002ebdbfcd58 mode 2
Event: 461.039 Thread 0x0000013d0dad3410 Uncommon trap: trap_request=0xffffffc6 fr.pc=0x0000013d765afd84 relative=0x0000000000000064
Event: 461.039 Thread 0x0000013d0dad3410 Uncommon trap: reason=bimorphic_or_optimized_type_check action=maybe_recompile pc=0x0000013d765afd84 method=com.android.tools.r8.internal.ko.a(Lcom/android/tools/r8/graph/m;Lcom/android/tools/r8/graph/o5;Lcom/android/tools/r8/internal/jo;)Z @ 1 c2
Event: 461.039 Thread 0x0000013d0dad3410 DEOPT PACKING pc=0x0000013d765afd84 sp=0x0000002ebdbfcd60
Event: 461.039 Thread 0x0000013d0dad3410 DEOPT UNPACKING pc=0x0000013d757d69a3 sp=0x0000002ebdbfccd0 mode 2
Event: 461.039 Thread 0x0000013d0dad3410 Uncommon trap: trap_request=0xffffffc6 fr.pc=0x0000013d765afd84 relative=0x0000000000000064
Event: 461.039 Thread 0x0000013d0dad3410 Uncommon trap: reason=bimorphic_or_optimized_type_check action=maybe_recompile pc=0x0000013d765afd84 method=com.android.tools.r8.internal.ko.a(Lcom/android/tools/r8/graph/m;Lcom/android/tools/r8/graph/o5;Lcom/android/tools/r8/internal/jo;)Z @ 1 c2
Event: 461.039 Thread 0x0000013d0dad3410 DEOPT PACKING pc=0x0000013d765afd84 sp=0x0000002ebdbfcd60
Event: 461.039 Thread 0x0000013d0dad3410 DEOPT UNPACKING pc=0x0000013d757d69a3 sp=0x0000002ebdbfccd0 mode 2
Event: 461.041 Thread 0x0000013d0dad3410 Uncommon trap: trap_request=0xffffffbe fr.pc=0x0000013d762c5364 relative=0x00000000000004a4
Event: 461.041 Thread 0x0000013d0dad3410 Uncommon trap: reason=profile_predicate action=maybe_recompile pc=0x0000013d762c5364 method=java.util.IdentityHashMap$KeySet.toArray([Ljava/lang/Object;)[Ljava/lang/Object; @ 54 c2
Event: 461.041 Thread 0x0000013d0dad3410 DEOPT PACKING pc=0x0000013d762c5364 sp=0x0000002ebdbfce00
Event: 461.041 Thread 0x0000013d0dad3410 DEOPT UNPACKING pc=0x0000013d757d69a3 sp=0x0000002ebdbfcda8 mode 2
Event: 461.189 Thread 0x0000013d0dad3410 Uncommon trap: trap_request=0xffffffde fr.pc=0x0000013d7674fecc relative=0x000000000000094c
Event: 461.189 Thread 0x0000013d0dad3410 Uncommon trap: reason=class_check action=maybe_recompile pc=0x0000013d7674fecc method=com.google.common.collect.ImmutableMap.copyOf(Ljava/lang/Iterable;)Lcom/google/common/collect/ImmutableMap; @ 50 c2
Event: 461.189 Thread 0x0000013d0dad3410 DEOPT PACKING pc=0x0000013d7674fecc sp=0x0000002ebdbfde50
Event: 461.189 Thread 0x0000013d0dad3410 DEOPT UNPACKING pc=0x0000013d757d69a3 sp=0x0000002ebdbfde18 mode 2

Classes unloaded (15 events):
Event: 45.120 Thread 0x0000013d7eab07b0 Unloading class 0x0000000100ca0800 'java/lang/invoke/LambdaForm$DMH+0x0000000100ca0800'
Event: 45.120 Thread 0x0000013d7eab07b0 Unloading class 0x0000000100ca0400 'java/lang/invoke/LambdaForm$DMH+0x0000000100ca0400'
Event: 45.120 Thread 0x0000013d7eab07b0 Unloading class 0x0000000100c99400 'java/lang/invoke/LambdaForm$DMH+0x0000000100c99400'
Event: 310.855 Thread 0x0000013d7eab07b0 Unloading class 0x0000000101158400 'java/lang/invoke/LambdaForm$DMH+0x0000000101158400'
Event: 310.855 Thread 0x0000013d7eab07b0 Unloading class 0x00000001010d0800 'java/lang/invoke/LambdaForm$DMH+0x00000001010d0800'
Event: 310.855 Thread 0x0000013d7eab07b0 Unloading class 0x00000001010d0400 'java/lang/invoke/LambdaForm$DMH+0x00000001010d0400'
Event: 310.855 Thread 0x0000013d7eab07b0 Unloading class 0x00000001010d0c00 'java/lang/invoke/LambdaForm$DMH+0x00000001010d0c00'
Event: 310.855 Thread 0x0000013d7eab07b0 Unloading class 0x00000001010ac800 'java/lang/invoke/LambdaForm$DMH+0x00000001010ac800'
Event: 310.855 Thread 0x0000013d7eab07b0 Unloading class 0x00000001010ac000 'java/lang/invoke/LambdaForm$DMH+0x00000001010ac000'
Event: 310.855 Thread 0x0000013d7eab07b0 Unloading class 0x0000000101025000 'java/lang/invoke/LambdaForm$DMH+0x0000000101025000'
Event: 310.855 Thread 0x0000013d7eab07b0 Unloading class 0x0000000101024c00 'java/lang/invoke/LambdaForm$DMH+0x0000000101024c00'
Event: 310.855 Thread 0x0000013d7eab07b0 Unloading class 0x0000000101024800 'java/lang/invoke/LambdaForm$DMH+0x0000000101024800'
Event: 310.855 Thread 0x0000013d7eab07b0 Unloading class 0x0000000100fe4c00 'java/lang/invoke/LambdaForm$DMH+0x0000000100fe4c00'
Event: 310.855 Thread 0x0000013d7eab07b0 Unloading class 0x0000000100fe4800 'java/lang/invoke/LambdaForm$DMH+0x0000000100fe4800'
Event: 310.855 Thread 0x0000013d7eab07b0 Unloading class 0x0000000100fe4000 'java/lang/invoke/LambdaForm$DMH+0x0000000100fe4000'

Classes redefined (0 events):
No events

Internal exceptions (20 events):
Event: 460.743 Thread 0x0000013d0e56c6a0 Exception <a 'sun/nio/fs/WindowsException'{0x0000000092c8d828}> (0x0000000092c8d828) 
thrown [s\src\hotspot\share\prims\jni.cpp, line 517]
Event: 460.746 Thread 0x0000013d0e56c6a0 Exception <a 'sun/nio/fs/WindowsException'{0x0000000092c97c10}> (0x0000000092c97c10) 
thrown [s\src\hotspot\share\prims\jni.cpp, line 517]
Event: 460.769 Thread 0x0000013d0e56c6a0 Exception <a 'sun/nio/fs/WindowsException'{0x0000000092aeb3d8}> (0x0000000092aeb3d8) 
thrown [s\src\hotspot\share\prims\jni.cpp, line 517]
Event: 460.773 Thread 0x0000013d0e56c6a0 Exception <a 'sun/nio/fs/WindowsException'{0x0000000092af4f28}> (0x0000000092af4f28) 
thrown [s\src\hotspot\share\prims\jni.cpp, line 517]
Event: 460.844 Thread 0x0000013d0e56c6a0 Exception <a 'sun/nio/fs/WindowsException'{0x000000009295d640}> (0x000000009295d640) 
thrown [s\src\hotspot\share\prims\jni.cpp, line 517]
Event: 460.845 Thread 0x0000013d0e56c6a0 Exception <a 'sun/nio/fs/WindowsException'{0x000000009295f488}> (0x000000009295f488) 
thrown [s\src\hotspot\share\prims\jni.cpp, line 517]
Event: 460.846 Thread 0x0000013d0e56c6a0 Exception <a 'sun/nio/fs/WindowsException'{0x0000000092961370}> (0x0000000092961370) 
thrown [s\src\hotspot\share\prims\jni.cpp, line 517]
Event: 460.847 Thread 0x0000013d0e56c6a0 Exception <a 'sun/nio/fs/WindowsException'{0x0000000092963258}> (0x0000000092963258) 
thrown [s\src\hotspot\share\prims\jni.cpp, line 517]
Event: 460.932 Thread 0x0000013d0e56a4f0 Exception <a 'sun/nio/fs/WindowsException'{0x0000000092600ad0}> (0x0000000092600ad0) 
thrown [s\src\hotspot\share\prims\jni.cpp, line 517]
Event: 460.953 Thread 0x0000013d0e56a4f0 Exception <a 'sun/nio/fs/WindowsException'{0x0000000092557218}> (0x0000000092557218) 
thrown [s\src\hotspot\share\prims\jni.cpp, line 517]
Event: 461.023 Thread 0x0000013d0e56ae90 Exception <a 'sun/nio/fs/WindowsException'{0x0000000092041a80}> (0x0000000092041a80) 
thrown [s\src\hotspot\share\prims\jni.cpp, line 517]
Event: 461.025 Thread 0x0000013d0dad3410 Exception <a 'sun/nio/fs/WindowsException'{0x000000009209cd78}> (0x000000009209cd78) 
thrown [s\src\hotspot\share\prims\jni.cpp, line 517]
Event: 461.042 Thread 0x0000013d0dad3410 Exception <a 'sun/nio/fs/WindowsException'{0x0000000091e18a80}> (0x0000000091e18a80) 
thrown [s\src\hotspot\share\prims\jni.cpp, line 517]
Event: 461.060 Thread 0x0000013d0e56ae90 Exception <a 'sun/nio/fs/WindowsException'{0x0000000091d46308}> (0x0000000091d46308) 
thrown [s\src\hotspot\share\prims\jni.cpp, line 517]
Event: 461.078 Thread 0x0000013d0e56d9e0 Exception <a 'sun/nio/fs/WindowsException'{0x0000000091c2f280}> (0x0000000091c2f280) 
thrown [s\src\hotspot\share\prims\jni.cpp, line 517]
Event: 461.102 Thread 0x0000013d0e56d9e0 Exception <a 'sun/nio/fs/WindowsException'{0x0000000091cf2b08}> (0x0000000091cf2b08) 
thrown [s\src\hotspot\share\prims\jni.cpp, line 517]
Event: 461.123 Thread 0x0000013d0dad38e0 Exception <a 'sun/nio/fs/WindowsException'{0x0000000091c23d50}> (0x0000000091c23d50) 
thrown [s\src\hotspot\share\prims\jni.cpp, line 517]
Event: 461.123 Thread 0x0000013d0dad38e0 Exception <a 'sun/nio/fs/WindowsException'{0x0000000091c24128}> (0x0000000091c24128) 
thrown [s\src\hotspot\share\prims\jni.cpp, line 517]
Event: 461.130 Thread 0x0000013d0dacff20 Exception <a 'sun/nio/fs/WindowsException'{0x0000000091b35ce0}> (0x0000000091b35ce0) 
thrown [s\src\hotspot\share\prims\jni.cpp, line 517]
Event: 461.140 Thread 0x0000013d0dacff20 Exception <a 'sun/nio/fs/WindowsException'{0x0000000091bf5508}> (0x0000000091bf5508) 
thrown [s\src\hotspot\share\prims\jni.cpp, line 517]

VM Operations (20 events):
Event: 386.428 Executing VM operation: Cleanup done
Event: 392.485 Executing VM operation: Cleanup
Event: 392.485 Executing VM operation: Cleanup done
Event: 443.907 Executing VM operation: Cleanup
Event: 443.907 Executing VM operation: Cleanup done
Event: 446.924 Executing VM operation: Cleanup
Event: 446.924 Executing VM operation: Cleanup done
Event: 453.977 Executing VM operation: Cleanup
Event: 453.977 Executing VM operation: Cleanup done
Event: 459.011 Executing VM operation: Cleanup
Event: 459.011 Executing VM operation: Cleanup done
Event: 459.951 Executing VM operation: HandshakeAllThreads
Event: 459.952 Executing VM operation: HandshakeAllThreads done
Event: 459.990 Executing VM operation: ICBufferFull
Event: 459.991 Executing VM operation: ICBufferFull done
Event: 460.542 Executing VM operation: G1CollectForAllocation
Event: 460.585 Executing VM operation: G1CollectForAllocation done
Event: 460.607 Executing VM operation: G1CollectForAllocation
Event: 460.633 Executing VM operation: G1CollectForAllocation done
Event: 461.229 Executing VM operation: G1TryInitiateConcMark

Events (20 events):
Event: 459.978 Thread 0x0000013d7f422130 flushing nmethod 0x0000013d6f478c90
Event: 459.978 Thread 0x0000013d7f422130 flushing nmethod 0x0000013d6f4da890
Event: 459.980 Thread 0x0000013d7f422130 flushing nmethod 0x0000013d6f6dbb90
Event: 459.981 Thread 0x0000013d7f422130 flushing nmethod 0x0000013d6f7d8310
Event: 459.982 Thread 0x0000013d7f422130 flushing nmethod 0x0000013d6f878990
Event: 459.983 Thread 0x0000013d7f422130 flushing nmethod 0x0000013d6f984610
Event: 459.983 Thread 0x0000013d7f422130 flushing nmethod 0x0000013d6f986890
Event: 459.985 Thread 0x0000013d7f422130 flushing nmethod 0x0000013d6fbf6190
Event: 459.987 Thread 0x0000013d7f422130 flushing nmethod 0x0000013d6fe0a610
Event: 459.988 Thread 0x0000013d7f422130 flushing nmethod 0x0000013d6ffca910
Event: 459.992 Thread 0x0000013d7f422130 flushing nmethod 0x0000013d702b5b90
Event: 460.027 Thread 0x0000013d0e56a9c0 Thread added: 0x0000013d0e56a9c0
Event: 460.028 Thread 0x0000013d0df06300 Thread added: 0x0000013d0df06300
Event: 460.028 Thread 0x0000013d0df06ca0 Thread added: 0x0000013d0df06ca0
Event: 460.028 Thread 0x0000013d0df07170 Thread added: 0x0000013d0df07170
Event: 461.009 Thread 0x0000013d0e56ae90 Thread added: 0x0000013d0e56ae90
Event: 461.010 Thread 0x0000013d0dad3410 Thread added: 0x0000013d0dad3410
Event: 461.011 Thread 0x0000013d0dacff20 Thread added: 0x0000013d0dacff20
Event: 461.019 Thread 0x0000013d0dad38e0 Thread added: 0x0000013d0dad38e0
Event: 461.020 Thread 0x0000013d07c6dfa0 Thread added: 0x0000013d07c6dfa0


Dynamic libraries:
0x00007ff720b20000 - 0x00007ff720b2a000 	C:\Program Files\Android\Android Studio\jbr\bin\java.exe
0x00007ff824550000 - 0x00007ff824748000 	C:\Windows\SYSTEM32\ntdll.dll
0x00007ffffd9c0000 - 0x00007ffffd9da000 	C:\Program Files\Avast Software\Avast\aswhook.dll
0x00007ff8226d0000 - 0x00007ff822792000 	C:\Windows\System32\KERNEL32.DLL
0x00007ff821fa0000 - 0x00007ff82229e000 	C:\Windows\System32\KERNELBASE.dll
0x00007ff821ea0000 - 0x00007ff821fa0000 	C:\Windows\System32\ucrtbase.dll
0x00007ff80d2d0000 - 0x00007ff80d2e7000 	C:\Program Files\Android\Android Studio\jbr\bin\jli.dll
0x00007ff8229c0000 - 0x00007ff822b5d000 	C:\Windows\System32\USER32.dll
0x00007ff821c90000 - 0x00007ff821cb2000 	C:\Windows\System32\win32u.dll
0x00007ff8196e0000 - 0x00007ff8196fb000 	C:\Program Files\Android\Android Studio\jbr\bin\VCRUNTIME140.dll
0x00007ff823ca0000 - 0x00007ff823ccb000 	C:\Windows\System32\GDI32.dll
0x00007ff8032d0000 - 0x00007ff80356a000 	C:\Windows\WinSxS\amd64_microsoft.windows.common-controls_6595b64144ccf1df_6.0.19041.4355_none_60b8b9eb71f62e16\COMCTL32.dll
0x00007ff822400000 - 0x00007ff822517000 	C:\Windows\System32\gdi32full.dll
0x00007ff823cd0000 - 0x00007ff823d6e000 	C:\Windows\System32\msvcrt.dll
0x00007ff821d50000 - 0x00007ff821ded000 	C:\Windows\System32\msvcp_win.dll
0x00007ff824000000 - 0x00007ff82402f000 	C:\Windows\System32\IMM32.DLL
0x00007ff81ab20000 - 0x00007ff81ab2c000 	C:\Program Files\Android\Android Studio\jbr\bin\vcruntime140_1.dll
0x00007ff804b20000 - 0x00007ff804bad000 	C:\Program Files\Android\Android Studio\jbr\bin\msvcp140.dll
0x00007fffd5450000 - 0x00007fffd60be000 	C:\Program Files\Android\Android Studio\jbr\bin\server\jvm.dll
0x00007ff822ec0000 - 0x00007ff822f71000 	C:\Windows\System32\ADVAPI32.dll
0x00007ff822570000 - 0x00007ff82260f000 	C:\Windows\System32\sechost.dll
0x00007ff823d70000 - 0x00007ff823e93000 	C:\Windows\System32\RPCRT4.dll
0x00007ff821bf0000 - 0x00007ff821c17000 	C:\Windows\System32\bcrypt.dll
0x00007ff813850000 - 0x00007ff813859000 	C:\Windows\SYSTEM32\WSOCK32.dll
0x00007ff817190000 - 0x00007ff8171b7000 	C:\Windows\SYSTEM32\WINMM.dll
0x00007ff824030000 - 0x00007ff82409b000 	C:\Windows\System32\WS2_32.dll
0x00007ff81b920000 - 0x00007ff81b92a000 	C:\Windows\SYSTEM32\VERSION.dll
0x00007ff81fa90000 - 0x00007ff81faa2000 	C:\Windows\SYSTEM32\kernel.appcore.dll
0x00007ff81eaf0000 - 0x00007ff81eafa000 	C:\Program Files\Android\Android Studio\jbr\bin\jimage.dll
0x00007ff81c000000 - 0x00007ff81c1e4000 	C:\Windows\SYSTEM32\DBGHELP.DLL
0x00007ff81ad90000 - 0x00007ff81adc4000 	C:\Windows\SYSTEM32\dbgcore.DLL
0x00007ff821cc0000 - 0x00007ff821d42000 	C:\Windows\System32\bcryptPrimitives.dll
0x00007ff817240000 - 0x00007ff817265000 	C:\Program Files\Android\Android Studio\jbr\bin\java.dll
0x00007ff81ead0000 - 0x00007ff81eae8000 	C:\Program Files\Android\Android Studio\jbr\bin\zip.dll
0x00007ff823530000 - 0x00007ff823c9d000 	C:\Windows\System32\SHELL32.dll
0x00007ff81fc90000 - 0x00007ff820434000 	C:\Windows\SYSTEM32\windows.storage.dll
0x00007ff822b60000 - 0x00007ff822eb3000 	C:\Windows\System32\combase.dll
0x00007ff821550000 - 0x00007ff82157e000 	C:\Windows\SYSTEM32\Wldp.dll
0x00007ff823460000 - 0x00007ff82352d000 	C:\Windows\System32\OLEAUT32.dll
0x00007ff823f50000 - 0x00007ff823ffd000 	C:\Windows\System32\SHCORE.dll
0x00007ff822610000 - 0x00007ff822665000 	C:\Windows\System32\shlwapi.dll
0x00007ff821b20000 - 0x00007ff821b44000 	C:\Windows\SYSTEM32\profapi.dll
0x00007ff818a30000 - 0x00007ff818a49000 	C:\Program Files\Android\Android Studio\jbr\bin\net.dll
0x00007ff81b9d0000 - 0x00007ff81badd000 	C:\Windows\SYSTEM32\WINHTTP.dll
0x00007ff8212b0000 - 0x00007ff82131a000 	C:\Windows\system32\mswsock.dll
0x00007ff814f40000 - 0x00007ff814f56000 	C:\Program Files\Android\Android Studio\jbr\bin\nio.dll
0x00007ff81aaa0000 - 0x00007ff81aab0000 	C:\Program Files\Android\Android Studio\jbr\bin\verify.dll
0x00007ff804340000 - 0x00007ff804367000 	C:\Users\user\.gradle\native\68d5fa5c4cc2d200863cafc0d521ce42e7d3e7ee720ec0a83991735586a16f82\windows-amd64\native-platform.dll
0x00007ff8049d0000 - 0x00007ff804b14000 	C:\Users\user\.gradle\native\e376f236ea51e6404a007f0833ffe2c6e607c4080706a723a18a27aeea778392\windows-amd64\native-platform-file-events.dll
0x00007ff81a9d0000 - 0x00007ff81a9d9000 	C:\Program Files\Android\Android Studio\jbr\bin\management.dll
0x00007ff819960000 - 0x00007ff81996b000 	C:\Program Files\Android\Android Studio\jbr\bin\management_ext.dll
0x00007ff8231d0000 - 0x00007ff8231d8000 	C:\Windows\System32\PSAPI.DLL
0x00007ff8214a0000 - 0x00007ff8214b8000 	C:\Windows\SYSTEM32\CRYPTSP.dll
0x00007ff820bd0000 - 0x00007ff820c04000 	C:\Windows\system32\rsaenh.dll
0x00007ff821aa0000 - 0x00007ff821ace000 	C:\Windows\SYSTEM32\USERENV.dll
0x00007ff8214c0000 - 0x00007ff8214cc000 	C:\Windows\SYSTEM32\CRYPTBASE.dll
0x00007ff820f90000 - 0x00007ff820fcb000 	C:\Windows\SYSTEM32\IPHLPAPI.DLL
0x00007ff8229b0000 - 0x00007ff8229b8000 	C:\Windows\System32\NSI.dll
0x00007ff81cc00000 - 0x00007ff81cc17000 	C:\Windows\SYSTEM32\dhcpcsvc6.DLL
0x00007ff81cb20000 - 0x00007ff81cb3d000 	C:\Windows\SYSTEM32\dhcpcsvc.DLL
0x00007ff820fd0000 - 0x00007ff82109a000 	C:\Windows\SYSTEM32\DNSAPI.dll
0x00007ff819600000 - 0x00007ff819607000 	C:\Windows\system32\wshunix.dll
0x00007ff820e20000 - 0x00007ff820e53000 	C:\Windows\SYSTEM32\ntmarta.dll

dbghelp: loaded successfully - version: 4.0.5 - missing functions: none
symbol engine: initialized successfully - sym options: 0x614 - pdb path: .;C:\Program Files\Android\Android Studio\jbr\bin;C:\Windows\SYSTEM32;C:\Program Files\Avast Software\Avast;C:\Windows\WinSxS\amd64_microsoft.windows.common-controls_6595b64144ccf1df_6.0.19041.4355_none_60b8b9eb71f62e16;C:\Program Files\Android\Android Studio\jbr\bin\server;C:\Users\user\.gradle\native\68d5fa5c4cc2d200863cafc0d521ce42e7d3e7ee720ec0a83991735586a16f82\windows-amd64;C:\Users\user\.gradle\native\e376f236ea51e6404a007f0833ffe2c6e607c4080706a723a18a27aeea778392\windows-amd64

VM Arguments:
jvm_args: --add-opens=java.base/java.util=ALL-UNNAMED --add-opens=java.base/java.lang=ALL-UNNAMED --add-opens=java.base/java.lang.invoke=ALL-UNNAMED --add-opens=java.prefs/java.util.prefs=ALL-UNNAMED --add-opens=java.base/java.nio.charset=ALL-UNNAMED --add-opens=java.base/java.net=ALL-UNNAMED --add-opens=java.base/java.util.concurrent.atomic=ALL-UNNAMED -Xmx2048m -Dfile.encoding=UTF-8 -Duser.country=US -Duser.language=en -Duser.variant 
java_command: org.gradle.launcher.daemon.bootstrap.GradleDaemon 8.0
java_class_path (initial): C:\Users\user\.gradle\wrapper\dists\gradle-8.0-bin\ca5e32bp14vu59qr306oxotwh\gradle-8.0\lib\gradle-launcher-8.0.jar
Launcher Type: SUN_STANDARD

[Global flags]
     intx CICompilerCount                          = 3                                         {product} {ergonomic}
     uint ConcGCThreads                            = 1                                         {product} {ergonomic}
     uint G1ConcRefinementThreads                  = 4                                         {product} {ergonomic}
   size_t G1HeapRegionSize                         = 1048576                                   {product} {ergonomic}
    uintx GCDrainStackTargetSize                   = 64                                        {product} {ergonomic}
   size_t InitialHeapSize                          = 100663296                                 {product} {ergonomic}
   size_t MarkStackSize                            = 4194304                                   {product} {ergonomic}
   size_t MaxHeapSize                              = 2147483648                                {product} {command line}
   size_t MaxNewSize                               = 1287651328                                {product} {ergonomic}
   size_t MinHeapDeltaBytes                        = 1048576                                   {product} {ergonomic}
   size_t MinHeapSize                              = 8388608                                   {product} {ergonomic}
    uintx NonNMethodCodeHeapSize                   = 5832780                                {pd product} {ergonomic}
    uintx NonProfiledCodeHeapSize                  = 122912730                              {pd product} {ergonomic}
    uintx ProfiledCodeHeapSize                     = 122912730                              {pd product} {ergonomic}
    uintx ReservedCodeCacheSize                    = 251658240                              {pd product} {ergonomic}
     bool SegmentedCodeCache                       = true                                      {product} {ergonomic}
   size_t SoftMaxHeapSize                          = 2147483648                             {manageable} {ergonomic}
     bool UseCompressedClassPointers               = true                           {product lp64_product} {ergonomic}
     bool UseCompressedOops                        = true                           {product lp64_product} {ergonomic}
     bool UseG1GC                                  = true                                      {product} {ergonomic}
     bool UseLargePagesIndividualAllocation        = false                                  {pd product} {ergonomic}

Logging:
Log output configuration:
 #0: stdout all=warning uptime,level,tags
 #1: stderr all=off uptime,level,tags

Environment Variables:
PATH=C:\Windows\system32;C:\Windows;C:\Windows\System32\Wbem;C:\Windows\System32\WindowsPowerShell\v1.0\;C:\Windows\System32\OpenSSH\;C:\Program Files\Microsoft SQL Server\150\Tools\Binn\;C:\Users\user\AppData\Local\Microsoft\WindowsApps;D:\Microsoft VS Code\bin
USERNAME=user
OS=Windows_NT
PROCESSOR_IDENTIFIER=AMD64 Family 23 Model 17 Stepping 0, AuthenticAMD
TMP=C:\Users\user\AppData\Local\Temp
TEMP=C:\Users\user\AppData\Local\Temp


JNI global refs:
JNI global refs: 26, weak refs: 6

JNI global refs memory usage: 843, weak refs: 841


---------------  S Y S T E M  ---------------

OS:
 Windows 10 , 64 bit Build 19041 (10.0.19041.5072)
OS uptime: 2 days 7:07 hours

CPU: total 4 (initial active 4) (4 cores per cpu, 2 threads per core) family 23 model 17 stepping 0 microcode 0x0, cx8, cmov, fxsr, ht, mmx, 3dnowpref, sse, sse2, sse3, ssse3, sse4a, sse4.1, sse4.2, popcnt, lzcnt, tsc, tscinvbit, avx, avx2, aes, clmul, bmi1, bmi2, adx, sha, fma, vzeroupper, clflush, clflushopt

Memory: 4k page, system-wide physical 6069M (437M free)
TotalPageFile size 10165M (AvailPageFile size 398M)
current process WorkingSet (physical memory assigned to process): 534M, peak: 594M
current process commit charge ("private bytes"): 683M, peak: 1307M

vm_info: OpenJDK 64-Bit Server VM (17.0.6+0-b2043.56-10027231) for windows-amd64 JRE (17.0.6+0-b2043.56-10027231), built on Apr 28 2023 00:43:19 by "androidbuild" with MS VC++ 16.10 / 16.11 (VS2019)

END.
